[2026-06-17T03:18:28.527Z] job started: type=scene, scene=1
[2026-06-17T03:18:28.533Z] spawn: D:\workspace\Python\App\make film\ai-film-tool\backend\venv\Scripts\python.exe D:\workspace\Python\App\make film\ai-film-tool\backend\python_workers\browser_automation.py --job D:\workspace\Python\App\make film\ai-film-tool\backend\tmp\jobs\-api-generate-flow-scene-stream-1-d11db2f5-d472-4cff-a496-a934f56a81f8.json
[2026-06-17T03:18:29.309Z] worker: [BOT] 🌐 Đang mở trang web Google Flow...
[2026-06-17T03:18:36.129Z] worker: Progress: opened https://labs.google/fx/vi/tools/flow
[2026-06-17T03:18:36.440Z] worker: [FlowWorker] screenshot: D:\workspace\Python\App\make film\ai-film-tool\backend\generated\_debug\1781666308761_scene_001\02_opened.png
[2026-06-17T03:18:36.993Z] worker: Progress: clicked entry button: Dự án mới
[2026-06-17T03:18:39.601Z] worker: [FlowWorker] screenshot: D:\workspace\Python\App\make film\ai-film-tool\backend\generated\_debug\1781666308761_scene_001\04_after_D_n_m_i.png
[2026-06-17T03:18:39.810Z] worker: Progress: new project control not found; continuing in current Flow workspace
[2026-06-17T03:18:41.323Z] worker: [BOT] 🎬 [1/2] Bắt đầu quá trình tạo Ảnh (Image Generation)...
[2026-06-17T03:18:41.325Z] worker: [BOT] ⚙️ Đang cấu hình cài đặt cho image...
[2026-06-17T03:19:13.060Z] worker: [FlowWorker] screenshot failed: Event loop is closed! Is Playwright already stopped?
[2026-06-17T03:19:13.062Z] result: {"status": "error", "message": "Locator.click: Timeout 30000ms exceeded.\nCall log:\n  - waiting for locator(\"button[aria-haspopup=\\\"menu\\\"]\").nth(4)\n    - locator resolved to <button type=\"button\" id=\"radix-:r32:\" data-state=\"closed\" aria-haspopup=\"menu\" aria-expanded=\"false\" class=\"sc-e8425ea6-0 hOBPaw sc-d3791a4f-0 sc-d3791a4f-4 sc-362690a9-1 ewGlDn famhRe fHpFkO\">…</button>\n  - attempting click action\n    2 × waiting for element to be visible, enabled and stable\n      - element is visible, enabled and stable\n      - scrolling into view if needed\n      - done scrolling\n      - <div class=\"sc-ffc41c6d-1 eTHrII\">…</div> from <div role=\"dialog\" tabindex=\"-1\" id=\"radix-:Ritm:\" data-state=\"open\" class=\"sc-1c85c79d-0 deKjzW\" aria-labelledby=\"radix-:RitmH1:\" aria-describedby=\"radix-:RitmH2:\">…</div> subtree intercepts pointer events\n    - retrying click action\n    - waiting 20ms\n    2 × waiting for element to be visible, enabled and stable\n      - element is visible, enabled and stable\n      - scrolling into view if needed\n      - done scrolling\n      - <div class=\"sc-ffc41c6d-1 eTHrII\">…</div> from <div role=\"dialog\" tabindex=\"-1\" id=\"radix-:Ritm:\" data-state=\"open\" class=\"sc-1c85c79d-0 deKjzW\" aria-labelledby=\"radix-:RitmH1:\" aria-describedby=\"radix-:RitmH2:\">…</div> subtree intercepts pointer events\n    - retrying click action\n      - waiting 100ms\n    57 × waiting for element to be visible, enabled and stable\n       - element is visible, enabled and stable\n       - scrolling into view if needed\n       - done scrolling\n       - <div class=\"sc-ffc41c6d-1 eTHrII\">…</div> from <div role=\"dialog\" tabindex=\"-1\" id=\"radix-:Ritm:\" data-state=\"open\" class=\"sc-1c85c79d-0 deKjzW\" aria-labelledby=\"radix-:RitmH1:\" aria-describedby=\"radix-:RitmH2:\">…</div> subtree intercepts pointer events\n     - retrying click action\n       - waiting 500ms\n. Debug: D:\\workspace\\Python\\App\\make film\\ai-film-tool\\backend\\generated\\_debug\\1781666308761_scene_001"}
[2026-06-17T03:19:13.095Z] failed: Locator.click: Timeout 30000ms exceeded.
Call log:
  - waiting for locator("button[aria-haspopup=\"menu\"]").nth(4)
    - locator resolved to <button type="button" id="radix-:r32:" data-state="closed" aria-haspopup="menu" aria-expanded="false" class="sc-e8425ea6-0 hOBPaw sc-d3791a4f-0 sc-d3791a4f-4 sc-362690a9-1 ewGlDn famhRe fHpFkO">…</button>
  - attempting click action
    2 × waiting for element to be visible, enabled and stable
      - element is visible, enabled and stable
      - scrolling into view if needed
      - done scrolling
      - <div class="sc-ffc41c6d-1 eTHrII">…</div> from <div role="dialog" tabindex="-1" id="radix-:Ritm:" data-state="open" class="sc-1c85c79d-0 deKjzW" aria-labelledby="radix-:RitmH1:" aria-describedby="radix-:RitmH2:">…</div> subtree intercepts pointer events
    - retrying click action
    - waiting 20ms
    2 × waiting for element to be visible, enabled and stable
      - element is visible, enabled and stable
      - scrolling into view if needed
      - done scrolling
      - <div class="sc-ffc41c6d-1 eTHrII">…</div> from <div role="dialog" tabindex="-1" id="radix-:Ritm:" data-state="open" class="sc-1c85c79d-0 deKjzW" aria-labelledby="radix-:RitmH1:" aria-describedby="radix-:RitmH2:">…</div> subtree intercepts pointer events
    - retrying click action
      - waiting 100ms
    57 × waiting for element to be visible, enabled and stable
       - element is visible, enabled and stable
       - scrolling into view if needed
       - done scrolling
       - <div class="sc-ffc41c6d-1 eTHrII">…</div> from <div role="dialog" tabindex="-1" id="radix-:Ritm:" data-state="open" class="sc-1c85c79d-0 deKjzW" aria-labelledby="radix-:RitmH1:" aria-describedby="radix-:RitmH2:">…</div> subtree intercepts pointer events
     - retrying click action
       - waiting 500ms
. Debug: D:\workspace\Python\App\make film\ai-film-tool\backend\generated\_debug\1781666308761_scene_001
[2026-06-17T03:19:13.096Z] spawn: python D:\workspace\Python\App\make film\ai-film-tool\backend\python_workers\browser_automation.py --job D:\workspace\Python\App\make film\ai-film-tool\backend\tmp\jobs\-api-generate-flow-scene-stream-1-d11db2f5-d472-4cff-a496-a934f56a81f8.json
[2026-06-17T03:19:13.980Z] worker: [BOT] 🌐 Đang mở trang web Google Flow...
[2026-06-17T03:19:18.986Z] worker: Progress: opened https://labs.google/fx/vi/tools/flow
[2026-06-17T03:19:19.323Z] worker: [FlowWorker] screenshot: D:\workspace\Python\App\make film\ai-film-tool\backend\generated\_debug\1781666353323_scene_001\02_opened.png
[2026-06-17T03:19:19.814Z] worker: Progress: clicked entry button: Dự án mới
[2026-06-17T03:19:22.488Z] worker: [FlowWorker] screenshot: D:\workspace\Python\App\make film\ai-film-tool\backend\generated\_debug\1781666353323_scene_001\04_after_D_n_m_i.png
[2026-06-17T03:19:22.850Z] worker: Progress: new project control not found; continuing in current Flow workspace
[2026-06-17T03:19:22.933Z] worker: [BOT] 🎬 [1/2] Bắt đầu quá trình tạo Ảnh (Image Generation)...
[2026-06-17T03:19:22.934Z] worker: [BOT] ⚙️ Đang cấu hình cài đặt cho image...
[2026-06-17T03:19:54.735Z] worker: [FlowWorker] screenshot failed: Event loop is closed! Is Playwright already stopped?
[2026-06-17T03:19:54.735Z] result: {"status": "error", "message": "Timeout 30000ms exceeded.. Debug: D:\\workspace\\Python\\App\\make film\\ai-film-tool\\backend\\generated\\_debug\\1781666353323_scene_001"}
[2026-06-17T03:19:54.769Z] failed: Timeout 30000ms exceeded.. Debug: D:\workspace\Python\App\make film\ai-film-tool\backend\generated\_debug\1781666353323_scene_001
[2026-06-17T03:19:54.770Z] spawn: py -3 D:\workspace\Python\App\make film\ai-film-tool\backend\python_workers\browser_automation.py --job D:\workspace\Python\App\make film\ai-film-tool\backend\tmp\jobs\-api-generate-flow-scene-stream-1-d11db2f5-d472-4cff-a496-a934f56a81f8.json
[2026-06-17T03:19:55.473Z] worker: [BOT] 🌐 Đang mở trang web Google Flow...
[2026-06-17T03:20:00.459Z] worker: Progress: opened https://labs.google/fx/vi/tools/flow
[2026-06-17T03:20:00.818Z] worker: [FlowWorker] screenshot: D:\workspace\Python\App\make film\ai-film-tool\backend\generated\_debug\1781666395003_scene_001\02_opened.png
[2026-06-17T03:20:01.378Z] worker: Progress: clicked entry button: Dự án mới
[2026-06-17T03:20:04.916Z] worker: [FlowWorker] screenshot: D:\workspace\Python\App\make film\ai-film-tool\backend\generated\_debug\1781666395003_scene_001\04_after_D_n_m_i.png
[2026-06-17T03:20:10.209Z] worker: Progress: new project control not found; continuing in current Flow workspace
[2026-06-17T03:20:10.259Z] worker: [BOT] 🎬 [1/2] Bắt đầu quá trình tạo Ảnh (Image Generation)...
[2026-06-17T03:20:10.260Z] worker: [BOT] ⚙️ Đang cấu hình cài đặt cho image...
[2026-06-17T03:20:42.001Z] worker: [FlowWorker] screenshot failed: Event loop is closed! Is Playwright already stopped?
[2026-06-17T03:20:42.001Z] result: {"status": "error", "message": "Timeout 30000ms exceeded.. Debug: D:\\workspace\\Python\\App\\make film\\ai-film-tool\\backend\\generated\\_debug\\1781666395003_scene_001"}
[2026-06-17T03:20:42.049Z] failed: Timeout 30000ms exceeded.. Debug: D:\workspace\Python\App\make film\ai-film-tool\backend\generated\_debug\1781666395003_scene_001
[2026-06-17T03:20:42.049Z] job failed: Timeout 30000ms exceeded.. Debug: D:\workspace\Python\App\make film\ai-film-tool\backend\generated\_debug\1781666395003_scene_001
