[2026-06-17T05:17:59.758Z] job started: type=scene, scene=1
[2026-06-17T05:17:59.759Z] spawn: D:\workspace\Python\App\make film\ai-film-tool\backend\venv\Scripts\python.exe D:\workspace\Python\App\make film\ai-film-tool\backend\python_workers\browser_automation.py --job D:\workspace\Python\App\make film\ai-film-tool\backend\tmp\jobs\-api-generate-flow-scene-stream-1-437f855a-0a5f-4dc3-8e7c-18099f33d74f.json
[2026-06-17T05:18:00.578Z] worker: [BOT] 🌐 Đang mở trang web Google Flow...
[2026-06-17T05:18:05.527Z] worker: Progress: opened https://labs.google/fx/vi/tools/flow
[2026-06-17T05:18:05.959Z] worker: [FlowWorker] screenshot: D:\workspace\Python\App\make film\ai-film-tool\backend\generated\_debug\1781673479971_scene_001\02_opened.png
[2026-06-17T05:18:06.409Z] worker: Progress: clicked entry button: Dự án mới
[2026-06-17T05:18:09.822Z] worker: [FlowWorker] screenshot: D:\workspace\Python\App\make film\ai-film-tool\backend\generated\_debug\1781673479971_scene_001\04_after_D_n_m_i.png
[2026-06-17T05:18:10.048Z] worker: Progress: new project control not found; continuing in current Flow workspace
[2026-06-17T05:18:10.081Z] worker: [BOT] 🎬 [1/2] Bắt đầu quá trình tạo Ảnh (Image Generation)...
[2026-06-17T05:18:10.082Z] worker: [BOT] ⚙️ Đang cấu hình cài đặt cho image...
[2026-06-17T05:18:12.755Z] worker: [BOT] Đã bật lại nút Tác nhân.
[2026-06-17T05:18:15.030Z] worker: [BOT] ☁️ Đang đính kèm lần lượt 5 ảnh vào ô chat...
[2026-06-17T05:18:17.147Z] worker: [BOT] ☁️ Đã gửi ref_000.png, đang chờ upload...
[2026-06-17T05:18:20.186Z] worker: [BOT] ⏳ Nút 'Thêm vào câu lệnh' chưa sáng, chờ thêm... (round 1)
[2026-06-17T05:18:23.234Z] worker: [BOT] ⏳ Nút 'Thêm vào câu lệnh' chưa sáng, chờ thêm... (round 2)
[2026-06-17T05:18:26.275Z] worker: [BOT] ⏳ Nút 'Thêm vào câu lệnh' chưa sáng, chờ thêm... (round 3)
[2026-06-17T05:18:29.649Z] worker: [BOT] ✅ Đã ấn 'Thêm vào câu lệnh' cho ref_000.png.
[2026-06-17T05:18:32.813Z] worker: [BOT] ☁️ Đã gửi ref_001.png, đang chờ upload...
[2026-06-17T05:18:35.837Z] worker: [BOT] ⏳ Nút 'Thêm vào câu lệnh' chưa sáng, chờ thêm... (round 1)
[2026-06-17T05:18:38.872Z] worker: [BOT] ⏳ Nút 'Thêm vào câu lệnh' chưa sáng, chờ thêm... (round 2)
[2026-06-17T05:18:41.904Z] worker: [BOT] ⏳ Nút 'Thêm vào câu lệnh' chưa sáng, chờ thêm... (round 3)
[2026-06-17T05:18:45.240Z] worker: [BOT] ✅ Đã ấn 'Thêm vào câu lệnh' cho ref_001.png.
[2026-06-17T05:18:48.380Z] worker: [BOT] ☁️ Đã gửi ref_002.png, đang chờ upload...
[2026-06-17T05:18:51.415Z] worker: [BOT] ⏳ Nút 'Thêm vào câu lệnh' chưa sáng, chờ thêm... (round 1)
[2026-06-17T05:18:54.465Z] worker: [BOT] ⏳ Nút 'Thêm vào câu lệnh' chưa sáng, chờ thêm... (round 2)
[2026-06-17T05:18:57.512Z] worker: [BOT] ⏳ Nút 'Thêm vào câu lệnh' chưa sáng, chờ thêm... (round 3)
[2026-06-17T05:19:00.857Z] worker: [BOT] ✅ Đã ấn 'Thêm vào câu lệnh' cho ref_002.png.
[2026-06-17T05:19:03.992Z] worker: [BOT] ☁️ Đã gửi ref_003.png, đang chờ upload...
[2026-06-17T05:19:07.024Z] worker: [BOT] ⏳ Nút 'Thêm vào câu lệnh' chưa sáng, chờ thêm... (round 1)
[2026-06-17T05:19:10.048Z] worker: [BOT] ⏳ Nút 'Thêm vào câu lệnh' chưa sáng, chờ thêm... (round 2)
[2026-06-17T05:19:13.074Z] worker: [BOT] ⏳ Nút 'Thêm vào câu lệnh' chưa sáng, chờ thêm... (round 3)
[2026-06-17T05:19:16.419Z] worker: [BOT] ✅ Đã ấn 'Thêm vào câu lệnh' cho ref_003.png.
[2026-06-17T05:19:19.565Z] worker: [BOT] ☁️ Đã gửi ref_004.png, đang chờ upload...
[2026-06-17T05:19:22.601Z] worker: [BOT] ⏳ Nút 'Thêm vào câu lệnh' chưa sáng, chờ thêm... (round 1)
[2026-06-17T05:19:25.647Z] worker: [BOT] ⏳ Nút 'Thêm vào câu lệnh' chưa sáng, chờ thêm... (round 2)
[2026-06-17T05:19:28.697Z] worker: [BOT] ⏳ Nút 'Thêm vào câu lệnh' chưa sáng, chờ thêm... (round 3)
[2026-06-17T05:19:32.058Z] worker: [BOT] ✅ Đã ấn 'Thêm vào câu lệnh' cho ref_004.png.
[2026-06-17T05:19:33.069Z] worker: [BOT] Attached 5/5 required file(s) successfully.
[2026-06-17T05:19:33.070Z] worker: [BOT] ⏳ Đang chờ hệ thống xử lý ảnh vừa upload...
[2026-06-17T05:19:50.118Z] worker: [BOT] ⌨️ Đang gõ chữ tuần tự...
[2026-06-17T05:19:57.972Z] worker: Progress: filled prompt
[2026-06-17T05:19:59.615Z] worker: Progress: submitted prompt with keyboard
[2026-06-17T05:20:02.627Z] worker: [BOT] ⏳ Đã Submit, đang chờ image hoàn thành...
[2026-06-17T05:20:02.628Z] worker: [BOT] ⏳ Chờ 20s cho chat load...
[2026-06-17T05:20:22.799Z] worker: [BOT] ⏳ Đã tìm thấy image mới, chờ thêm 15s để đảm bảo render 100% hoàn tất...
[2026-06-17T05:20:37.804Z] worker: [BOT] ✅ Đã phát hiện image mới, bắt đầu tải về...
[2026-06-17T05:20:37.840Z] worker: [BOT] 🔗 src URL: https://labs.google/fx/api/trpc/media.getMediaUrlRedirect?name=9efe2cd3-8c9b-408a-928e-2093f3e014f4...
[2026-06-17T05:20:38.685Z] worker: [BOT] 💾 Đã tải image thành công (content-type: image/jpeg, size: 492601 bytes).
[2026-06-17T05:20:38.686Z] event: image_done {"scene_index":1,"result_url":"http://localhost:3000/generated/FILM_scene_001_image_1781673490047.png","local_path":"D:\\workspace\\Python\\App\\make film\\ai-film-tool\\backend\\generated\\FILM_scene_001_image_1781673490047.png"}
[2026-06-17T05:20:38.686Z] worker: [BOT] 🎬 [2/2] Bắt đầu quá trình tạo Video từ Ảnh vừa tạo...
[2026-06-17T05:20:38.687Z] worker: [BOT] ⚙️ Đang cấu hình cài đặt cho video...
[2026-06-17T05:20:41.404Z] worker: [BOT] Đã bật lại nút Tác nhân.
[2026-06-17T05:20:43.960Z] worker: [BOT] 🖼️ Sử dụng ảnh vừa tạo trong thư viện thay vì upload lại...
[2026-06-17T05:20:47.161Z] worker: [BOT] Đã click chọn ảnh đầu tiên trong thư viện.
[2026-06-17T05:20:47.480Z] worker: [BOT] ✅ Đã thêm ảnh từ thư viện vào câu lệnh.
[2026-06-17T05:20:50.519Z] worker: [BOT] ⌨️ Đang gõ chữ tuần tự...
[2026-06-17T05:20:58.234Z] worker: Progress: filled prompt
[2026-06-17T05:20:59.823Z] worker: Progress: submitted prompt with keyboard
[2026-06-17T05:21:02.836Z] worker: [BOT] ⏳ Đã Submit, đang chờ video hoàn thành...
[2026-06-17T05:21:02.838Z] worker: [BOT] ⏳ Chờ 20s cho chat load...
