[2026-06-17T05:10:59.227Z] job started: type=scene, scene=1
[2026-06-17T05:10:59.230Z] spawn: D:\workspace\Python\App\make film\ai-film-tool\backend\venv\Scripts\python.exe D:\workspace\Python\App\make film\ai-film-tool\backend\python_workers\browser_automation.py --job D:\workspace\Python\App\make film\ai-film-tool\backend\tmp\jobs\-api-generate-flow-scene-stream-1-89d79ab1-71e7-4be1-aba4-143b3f899eca.json
[2026-06-17T05:11:00.128Z] worker: [BOT] 🌐 Đang mở trang web Google Flow...
[2026-06-17T05:11:05.117Z] worker: Progress: opened https://labs.google/fx/vi/tools/flow
[2026-06-17T05:11:05.515Z] worker: [FlowWorker] screenshot: D:\workspace\Python\App\make film\ai-film-tool\backend\generated\_debug\1781673059453_scene_001\02_opened.png
[2026-06-17T05:11:06.016Z] worker: Progress: clicked entry button: Dự án mới
[2026-06-17T05:11:09.391Z] worker: [FlowWorker] screenshot: D:\workspace\Python\App\make film\ai-film-tool\backend\generated\_debug\1781673059453_scene_001\04_after_D_n_m_i.png
[2026-06-17T05:11:09.627Z] worker: Progress: new project control not found; continuing in current Flow workspace
[2026-06-17T05:11:09.656Z] worker: [BOT] 🎬 [1/2] Bắt đầu quá trình tạo Ảnh (Image Generation)...
[2026-06-17T05:11:09.657Z] worker: [BOT] ⚙️ Đang cấu hình cài đặt cho image...
[2026-06-17T05:11:12.360Z] worker: [BOT] Đã bật lại nút Tác nhân.
[2026-06-17T05:11:14.863Z] worker: [BOT] ☁️ Đang đính kèm lần lượt 5 ảnh vào ô chat...
[2026-06-17T05:11:17.019Z] worker: [BOT] ☁️ Đã gửi ref_000.png, đang chờ upload...
[2026-06-17T05:11:20.054Z] worker: [BOT] ⏳ Nút 'Thêm vào câu lệnh' chưa sáng, chờ thêm... (round 1)
[2026-06-17T05:11:23.096Z] worker: [BOT] ⏳ Nút 'Thêm vào câu lệnh' chưa sáng, chờ thêm... (round 2)
[2026-06-17T05:11:26.137Z] worker: [BOT] ⏳ Nút 'Thêm vào câu lệnh' chưa sáng, chờ thêm... (round 3)
[2026-06-17T05:11:29.487Z] worker: [BOT] ✅ Đã ấn 'Thêm vào câu lệnh' cho ref_000.png.
[2026-06-17T05:11:32.637Z] worker: [BOT] ☁️ Đã gửi ref_001.png, đang chờ upload...
[2026-06-17T05:11:35.683Z] worker: [BOT] ⏳ Nút 'Thêm vào câu lệnh' chưa sáng, chờ thêm... (round 1)
[2026-06-17T05:11:38.735Z] worker: [BOT] ⏳ Nút 'Thêm vào câu lệnh' chưa sáng, chờ thêm... (round 2)
[2026-06-17T05:11:41.774Z] worker: [BOT] ⏳ Nút 'Thêm vào câu lệnh' chưa sáng, chờ thêm... (round 3)
[2026-06-17T05:11:45.126Z] worker: [BOT] ✅ Đã ấn 'Thêm vào câu lệnh' cho ref_001.png.
[2026-06-17T05:11:48.259Z] worker: [BOT] ☁️ Đã gửi ref_002.png, đang chờ upload...
[2026-06-17T05:11:51.281Z] worker: [BOT] ⏳ Nút 'Thêm vào câu lệnh' chưa sáng, chờ thêm... (round 1)
[2026-06-17T05:11:54.318Z] worker: [BOT] ⏳ Nút 'Thêm vào câu lệnh' chưa sáng, chờ thêm... (round 2)
[2026-06-17T05:11:57.682Z] worker: [BOT] ✅ Đã ấn 'Thêm vào câu lệnh' cho ref_002.png.
[2026-06-17T05:12:00.841Z] worker: [BOT] ☁️ Đã gửi ref_003.png, đang chờ upload...
[2026-06-17T05:12:03.864Z] worker: [BOT] ⏳ Nút 'Thêm vào câu lệnh' chưa sáng, chờ thêm... (round 1)
[2026-06-17T05:12:06.892Z] worker: [BOT] ⏳ Nút 'Thêm vào câu lệnh' chưa sáng, chờ thêm... (round 2)
[2026-06-17T05:12:09.934Z] worker: [BOT] ⏳ Nút 'Thêm vào câu lệnh' chưa sáng, chờ thêm... (round 3)
[2026-06-17T05:12:13.325Z] worker: [BOT] ✅ Đã ấn 'Thêm vào câu lệnh' cho ref_003.png.
[2026-06-17T05:12:16.464Z] worker: [BOT] ☁️ Đã gửi ref_004.png, đang chờ upload...
[2026-06-17T05:12:19.508Z] worker: [BOT] ⏳ Nút 'Thêm vào câu lệnh' chưa sáng, chờ thêm... (round 1)
[2026-06-17T05:12:22.550Z] worker: [BOT] ⏳ Nút 'Thêm vào câu lệnh' chưa sáng, chờ thêm... (round 2)
[2026-06-17T05:12:25.587Z] worker: [BOT] ⏳ Nút 'Thêm vào câu lệnh' chưa sáng, chờ thêm... (round 3)
[2026-06-17T05:12:28.947Z] worker: [BOT] ✅ Đã ấn 'Thêm vào câu lệnh' cho ref_004.png.
[2026-06-17T05:12:29.954Z] worker: [BOT] Attached 5/5 required file(s) successfully.
[2026-06-17T05:12:29.954Z] worker: [BOT] ⏳ Đang chờ hệ thống xử lý ảnh vừa upload...
[2026-06-17T05:12:46.991Z] worker: [BOT] ⌨️ Đang gõ chữ tuần tự...
[2026-06-17T05:12:54.723Z] worker: Progress: filled prompt
[2026-06-17T05:12:56.342Z] worker: Progress: submitted prompt with keyboard
[2026-06-17T05:12:59.347Z] worker: [BOT] ⏳ Đã Submit, đang chờ image hoàn thành...
[2026-06-17T05:12:59.348Z] worker: [BOT] ⏳ Chờ 20s cho chat load...
[2026-06-17T05:13:19.532Z] worker: [BOT] ⏳ Đã tìm thấy image mới, chờ thêm 15s để đảm bảo render 100% hoàn tất...
[2026-06-17T05:13:45.695Z] worker: [BOT] ⚠️ Không tìm thấy nút Download, thử tải trực tiếp qua src...
[2026-06-17T05:13:46.666Z] worker: [BOT] 💾 Đã tải image qua API request (content-type: image/jpeg, size: 492601 bytes).
[2026-06-17T05:13:46.667Z] event: image_done {"scene_index":1,"result_url":"http://localhost:3000/generated/FILM_scene_001_image_1781673069627.png","local_path":"D:\\workspace\\Python\\App\\make film\\ai-film-tool\\backend\\generated\\FILM_scene_001_image_1781673069627.png"}
[2026-06-17T05:13:46.667Z] worker: [BOT] 🎬 [2/2] Bắt đầu quá trình tạo Video từ Ảnh vừa tạo...
[2026-06-17T05:13:46.668Z] worker: [BOT] ⚙️ Đang cấu hình cài đặt cho video...
[2026-06-17T05:13:49.347Z] worker: [BOT] Đã bật lại nút Tác nhân.
[2026-06-17T05:13:51.607Z] worker: [BOT] 🖼️ Sử dụng ảnh vừa tạo trong thư viện thay vì upload lại...
[2026-06-17T05:13:54.767Z] worker: [BOT] Đã click chọn ảnh đầu tiên trong thư viện.
[2026-06-17T05:13:55.064Z] worker: [BOT] ✅ Đã thêm ảnh từ thư viện vào câu lệnh.
[2026-06-17T05:13:58.091Z] worker: [BOT] ⌨️ Đang gõ chữ tuần tự...
[2026-06-17T05:14:05.600Z] worker: Progress: filled prompt
[2026-06-17T05:14:07.158Z] worker: Progress: submitted prompt with keyboard
[2026-06-17T05:14:10.175Z] worker: [BOT] ⏳ Đã Submit, đang chờ video hoàn thành...
[2026-06-17T05:14:10.176Z] worker: [BOT] ⏳ Chờ 20s cho chat load...
