[2026-06-19T03:28:52.138Z] job started: type=scene, scene=8
[2026-06-19T03:28:52.139Z] spawn: D:\workspace\Python\App\make film\ai-film-tool\backend\venv\Scripts\python.exe D:\workspace\Python\App\make film\ai-film-tool\backend\python_workers\browser_automation.py --job D:\workspace\Python\App\make film\ai-film-tool\backend\tmp\jobs\-api-generate-flow-scene-stream-8-78aad1fe-f131-4bf9-b6cd-9b7e335cee25.json
[2026-06-19T03:28:52.774Z] worker: [BOT] 🌐 Đang mở trang web Google Flow...
[2026-06-19T03:28:57.883Z] worker: Progress: opened https://labs.google/fx/vi/tools/flow/project/ed730d0f-d689-4b0e-8096-3315304f3bf4
[2026-06-19T03:28:58.144Z] worker: [FlowWorker] screenshot: D:\workspace\Python\App\make film\ai-film-tool\backend\generated\_debug\1781839732316_scene_008\02_opened.png
[2026-06-19T03:28:58.285Z] worker: Progress: composer already visible
[2026-06-19T03:28:58.315Z] worker: [BOT] 🎬 [1/2] Bắt đầu quá trình tạo Ảnh (Image Generation)...
[2026-06-19T03:28:58.315Z] worker: [BOT] ⚙️ Đang cấu hình cài đặt cho image...
[2026-06-19T03:29:01.003Z] worker: [BOT] ✅ Đã chọn Tab Hình ảnh
[2026-06-19T03:29:02.729Z] worker: [BOT] ☁️ Đang đính kèm lần lượt 6 ảnh vào ô chat...
[2026-06-19T03:29:04.934Z] worker: [BOT] ☁️ Đã gửi ref_000.png, đang chờ upload...
[2026-06-19T03:29:07.969Z] worker: [BOT] ⏳ Nút 'Thêm vào câu lệnh' chưa sáng, chờ thêm... (round 1)
[2026-06-19T03:29:11.017Z] worker: [BOT] ⏳ Nút 'Thêm vào câu lệnh' chưa sáng, chờ thêm... (round 2)
[2026-06-19T03:29:14.058Z] worker: [BOT] ⏳ Nút 'Thêm vào câu lệnh' chưa sáng, chờ thêm... (round 3)
[2026-06-19T03:29:17.430Z] worker: [BOT] ✅ Đã ấn 'Thêm vào câu lệnh' cho ref_000.png.
[2026-06-19T03:29:20.615Z] worker: [BOT] ☁️ Đã gửi ref_001.png, đang chờ upload...
[2026-06-19T03:29:23.650Z] worker: [BOT] ⏳ Nút 'Thêm vào câu lệnh' chưa sáng, chờ thêm... (round 1)
[2026-06-19T03:29:26.692Z] worker: [BOT] ⏳ Nút 'Thêm vào câu lệnh' chưa sáng, chờ thêm... (round 2)
[2026-06-19T03:29:29.727Z] worker: [BOT] ⏳ Nút 'Thêm vào câu lệnh' chưa sáng, chờ thêm... (round 3)
[2026-06-19T03:29:33.095Z] worker: [BOT] ✅ Đã ấn 'Thêm vào câu lệnh' cho ref_001.png.
[2026-06-19T03:29:36.346Z] worker: [BOT] ☁️ Đã gửi ref_002.png, đang chờ upload...
[2026-06-19T03:29:39.391Z] worker: [BOT] ⏳ Nút 'Thêm vào câu lệnh' chưa sáng, chờ thêm... (round 1)
[2026-06-19T03:29:42.462Z] worker: [BOT] ⏳ Nút 'Thêm vào câu lệnh' chưa sáng, chờ thêm... (round 2)
[2026-06-19T03:29:45.510Z] worker: [BOT] ⏳ Nút 'Thêm vào câu lệnh' chưa sáng, chờ thêm... (round 3)
[2026-06-19T03:29:48.902Z] worker: [BOT] ✅ Đã ấn 'Thêm vào câu lệnh' cho ref_002.png.
[2026-06-19T03:29:52.180Z] worker: [BOT] ☁️ Đã gửi ref_003.png, đang chờ upload...
[2026-06-19T03:29:55.231Z] worker: [BOT] ⏳ Nút 'Thêm vào câu lệnh' chưa sáng, chờ thêm... (round 1)
[2026-06-19T03:29:58.269Z] worker: [BOT] ⏳ Nút 'Thêm vào câu lệnh' chưa sáng, chờ thêm... (round 2)
[2026-06-19T03:30:01.322Z] worker: [BOT] ⏳ Nút 'Thêm vào câu lệnh' chưa sáng, chờ thêm... (round 3)
[2026-06-19T03:30:04.725Z] worker: [BOT] ✅ Đã ấn 'Thêm vào câu lệnh' cho ref_003.png.
[2026-06-19T03:30:07.999Z] worker: [BOT] ☁️ Đã gửi ref_004.png, đang chờ upload...
[2026-06-19T03:30:11.034Z] worker: [BOT] ⏳ Nút 'Thêm vào câu lệnh' chưa sáng, chờ thêm... (round 1)
[2026-06-19T03:30:14.093Z] worker: [BOT] ⏳ Nút 'Thêm vào câu lệnh' chưa sáng, chờ thêm... (round 2)
[2026-06-19T03:30:17.131Z] worker: [BOT] ⏳ Nút 'Thêm vào câu lệnh' chưa sáng, chờ thêm... (round 3)
[2026-06-19T03:30:21.642Z] worker: [BOT] ✅ Đã ấn 'Thêm vào câu lệnh' cho ref_004.png.
[2026-06-19T03:30:26.524Z] worker: [BOT] ☁️ Đã gửi FILM_scene_007_image_1781839355544.png, đang chờ upload...
[2026-06-19T03:30:29.555Z] worker: [BOT] ⏳ Nút 'Thêm vào câu lệnh' chưa sáng, chờ thêm... (round 1)
[2026-06-19T03:30:32.585Z] worker: [BOT] ⏳ Nút 'Thêm vào câu lệnh' chưa sáng, chờ thêm... (round 2)
[2026-06-19T03:30:35.628Z] worker: [BOT] ⏳ Nút 'Thêm vào câu lệnh' chưa sáng, chờ thêm... (round 3)
[2026-06-19T03:30:40.146Z] worker: [BOT] ✅ Đã ấn 'Thêm vào câu lệnh' cho FILM_scene_007_image_1781839355544.png.
[2026-06-19T03:30:41.160Z] worker: [BOT] Attached 6/6 required file(s) successfully.
[2026-06-19T03:30:41.161Z] worker: [BOT] ⏳ Đang chờ hệ thống xử lý ảnh vừa upload...
[2026-06-19T03:30:58.266Z] worker: [BOT] ⌨️ Đang gõ chữ tuần tự...
[2026-06-19T03:31:06.305Z] worker: Progress: filled prompt
[2026-06-19T03:31:06.308Z] worker: [BOT] Baseline: 13 media identifiers đã lưu trước khi submit.
[2026-06-19T03:31:07.951Z] worker: Progress: submitted prompt with keyboard
[2026-06-19T03:31:10.958Z] worker: [BOT] ⏳ Đã Submit, đang chờ image hoàn thành...
[2026-06-19T03:31:15.982Z] worker: [BOT] ⏳ Chờ thêm 15s cho UI ổn định...
[2026-06-19T03:31:31.099Z] worker: [BOT] ⚠️ Cảnh báo: Phát hiện text nghi ngờ lỗi trên UI, nhưng vẫn tiếp tục chờ...
[2026-06-19T03:31:36.173Z] worker: [BOT] ⚠️ Cảnh báo: Phát hiện text nghi ngờ lỗi trên UI, nhưng vẫn tiếp tục chờ...
[2026-06-19T03:31:41.255Z] worker: [BOT] ⚠️ Cảnh báo: Phát hiện text nghi ngờ lỗi trên UI, nhưng vẫn tiếp tục chờ...
[2026-06-19T03:31:46.324Z] worker: [BOT] ⚠️ Cảnh báo: Phát hiện text nghi ngờ lỗi trên UI, nhưng vẫn tiếp tục chờ...
[2026-06-19T03:31:51.386Z] worker: [BOT] ⚠️ Cảnh báo: Phát hiện text nghi ngờ lỗi trên UI, nhưng vẫn tiếp tục chờ...
[2026-06-19T03:31:56.452Z] worker: [BOT] ⚠️ Cảnh báo: Phát hiện text nghi ngờ lỗi trên UI, nhưng vẫn tiếp tục chờ...
[2026-06-19T03:32:01.489Z] worker: [BOT] ⏳ Đã tìm thấy image mới do AI tạo ra, chờ thêm 5s để render 100%...
[2026-06-19T03:32:06.513Z] worker: [BOT] ✅ Đã phát hiện image mới.
[2026-06-19T03:32:06.514Z] worker: [BOT] 🔗 src URL: https://labs.google/fx/api/trpc/media.getMediaUrlRedirect?name=147a7e6a-1803-4bca-9d5b-bf6608fd8f81...
[2026-06-19T03:32:08.146Z] worker: [BOT] 💾 Đã tải image thành công (content-type: image/jpeg, size: 1760422 bytes).
[2026-06-19T03:32:08.147Z] event: image_done {"scene_index":8,"result_url":"http://localhost:3000/generated/FILM_scene_008_image_1781839738285.png","local_path":"D:\\workspace\\Python\\App\\make film\\ai-film-tool\\backend\\generated\\FILM_scene_008_image_1781839738285.png"}
[2026-06-19T03:32:08.148Z] worker: [BOT] 🎬 [2/2] Bắt đầu quá trình tạo Video từ Ảnh vừa tạo...
[2026-06-19T03:32:08.148Z] worker: [BOT] ⚙️ Đang cấu hình cài đặt cho video...
[2026-06-19T03:32:10.772Z] worker: [BOT] ✅ Đã chọn Tab Video
[2026-06-19T03:32:13.341Z] worker: [BOT] ☁️ Đang đính kèm lần lượt 1 ảnh vào ô chat...
[2026-06-19T03:32:15.514Z] worker: [BOT] ☁️ Đã gửi FILM_scene_008_image_1781839738285.png, đang chờ upload...
[2026-06-19T03:32:18.547Z] worker: [BOT] ⏳ Nút 'Thêm vào câu lệnh' chưa sáng, chờ thêm... (round 1)
[2026-06-19T03:32:21.579Z] worker: [BOT] ⏳ Nút 'Thêm vào câu lệnh' chưa sáng, chờ thêm... (round 2)
[2026-06-19T03:32:30.953Z] worker: [BOT] ✅ Đã ấn 'Thêm vào câu lệnh' cho FILM_scene_008_image_1781839738285.png.
[2026-06-19T03:32:31.971Z] worker: [BOT] Attached 1/1 required file(s) successfully.
[2026-06-19T03:32:31.973Z] worker: [BOT] ⏳ Đang chờ hệ thống xử lý ảnh vừa upload...
[2026-06-19T03:32:48.994Z] worker: [BOT] ⌨️ Đang gõ chữ tuần tự...
[2026-06-19T03:33:01.398Z] worker: Progress: filled prompt
[2026-06-19T03:33:01.401Z] worker: [BOT] Baseline: 17 media identifiers đã lưu trước khi submit.
[2026-06-19T03:33:03.004Z] worker: Progress: submitted prompt with keyboard
[2026-06-19T03:33:06.020Z] worker: [BOT] ⏳ Đã Submit, đang chờ video hoàn thành...
[2026-06-19T03:33:11.046Z] worker: [BOT] ⏳ Chờ thêm 15s cho UI ổn định...
[2026-06-19T03:33:31.103Z] worker: [BOT] ⚠️ Cảnh báo: Phát hiện text nghi ngờ lỗi trên UI, nhưng vẫn tiếp tục chờ...
[2026-06-19T03:33:36.149Z] worker: [BOT] ⚠️ Cảnh báo: Phát hiện text nghi ngờ lỗi trên UI, nhưng vẫn tiếp tục chờ...
[2026-06-19T03:33:41.189Z] worker: [BOT] ⚠️ Cảnh báo: Phát hiện text nghi ngờ lỗi trên UI, nhưng vẫn tiếp tục chờ...
[2026-06-19T03:33:46.222Z] worker: [BOT] ⚠️ Cảnh báo: Phát hiện text nghi ngờ lỗi trên UI, nhưng vẫn tiếp tục chờ...
[2026-06-19T03:33:51.253Z] worker: [BOT] ⚠️ Cảnh báo: Phát hiện text nghi ngờ lỗi trên UI, nhưng vẫn tiếp tục chờ...
[2026-06-19T03:33:56.294Z] worker: [BOT] ⚠️ Cảnh báo: Phát hiện text nghi ngờ lỗi trên UI, nhưng vẫn tiếp tục chờ...
[2026-06-19T03:34:11.427Z] worker: [BOT] ⏳ Đã tìm thấy video mới do AI tạo ra, chờ thêm 5s để render 100%...
[2026-06-19T03:34:16.444Z] worker: [BOT] ✅ Đã phát hiện video mới.
[2026-06-19T03:34:16.445Z] worker: [BOT] 🔗 src URL: https://labs.google/fx/api/trpc/media.getMediaUrlRedirect?name=dd5094e5-df24-4fea-840f-54c632f82858...
[2026-06-19T03:34:18.425Z] worker: [BOT] 💾 Đã tải video thành công (content-type: video/mp4, size: 3140679 bytes).
[2026-06-19T03:34:18.426Z] event: video_done {"scene_index":8,"result_url":"http://localhost:3000/generated/FILM_scene_008_video_1781839928145.mp4","local_path":"D:\\workspace\\Python\\App\\make film\\ai-film-tool\\backend\\generated\\FILM_scene_008_video_1781839928145.mp4"}
[2026-06-19T03:34:18.427Z] worker: [BOT] 🎊 Hoàn thành toàn bộ Scene!
[2026-06-19T03:34:18.427Z] event: scene_done {"scene_index":8,"result_url":"http://localhost:3000/generated/FILM_scene_008_video_1781839928145.mp4","image_result_url":"http://localhost:3000/generated/FILM_scene_008_image_1781839738285.png","image_local_path":"D:\\workspace\\Python\\App\\make film\\ai-film-tool\\backend\\generated\\FILM_scene_008_image_1781839738285.png","video_result_url":"http://localhost:3000/generated/FILM_scene_008_video_1781839928145.mp4","video_local_path":"D:\\workspace\\Python\\App\\make film\\ai-film-tool\\backend\\generated\\FILM_scene_008_video_1781839928145.mp4"}
[2026-06-19T03:34:18.661Z] result: {"status": "success", "type": "scene", "result_url": "http://localhost:3000/generated/FILM_scene_008_video_1781839928145.mp4", "image_result_url": "http://localhost:3000/generated/FILM_scene_008_image_1781839738285.png", "image_local_path": "D:\\workspace\\Python\\App\\make film\\ai-film-tool\\backend\\generated\\FILM_scene_008_image_1781839738285.png", "video_result_url": "http://localhost:3000/generated/FILM_scene_008_video_1781839928145.mp4", "video_local_path": "D:\\workspace\\Python\\App\\make film\\ai-film-tool\\backend\\generated\\FILM_scene_008_video_1781839928145.mp4", "project_url": "https://labs.google/fx/vi/tools/flow/project/ed730d0f-d689-4b0e-8096-3315304f3bf4", "prompt_hash": "d41d8cd98f00b204e9800998ecf8427e", "profile_used": "default", "debug_dir": "D:\\workspace\\Python\\App\\make film\\ai-film-tool\\backend\\generated\\_debug\\1781839732316_scene_008", "debug_steps": [{"message": "[BOT] 🌐 Đang mở trang web Google Flow..."}, {"message": "opened https://labs.google/fx/vi/tools/flow/project/ed730d0f-d689-4b0e-8096-3315304f3bf4"}, {"screenshot": "D:\\workspace\\Python\\App\\make film\\ai-film-tool\\backend\\generated\\_debug\\1781839732316_scene_008\\02_opened.png"}, {"message": "composer already visible"}, {"message": "[BOT] 🎬 [1/2] Bắt đầu quá trình tạo Ảnh (Image Generation)..."}, {"message": "[BOT] ⚙️ Đang cấu hình cài đặt cho image..."}, {"message": "[BOT] ✅ Đã chọn Tab Hình ảnh"}, {"message": "[BOT] ☁️ Đang đính kèm lần lượt 6 ảnh vào ô chat..."}, {"message": "[BOT] ☁️ Đã gửi ref_000.png, đang chờ upload..."}, {"message": "[BOT] ⏳ Nút 'Thêm vào câu lệnh' chưa sáng, chờ thêm... (round 1)"}, {"message": "[BOT] ⏳ Nút 'Thêm vào câu lệnh' chưa sáng, chờ thêm... (round 2)"}, {"message": "[BOT] ⏳ Nút 'Thêm vào câu lệnh' chưa sáng, chờ thêm... (round 3)"}, {"message": "[BOT] ✅ Đã ấn 'Thêm vào câu lệnh' cho ref_000.png."}, {"message": "[BOT] ☁️ Đã gửi ref_001.png, đang chờ upload..."}, {"message": "[BOT] ⏳ Nút 'Thêm vào câu lệnh' chưa sáng, chờ thêm... (round 1)"}, {"message": "[BOT] ⏳ Nút 'Thêm vào câu lệnh' chưa sáng, chờ thêm... (round 2)"}, {"message": "[BOT] ⏳ Nút 'Thêm vào câu lệnh' chưa sáng, chờ thêm... (round 3)"}, {"message": "[BOT] ✅ Đã ấn 'Thêm vào câu lệnh' cho ref_001.png."}, {"message": "[BOT] ☁️ Đã gửi ref_002.png, đang chờ upload..."}, {"message": "[BOT] ⏳ Nút 'Thêm vào câu lệnh' chưa sáng, chờ thêm... (round 1)"}, {"message": "[BOT] ⏳ Nút 'Thêm vào câu lệnh' chưa sáng, chờ thêm... (round 2)"}, {"message": "[BOT] ⏳ Nút 'Thêm vào câu lệnh' chưa sáng, chờ thêm... (round 3)"}, {"message": "[BOT] ✅ Đã ấn 'Thêm vào câu lệnh' cho ref_002.png."}, {"message": "[BOT] ☁️ Đã gửi ref_003.png, đang chờ upload..."}, {"message": "[BOT] ⏳ Nút 'Thêm vào câu lệnh' chưa sáng, chờ thêm... (round 1)"}, {"message": "[BOT] ⏳ Nút 'Thêm vào câu lệnh' chưa sáng, chờ thêm... (round 2)"}, {"message": "[BOT] ⏳ Nút 'Thêm vào câu lệnh' chưa sáng, chờ thêm... (round 3)"}, {"message": "[BOT] ✅ Đã ấn 'Thêm vào câu lệnh' cho ref_003.png."}, {"message": "[BOT] ☁️ Đã gửi ref_004.png, đang chờ upload..."}, {"message": "[BOT] ⏳ Nút 'Thêm vào câu lệnh' chưa sáng, chờ thêm... (round 1)"}, {"message": "[BOT] ⏳ Nút 'Thêm vào câu lệnh' chưa sáng, chờ thêm... (round 2)"}, {"message": "[BOT] ⏳ Nút 'Thêm vào câu lệnh' chưa sáng, chờ thêm... (round 3)"}, {"message": "[BOT] ✅ Đã ấn 'Thêm vào câu lệnh' cho ref_004.png."}, {"message": "[BOT] ☁️ Đã gửi FILM_scene_007_image_1781839355544.png, đang chờ upload..."}, {"message": "[BOT] ⏳ Nút 'Thêm vào câu lệnh' chưa sáng, chờ thêm... (round 1)"}, {"message": "[BOT] ⏳ Nút 'Thêm vào câu lệnh' chưa sáng, chờ thêm... (round 2)"}, {"message": "[BOT] ⏳ Nút 'Thêm vào câu lệnh' chưa sáng, chờ thêm... (round 3)"}, {"message": "[BOT] ✅ Đã ấn 'Thêm vào câu lệnh' cho FILM_scene_007_image_1781839355544.png."}, {"message": "[BOT] Attached 6/6 required file(s) successfully."}, {"message": "[BOT] ⏳ Đang chờ hệ thống xử lý ảnh vừa upload..."}, {"message": "[BOT] ⌨️ Đang gõ chữ tuần tự..."}, {"message": "filled prompt"}, {"message": "[BOT] Baseline: 13 media identifiers đã lưu trước khi submit."}, {"message": "submitted prompt with keyboard"}, {"message": "[BOT] ⏳ Đã Submit, đang chờ image hoàn thành..."}, {"message": "[BOT] ⏳ Chờ thêm 15s cho UI ổn định..."}, {"message": "[BOT] ⚠️ Cảnh báo: Phát hiện text nghi ngờ lỗi trên UI, nhưng vẫn tiếp tục chờ..."}, {"message": "[BOT] ⚠️ Cảnh báo: Phát hiện text nghi ngờ lỗi trên UI, nhưng vẫn tiếp tục chờ..."}, {"message": "[BOT] ⚠️ Cảnh báo: Phát hiện text nghi ngờ lỗi trên UI, nhưng vẫn tiếp tục chờ..."}, {"message": "[BOT] ⚠️ Cảnh báo: Phát hiện text nghi ngờ lỗi trên UI, nhưng vẫn tiếp tục chờ..."}, {"message": "[BOT] ⚠️ Cảnh báo: Phát hiện text nghi ngờ lỗi trên UI, nhưng vẫn tiếp tục chờ..."}, {"message": "[BOT] ⚠️ Cảnh báo: Phát hiện text nghi ngờ lỗi trên UI, nhưng vẫn tiếp tục chờ..."}, {"message": "[BOT] ⏳ Đã tìm thấy image mới do AI tạo ra, chờ thêm 5s để render 100%..."}, {"message": "[BOT] ✅ Đã phát hiện image mới."}, {"message": "[BOT] 🔗 src URL: https://labs.google/fx/api/trpc/media.getMediaUrlRedirect?name=147a7e6a-1803-4bca-9d5b-bf6608fd8f81..."}, {"message": "[BOT] 💾 Đã tải image thành công (content-type: image/jpeg, size: 1760422 bytes)."}, {"message": "[BOT] 🎬 [2/2] Bắt đầu quá trình tạo Video từ Ảnh vừa tạo..."}, {"message": "[BOT] ⚙️ Đang cấu hình cài đặt cho video..."}, {"message": "[BOT] ✅ Đã chọn Tab Video"}, {"message": "[BOT] ☁️ Đang đính kèm lần lượt 1 ảnh vào ô chat..."}, {"message": "[BOT] ☁️ Đã gửi FILM_scene_008_image_1781839738285.png, đang chờ upload..."}, {"message": "[BOT] ⏳ Nút 'Thêm vào câu lệnh' chưa sáng, chờ thêm... (round 1)"}, {"message": "[BOT] ⏳ Nút 'Thêm vào câu lệnh' chưa sáng, chờ thêm... (round 2)"}, {"message": "[BOT] ✅ Đã ấn 'Thêm vào câu lệnh' cho FILM_scene_008_image_1781839738285.png."}, {"message": "[BOT] Attached 1/1 required file(s) successfully."}, {"message": "[BOT] ⏳ Đang chờ hệ thống xử lý ảnh vừa upload..."}, {"message": "[BOT] ⌨️ Đang gõ chữ tuần tự..."}, {"message": "filled prompt"}, {"message": "[BOT] Baseline: 17 media identifiers đã lưu trước khi submit."}, {"message": "submitted prompt with keyboard"}, {"message": "[BOT] ⏳ Đã Submit, đang chờ video hoàn thành..."}, {"message": "[BOT] ⏳ Chờ thêm 15s cho UI ổn định..."}, {"message": "[BOT] ⚠️ Cảnh báo: Phát hiện text nghi ngờ lỗi trên UI, nhưng vẫn tiếp tục chờ..."}, {"message": "[BOT] ⚠️ Cảnh báo: Phát hiện text nghi ngờ lỗi trên UI, nhưng vẫn tiếp tục chờ..."}, {"message": "[BOT] ⚠️ Cảnh báo: Phát hiện text nghi ngờ lỗi trên UI, nhưng vẫn tiếp tục chờ..."}, {"message": "[BOT] ⚠️ Cảnh báo: Phát hiện text nghi ngờ lỗi trên UI, nhưng vẫn tiếp tục chờ..."}, {"message": "[BOT] ⚠️ Cảnh báo: Phát hiện text nghi ngờ lỗi trên UI, nhưng vẫn tiếp tục chờ..."}, {"message": "[BOT] ⚠️ Cảnh báo: Phát hiện text nghi ngờ lỗi trên UI, nhưng vẫn tiếp tục chờ..."}, {"message": "[BOT] ⏳ Đã tìm thấy video mới do AI tạo ra, chờ thêm 5s để render 100%..."}, {"message": "[BOT] ✅ Đã phát hiện video mới."}, {"message": "[BOT] 🔗 src URL: https://labs.google/fx/api/trpc/media.getMediaUrlRedirect?name=dd5094e5-df24-4fea-840f-54c632f82858..."}, {"message": "[BOT] 💾 Đã tải video thành công (content-type: video/mp4, size: 3140679 bytes)."}, {"message": "[BOT] 🎊 Hoàn thành toàn bộ Scene!"}]}
[2026-06-19T03:34:18.705Z] job completed successfully
