[2026-06-15T05:01:32.789Z] job started: type=scene, scene=1
[2026-06-15T05:01:32.790Z] spawn: D:\workspace\Python\App\make film\ai-film-tool\backend\venv\Scripts\python.exe D:\workspace\Python\App\make film\ai-film-tool\backend\python_workers\browser_automation.py --job D:\workspace\Python\App\make film\ai-film-tool\backend\tmp\jobs\-api-generate-flow-scene-1-a8e95a09-d186-4a47-9d3b-4c031c99ae8a.json
[2026-06-15T05:01:39.014Z] worker: [FlowWorker] opened https://labs.google/fx/vi/tools/flow
[2026-06-15T05:01:39.416Z] worker: [FlowWorker] screenshot: D:\workspace\Python\App\make film\ai-film-tool\backend\generated\_debug\1781499693033_scene_001\01_opened.png
[2026-06-15T05:01:44.144Z] worker: [FlowWorker] screenshot: D:\workspace\Python\App\make film\ai-film-tool\backend\generated\_debug\1781499693033_scene_001\02_composer_not_found.png
[2026-06-15T05:01:44.316Z] worker: [FlowWorker] screenshot failed: Event loop is closed! Is Playwright already stopped?
[2026-06-15T05:01:44.317Z] result: {"status": "error", "message": "Could not find Google Flow composer/prompt input after opening Flow.. Debug: D:\\workspace\\Python\\App\\make film\\ai-film-tool\\backend\\generated\\_debug\\1781499693033_scene_001"}
[2026-06-15T05:01:44.346Z] failed: Could not find Google Flow composer/prompt input after opening Flow.. Debug: D:\workspace\Python\App\make film\ai-film-tool\backend\generated\_debug\1781499693033_scene_001
[2026-06-15T05:01:44.347Z] spawn: python D:\workspace\Python\App\make film\ai-film-tool\backend\python_workers\browser_automation.py --job D:\workspace\Python\App\make film\ai-film-tool\backend\tmp\jobs\-api-generate-flow-scene-1-a8e95a09-d186-4a47-9d3b-4c031c99ae8a.json
[2026-06-15T05:01:50.210Z] worker: [FlowWorker] opened https://labs.google/fx/vi/tools/flow
[2026-06-15T05:01:50.581Z] worker: [FlowWorker] screenshot: D:\workspace\Python\App\make film\ai-film-tool\backend\generated\_debug\1781499704639_scene_001\01_opened.png
[2026-06-15T05:01:55.504Z] worker: [FlowWorker] screenshot: D:\workspace\Python\App\make film\ai-film-tool\backend\generated\_debug\1781499704639_scene_001\02_composer_not_found.png
[2026-06-15T05:01:55.694Z] worker: [FlowWorker] screenshot failed: Event loop is closed! Is Playwright already stopped?
[2026-06-15T05:01:55.695Z] result: {"status": "error", "message": "Could not find Google Flow composer/prompt input after opening Flow.. Debug: D:\\workspace\\Python\\App\\make film\\ai-film-tool\\backend\\generated\\_debug\\1781499704639_scene_001"}
[2026-06-15T05:01:55.723Z] failed: Could not find Google Flow composer/prompt input after opening Flow.. Debug: D:\workspace\Python\App\make film\ai-film-tool\backend\generated\_debug\1781499704639_scene_001
[2026-06-15T05:01:55.723Z] spawn: py -3 D:\workspace\Python\App\make film\ai-film-tool\backend\python_workers\browser_automation.py --job D:\workspace\Python\App\make film\ai-film-tool\backend\tmp\jobs\-api-generate-flow-scene-1-a8e95a09-d186-4a47-9d3b-4c031c99ae8a.json
[2026-06-15T05:02:01.493Z] worker: [FlowWorker] opened https://labs.google/fx/vi/tools/flow
[2026-06-15T05:02:01.912Z] worker: [FlowWorker] screenshot: D:\workspace\Python\App\make film\ai-film-tool\backend\generated\_debug\1781499715967_scene_001\01_opened.png
[2026-06-15T05:02:06.775Z] worker: [FlowWorker] screenshot: D:\workspace\Python\App\make film\ai-film-tool\backend\generated\_debug\1781499715967_scene_001\02_composer_not_found.png
[2026-06-15T05:02:06.958Z] worker: [FlowWorker] screenshot failed: Event loop is closed! Is Playwright already stopped?
[2026-06-15T05:02:06.959Z] result: {"status": "error", "message": "Could not find Google Flow composer/prompt input after opening Flow.. Debug: D:\\workspace\\Python\\App\\make film\\ai-film-tool\\backend\\generated\\_debug\\1781499715967_scene_001"}
[2026-06-15T05:02:06.989Z] failed: Could not find Google Flow composer/prompt input after opening Flow.. Debug: D:\workspace\Python\App\make film\ai-film-tool\backend\generated\_debug\1781499715967_scene_001
[2026-06-15T05:02:06.989Z] job failed: Could not find Google Flow composer/prompt input after opening Flow.. Debug: D:\workspace\Python\App\make film\ai-film-tool\backend\generated\_debug\1781499715967_scene_001
