[2026-06-17T03:02:30.661Z] job started: type=scene, scene=1
[2026-06-17T03:02:30.662Z] spawn: D:\workspace\Python\App\make film\ai-film-tool\backend\venv\Scripts\python.exe D:\workspace\Python\App\make film\ai-film-tool\backend\python_workers\browser_automation.py --job D:\workspace\Python\App\make film\ai-film-tool\backend\tmp\jobs\-api-generate-flow-scene-stream-1-d4400894-0cfb-4ff7-97c4-70ca64b47bba.json
[2026-06-17T03:02:31.698Z] worker: [BOT] 🌐 Đang mở trang web Google Flow...
[2026-06-17T03:02:37.495Z] worker: Progress: opened https://labs.google/fx/vi/tools/flow
[2026-06-17T03:02:37.877Z] worker: [FlowWorker] screenshot: D:\workspace\Python\App\make film\ai-film-tool\backend\generated\_debug\1781665350940_scene_001\02_opened.png
[2026-06-17T03:02:38.347Z] worker: Progress: clicked entry button: Dự án mới
[2026-06-17T03:02:40.942Z] worker: [FlowWorker] screenshot: D:\workspace\Python\App\make film\ai-film-tool\backend\generated\_debug\1781665350940_scene_001\04_after_D_n_m_i.png
[2026-06-17T03:02:41.220Z] worker: Progress: new project control not found; continuing in current Flow workspace
[2026-06-17T03:02:42.743Z] worker: [BOT] 🎬 [1/2] Bắt đầu quá trình tạo Ảnh (Image Generation)...
[2026-06-17T03:02:42.745Z] worker: [BOT] ⚙️ Đang cấu hình cài đặt cho image...
[2026-06-17T03:02:45.476Z] worker: [BOT] ☁️ Đã đẩy 5 file lên hệ thống ngầm.
[2026-06-17T03:02:45.477Z] worker: [BOT] ⏳ Đang chờ 30 giây để đảm bảo tất cả ảnh được tải lên thành công...
[2026-06-17T03:03:30.835Z] worker: [BOT] Direct upload did not show composer attachments; trying asset picker.
[2026-06-17T03:03:30.837Z] worker: [BOT] ☁️ Đang đính kèm lần lượt 5 ảnh vào ô chat...
[2026-06-17T03:03:43.674Z] worker: [BOT] Attached ref_000.png through active file input.
[2026-06-17T03:04:12.835Z] worker: [BOT] Attached ref_001.png through active file input.
[2026-06-17T03:04:49.349Z] worker: [BOT] ⚠️ Không tìm thấy nút 'Thêm vào câu lệnh' cho ref_002.png.
[2026-06-17T03:05:10.542Z] worker: [BOT] Attached ref_003.png through active file input.
[2026-06-17T03:05:42.956Z] worker: [BOT] ❌ Lỗi: Không tìm thấy ảnh ref_004.png trong thư viện sau 30s. Bỏ qua.
[2026-06-17T03:05:43.099Z] worker: [FlowWorker] screenshot: D:\workspace\Python\App\make film\ai-film-tool\backend\generated\_debug\1781665350940_scene_001\17_upload_attach_failed.png
[2026-06-17T03:05:43.362Z] worker: [FlowWorker] screenshot failed: Event loop is closed! Is Playwright already stopped?
[2026-06-17T03:05:43.363Z] result: {"status": "error", "message": "[BOT] Failed to attach 2/5 required image file(s) to the Flow composer.. Debug: D:\\workspace\\Python\\App\\make film\\ai-film-tool\\backend\\generated\\_debug\\1781665350940_scene_001"}
[2026-06-17T03:05:43.395Z] failed: [BOT] Failed to attach 2/5 required image file(s) to the Flow composer.. Debug: D:\workspace\Python\App\make film\ai-film-tool\backend\generated\_debug\1781665350940_scene_001
[2026-06-17T03:05:43.396Z] spawn: python D:\workspace\Python\App\make film\ai-film-tool\backend\python_workers\browser_automation.py --job D:\workspace\Python\App\make film\ai-film-tool\backend\tmp\jobs\-api-generate-flow-scene-stream-1-d4400894-0cfb-4ff7-97c4-70ca64b47bba.json
[2026-06-17T03:05:44.123Z] worker: [BOT] 🌐 Đang mở trang web Google Flow...
[2026-06-17T03:05:49.198Z] worker: Progress: opened https://labs.google/fx/vi/tools/flow
[2026-06-17T03:05:49.643Z] worker: [FlowWorker] screenshot: D:\workspace\Python\App\make film\ai-film-tool\backend\generated\_debug\1781665543634_scene_001\02_opened.png
[2026-06-17T03:05:50.314Z] worker: Progress: clicked entry button: Dự án mới
[2026-06-17T03:05:52.948Z] worker: [FlowWorker] screenshot: D:\workspace\Python\App\make film\ai-film-tool\backend\generated\_debug\1781665543634_scene_001\04_after_D_n_m_i.png
[2026-06-17T03:05:53.267Z] worker: Progress: new project control not found; continuing in current Flow workspace
[2026-06-17T03:05:53.376Z] worker: [BOT] 🎬 [1/2] Bắt đầu quá trình tạo Ảnh (Image Generation)...
[2026-06-17T03:05:53.377Z] worker: [BOT] ⚙️ Đang cấu hình cài đặt cho image...
[2026-06-17T03:06:25.189Z] worker: [FlowWorker] screenshot failed: Event loop is closed! Is Playwright already stopped?
[2026-06-17T03:06:25.190Z] result: {"status": "error", "message": "Timeout 30000ms exceeded.. Debug: D:\\workspace\\Python\\App\\make film\\ai-film-tool\\backend\\generated\\_debug\\1781665543634_scene_001"}
[2026-06-17T03:06:25.242Z] failed: Timeout 30000ms exceeded.. Debug: D:\workspace\Python\App\make film\ai-film-tool\backend\generated\_debug\1781665543634_scene_001
[2026-06-17T03:06:25.243Z] spawn: py -3 D:\workspace\Python\App\make film\ai-film-tool\backend\python_workers\browser_automation.py --job D:\workspace\Python\App\make film\ai-film-tool\backend\tmp\jobs\-api-generate-flow-scene-stream-1-d4400894-0cfb-4ff7-97c4-70ca64b47bba.json
[2026-06-17T03:06:25.948Z] worker: [BOT] 🌐 Đang mở trang web Google Flow...
[2026-06-17T03:06:31.205Z] worker: Progress: opened https://labs.google/fx/vi/tools/flow
[2026-06-17T03:06:31.662Z] worker: [FlowWorker] screenshot: D:\workspace\Python\App\make film\ai-film-tool\backend\generated\_debug\1781665585472_scene_001\02_opened.png
[2026-06-17T03:06:32.275Z] worker: Progress: clicked entry button: Dự án mới
[2026-06-17T03:06:34.939Z] worker: [FlowWorker] screenshot: D:\workspace\Python\App\make film\ai-film-tool\backend\generated\_debug\1781665585472_scene_001\04_after_D_n_m_i.png
[2026-06-17T03:06:35.322Z] worker: Progress: new project control not found; continuing in current Flow workspace
[2026-06-17T03:06:35.383Z] worker: [BOT] 🎬 [1/2] Bắt đầu quá trình tạo Ảnh (Image Generation)...
[2026-06-17T03:06:35.384Z] worker: [BOT] ⚙️ Đang cấu hình cài đặt cho image...
[2026-06-17T03:06:37.994Z] worker: [BOT] ☁️ Đang đính kèm lần lượt 5 ảnh vào ô chat...
[2026-06-17T03:06:39.365Z] worker: [BOT] ☁️ Không thấy ref_000.png trong thư viện, tiến hành upload...
[2026-06-17T03:06:52.205Z] worker: [BOT] Attached ref_000.png through active file input.
[2026-06-17T03:06:53.605Z] worker: [BOT] ☁️ Không thấy ref_001.png trong thư viện, tiến hành upload...
[2026-06-17T03:07:05.342Z] worker: [BOT] Attached ref_001.png through active file input.
[2026-06-17T03:07:06.751Z] worker: [BOT] ☁️ Không thấy ref_002.png trong thư viện, tiến hành upload...
[2026-06-17T03:07:17.459Z] worker: [BOT] Attached ref_002.png through active file input.
[2026-06-17T03:07:18.847Z] worker: [BOT] ☁️ Không thấy ref_003.png trong thư viện, tiến hành upload...
[2026-06-17T03:07:39.793Z] worker: [BOT] ❌ Lỗi: Không tìm thấy ảnh ref_003.png trong thư viện sau khi upload. Bỏ qua.
