[2026-06-17T05:47:06.519Z] job started: type=scene, scene=1
[2026-06-17T05:47:06.520Z] spawn: D:\workspace\Python\App\make film\ai-film-tool\backend\venv\Scripts\python.exe D:\workspace\Python\App\make film\ai-film-tool\backend\python_workers\browser_automation.py --job D:\workspace\Python\App\make film\ai-film-tool\backend\tmp\jobs\-api-generate-flow-scene-stream-1-d365c9b1-f09e-4704-8f7e-9ffd16b15630.json
[2026-06-17T05:47:07.473Z] worker: [BOT] 🌐 Đang mở trang web Google Flow...
[2026-06-17T05:47:12.477Z] worker: Progress: opened https://labs.google/fx/vi/tools/flow
[2026-06-17T05:47:12.881Z] worker: [FlowWorker] screenshot: D:\workspace\Python\App\make film\ai-film-tool\backend\generated\_debug\1781675226762_scene_001\02_opened.png
[2026-06-17T05:47:13.394Z] worker: Progress: clicked entry button: Dự án mới
[2026-06-17T05:47:16.795Z] worker: [FlowWorker] screenshot: D:\workspace\Python\App\make film\ai-film-tool\backend\generated\_debug\1781675226762_scene_001\04_after_D_n_m_i.png
[2026-06-17T05:47:16.983Z] worker: Progress: new project control not found; continuing in current Flow workspace
[2026-06-17T05:47:17.014Z] worker: [BOT] 🎬 [1/2] Bắt đầu quá trình tạo Ảnh (Image Generation)...
[2026-06-17T05:47:17.014Z] worker: [BOT] ⚙️ Đang cấu hình cài đặt cho image...
[2026-06-17T05:47:19.718Z] worker: [BOT] Đã bật lại nút Tác nhân.
[2026-06-17T05:47:21.880Z] worker: [BOT] ☁️ Đang đính kèm lần lượt 5 ảnh vào ô chat...
[2026-06-17T05:47:24.022Z] worker: [BOT] ☁️ Đã gửi ref_000.png, đang chờ upload...
[2026-06-17T05:47:27.067Z] worker: [BOT] ⏳ Nút 'Thêm vào câu lệnh' chưa sáng, chờ thêm... (round 1)
[2026-06-17T05:47:30.112Z] worker: [BOT] ⏳ Nút 'Thêm vào câu lệnh' chưa sáng, chờ thêm... (round 2)
[2026-06-17T05:47:33.150Z] worker: [BOT] ⏳ Nút 'Thêm vào câu lệnh' chưa sáng, chờ thêm... (round 3)
[2026-06-17T05:47:36.548Z] worker: [BOT] ✅ Đã ấn 'Thêm vào câu lệnh' cho ref_000.png.
[2026-06-17T05:47:39.729Z] worker: [BOT] ☁️ Đã gửi ref_001.png, đang chờ upload...
[2026-06-17T05:47:42.763Z] worker: [BOT] ⏳ Nút 'Thêm vào câu lệnh' chưa sáng, chờ thêm... (round 1)
[2026-06-17T05:47:45.798Z] worker: [BOT] ⏳ Nút 'Thêm vào câu lệnh' chưa sáng, chờ thêm... (round 2)
[2026-06-17T05:47:48.839Z] worker: [BOT] ⏳ Nút 'Thêm vào câu lệnh' chưa sáng, chờ thêm... (round 3)
[2026-06-17T05:47:52.196Z] worker: [BOT] ✅ Đã ấn 'Thêm vào câu lệnh' cho ref_001.png.
[2026-06-17T05:47:55.330Z] worker: [BOT] ☁️ Đã gửi ref_002.png, đang chờ upload...
[2026-06-17T05:47:58.372Z] worker: [BOT] ⏳ Nút 'Thêm vào câu lệnh' chưa sáng, chờ thêm... (round 1)
[2026-06-17T05:48:01.423Z] worker: [BOT] ⏳ Nút 'Thêm vào câu lệnh' chưa sáng, chờ thêm... (round 2)
[2026-06-17T05:48:04.802Z] worker: [BOT] ✅ Đã ấn 'Thêm vào câu lệnh' cho ref_002.png.
[2026-06-17T05:48:08.026Z] worker: [BOT] ☁️ Đã gửi ref_003.png, đang chờ upload...
[2026-06-17T05:48:11.073Z] worker: [BOT] ⏳ Nút 'Thêm vào câu lệnh' chưa sáng, chờ thêm... (round 1)
[2026-06-17T05:48:14.128Z] worker: [BOT] ⏳ Nút 'Thêm vào câu lệnh' chưa sáng, chờ thêm... (round 2)
[2026-06-17T05:48:17.177Z] worker: [BOT] ⏳ Nút 'Thêm vào câu lệnh' chưa sáng, chờ thêm... (round 3)
[2026-06-17T05:48:20.738Z] worker: [BOT] ✅ Đã ấn 'Thêm vào câu lệnh' cho ref_003.png.
[2026-06-17T05:48:23.950Z] worker: [BOT] ☁️ Đã gửi ref_004.png, đang chờ upload...
[2026-06-17T05:48:26.991Z] worker: [BOT] ⏳ Nút 'Thêm vào câu lệnh' chưa sáng, chờ thêm... (round 1)
[2026-06-17T05:48:30.041Z] worker: [BOT] ⏳ Nút 'Thêm vào câu lệnh' chưa sáng, chờ thêm... (round 2)
[2026-06-17T05:48:33.077Z] worker: [BOT] ⏳ Nút 'Thêm vào câu lệnh' chưa sáng, chờ thêm... (round 3)
[2026-06-17T05:48:36.482Z] worker: [BOT] ✅ Đã ấn 'Thêm vào câu lệnh' cho ref_004.png.
[2026-06-17T05:48:37.491Z] worker: [BOT] Attached 5/5 required file(s) successfully.
[2026-06-17T05:48:37.491Z] worker: [BOT] ⏳ Đang chờ hệ thống xử lý ảnh vừa upload...
[2026-06-17T05:48:54.551Z] worker: [BOT] ⌨️ Đang gõ chữ tuần tự...
[2026-06-17T05:49:02.425Z] worker: Progress: filled prompt
[2026-06-17T05:49:02.431Z] worker: [BOT] Baseline: 11 media identifiers đã lưu trước khi submit.
[2026-06-17T05:49:02.440Z] worker: Progress: clicked composer submit button
[2026-06-17T05:49:05.450Z] worker: [BOT] ⏳ Đã Submit, đang chờ image hoàn thành...
[2026-06-17T05:49:10.469Z] worker: [BOT] ⏳ Chờ thêm 15s cho UI ổn định...
