[2026-06-17T05:03:33.524Z] job started: type=scene, scene=1
[2026-06-17T05:03:33.527Z] spawn: D:\workspace\Python\App\make film\ai-film-tool\backend\venv\Scripts\python.exe D:\workspace\Python\App\make film\ai-film-tool\backend\python_workers\browser_automation.py --job D:\workspace\Python\App\make film\ai-film-tool\backend\tmp\jobs\-api-generate-flow-scene-stream-1-185051c8-b273-411c-9959-bc39df0d4848.json
[2026-06-17T05:03:34.304Z] worker: [BOT] 🌐 Đang mở trang web Google Flow...
[2026-06-17T05:03:39.211Z] worker: Progress: opened https://labs.google/fx/vi/tools/flow
[2026-06-17T05:03:39.553Z] worker: [FlowWorker] screenshot: D:\workspace\Python\App\make film\ai-film-tool\backend\generated\_debug\1781672613741_scene_001\02_opened.png
[2026-06-17T05:03:40.031Z] worker: Progress: clicked entry button: Dự án mới
[2026-06-17T05:03:43.414Z] worker: [FlowWorker] screenshot: D:\workspace\Python\App\make film\ai-film-tool\backend\generated\_debug\1781672613741_scene_001\04_after_D_n_m_i.png
[2026-06-17T05:03:43.587Z] worker: Progress: new project control not found; continuing in current Flow workspace
[2026-06-17T05:03:43.621Z] worker: [BOT] 🎬 [1/2] Bắt đầu quá trình tạo Ảnh (Image Generation)...
[2026-06-17T05:03:43.621Z] worker: [BOT] ⚙️ Đang cấu hình cài đặt cho image...
[2026-06-17T05:03:46.289Z] worker: [BOT] Đã bật lại nút Tác nhân.
[2026-06-17T05:03:48.542Z] worker: [BOT] ☁️ Đang đính kèm lần lượt 5 ảnh vào ô chat...
[2026-06-17T05:03:50.637Z] worker: [BOT] ☁️ Đã gửi ref_000.png, đang chờ upload...
[2026-06-17T05:04:14.745Z] worker: [BOT] ⚠️ ref_000.png chưa auto-attach, thử tìm trong gallery...
[2026-06-17T05:04:16.948Z] worker: [BOT] ❌ Không tìm thấy ảnh ref_000.png trong thư viện.
[2026-06-17T05:04:19.077Z] worker: [BOT] ☁️ Đã gửi ref_001.png, đang chờ upload...
[2026-06-17T05:04:43.194Z] worker: [BOT] ⚠️ ref_001.png chưa auto-attach, thử tìm trong gallery...
[2026-06-17T05:04:45.376Z] worker: [BOT] ❌ Không tìm thấy ảnh ref_001.png trong thư viện.
[2026-06-17T05:04:47.543Z] worker: [BOT] ☁️ Đã gửi ref_002.png, đang chờ upload...
[2026-06-17T05:05:11.674Z] worker: [BOT] ⚠️ ref_002.png chưa auto-attach, thử tìm trong gallery...
[2026-06-17T05:05:13.876Z] worker: [BOT] ❌ Không tìm thấy ảnh ref_002.png trong thư viện.
[2026-06-17T05:05:16.056Z] worker: [BOT] ☁️ Đã gửi ref_003.png, đang chờ upload...
[2026-06-17T05:05:40.191Z] worker: [BOT] ⚠️ ref_003.png chưa auto-attach, thử tìm trong gallery...
[2026-06-17T05:05:42.365Z] worker: [BOT] ❌ Không tìm thấy ảnh ref_003.png trong thư viện.
[2026-06-17T05:05:44.508Z] worker: [BOT] ☁️ Đã gửi ref_004.png, đang chờ upload...
