[2026-06-19T03:02:37.819Z] job started: type=scene, scene=4
[2026-06-19T03:02:37.820Z] spawn: D:\workspace\Python\App\make film\ai-film-tool\backend\venv\Scripts\python.exe D:\workspace\Python\App\make film\ai-film-tool\backend\python_workers\browser_automation.py --job D:\workspace\Python\App\make film\ai-film-tool\backend\tmp\jobs\-api-generate-flow-scene-stream-4-5d7747c0-1ebd-4ec9-92a7-2abc854a20c3.json
[2026-06-19T03:02:40.287Z] worker: [BOT] 🌐 Đang mở trang web Google Flow...
[2026-06-19T03:02:45.246Z] worker: Progress: opened https://labs.google/fx/vi/tools/flow/project/ed730d0f-d689-4b0e-8096-3315304f3bf4
[2026-06-19T03:02:45.612Z] worker: [FlowWorker] screenshot: D:\workspace\Python\App\make film\ai-film-tool\backend\generated\_debug\1781838158031_scene_004\02_opened.png
[2026-06-19T03:02:45.815Z] worker: Progress: composer already visible
[2026-06-19T03:02:45.856Z] worker: [BOT] 🎬 [1/2] Bắt đầu quá trình tạo Ảnh (Image Generation)...
[2026-06-19T03:02:45.857Z] worker: [BOT] ⚙️ Đang cấu hình cài đặt cho image...
[2026-06-19T03:02:48.576Z] worker: [BOT] ✅ Đã chọn Tab Hình ảnh
[2026-06-19T03:02:50.329Z] worker: [BOT] ☁️ Đang đính kèm lần lượt 6 ảnh vào ô chat...
[2026-06-19T03:02:52.506Z] worker: [BOT] ☁️ Đã gửi ref_000.png, đang chờ upload...
[2026-06-19T03:02:55.529Z] worker: [BOT] ⏳ Nút 'Thêm vào câu lệnh' chưa sáng, chờ thêm... (round 1)
[2026-06-19T03:02:58.563Z] worker: [BOT] ⏳ Nút 'Thêm vào câu lệnh' chưa sáng, chờ thêm... (round 2)
[2026-06-19T03:03:01.603Z] worker: [BOT] ⏳ Nút 'Thêm vào câu lệnh' chưa sáng, chờ thêm... (round 3)
[2026-06-19T03:03:04.981Z] worker: [BOT] ✅ Đã ấn 'Thêm vào câu lệnh' cho ref_000.png.
[2026-06-19T03:03:08.198Z] worker: [BOT] ☁️ Đã gửi ref_001.png, đang chờ upload...
[2026-06-19T03:03:11.245Z] worker: [BOT] ⏳ Nút 'Thêm vào câu lệnh' chưa sáng, chờ thêm... (round 1)
[2026-06-19T03:03:14.289Z] worker: [BOT] ⏳ Nút 'Thêm vào câu lệnh' chưa sáng, chờ thêm... (round 2)
[2026-06-19T03:03:17.326Z] worker: [BOT] ⏳ Nút 'Thêm vào câu lệnh' chưa sáng, chờ thêm... (round 3)
[2026-06-19T03:03:20.695Z] worker: [BOT] ✅ Đã ấn 'Thêm vào câu lệnh' cho ref_001.png.
[2026-06-19T03:03:23.984Z] worker: [BOT] ☁️ Đã gửi ref_002.png, đang chờ upload...
[2026-06-19T03:03:27.037Z] worker: [BOT] ⏳ Nút 'Thêm vào câu lệnh' chưa sáng, chờ thêm... (round 1)
[2026-06-19T03:03:30.072Z] worker: [BOT] ⏳ Nút 'Thêm vào câu lệnh' chưa sáng, chờ thêm... (round 2)
[2026-06-19T03:03:33.095Z] worker: [BOT] ⏳ Nút 'Thêm vào câu lệnh' chưa sáng, chờ thêm... (round 3)
[2026-06-19T03:03:36.472Z] worker: [BOT] ✅ Đã ấn 'Thêm vào câu lệnh' cho ref_002.png.
[2026-06-19T03:03:39.703Z] worker: [BOT] ☁️ Đã gửi ref_003.png, đang chờ upload...
[2026-06-19T03:03:42.746Z] worker: [BOT] ⏳ Nút 'Thêm vào câu lệnh' chưa sáng, chờ thêm... (round 1)
[2026-06-19T03:03:45.790Z] worker: [BOT] ⏳ Nút 'Thêm vào câu lệnh' chưa sáng, chờ thêm... (round 2)
[2026-06-19T03:03:48.834Z] worker: [BOT] ⏳ Nút 'Thêm vào câu lệnh' chưa sáng, chờ thêm... (round 3)
[2026-06-19T03:03:52.220Z] worker: [BOT] ✅ Đã ấn 'Thêm vào câu lệnh' cho ref_003.png.
[2026-06-19T03:03:55.409Z] worker: [BOT] ☁️ Đã gửi ref_004.png, đang chờ upload...
[2026-06-19T03:03:58.443Z] worker: [BOT] ⏳ Nút 'Thêm vào câu lệnh' chưa sáng, chờ thêm... (round 1)
[2026-06-19T03:04:01.492Z] worker: [BOT] ⏳ Nút 'Thêm vào câu lệnh' chưa sáng, chờ thêm... (round 2)
[2026-06-19T03:04:04.576Z] worker: [BOT] ⏳ Nút 'Thêm vào câu lệnh' chưa sáng, chờ thêm... (round 3)
[2026-06-19T03:04:07.954Z] worker: [BOT] ✅ Đã ấn 'Thêm vào câu lệnh' cho ref_004.png.
[2026-06-19T03:04:11.176Z] worker: [BOT] ☁️ Đã gửi FILM_scene_003_image_1781837724120.png, đang chờ upload...
[2026-06-19T03:04:14.213Z] worker: [BOT] ⏳ Nút 'Thêm vào câu lệnh' chưa sáng, chờ thêm... (round 1)
[2026-06-19T03:04:17.231Z] worker: [BOT] ⏳ Nút 'Thêm vào câu lệnh' chưa sáng, chờ thêm... (round 2)
[2026-06-19T03:04:20.264Z] worker: [BOT] ⏳ Nút 'Thêm vào câu lệnh' chưa sáng, chờ thêm... (round 3)
[2026-06-19T03:04:23.619Z] worker: [BOT] ✅ Đã ấn 'Thêm vào câu lệnh' cho FILM_scene_003_image_1781837724120.png.
[2026-06-19T03:04:24.630Z] worker: [BOT] Attached 6/6 required file(s) successfully.
[2026-06-19T03:04:24.631Z] worker: [BOT] ⏳ Đang chờ hệ thống xử lý ảnh vừa upload...
[2026-06-19T03:04:41.714Z] worker: [BOT] ⌨️ Đang gõ chữ tuần tự...
[2026-06-19T03:04:50.330Z] worker: Progress: filled prompt
[2026-06-19T03:04:50.334Z] worker: [BOT] Baseline: 13 media identifiers đã lưu trước khi submit.
[2026-06-19T03:04:51.993Z] worker: Progress: submitted prompt with keyboard
[2026-06-19T03:04:55.000Z] worker: [BOT] ⏳ Đã Submit, đang chờ image hoàn thành...
[2026-06-19T03:05:00.013Z] worker: [BOT] ⏳ Chờ thêm 15s cho UI ổn định...
[2026-06-19T03:05:15.107Z] worker: [BOT] ⚠️ Cảnh báo: Phát hiện text nghi ngờ lỗi trên UI, nhưng vẫn tiếp tục chờ...
[2026-06-19T03:05:20.202Z] worker: [BOT] ⚠️ Cảnh báo: Phát hiện text nghi ngờ lỗi trên UI, nhưng vẫn tiếp tục chờ...
[2026-06-19T03:05:25.329Z] worker: [BOT] ⚠️ Cảnh báo: Phát hiện text nghi ngờ lỗi trên UI, nhưng vẫn tiếp tục chờ...
[2026-06-19T03:05:30.465Z] worker: [BOT] ⚠️ Cảnh báo: Phát hiện text nghi ngờ lỗi trên UI, nhưng vẫn tiếp tục chờ...
[2026-06-19T03:05:35.564Z] worker: [BOT] ⚠️ Cảnh báo: Phát hiện text nghi ngờ lỗi trên UI, nhưng vẫn tiếp tục chờ...
[2026-06-19T03:05:40.691Z] worker: [BOT] ⚠️ Cảnh báo: Phát hiện text nghi ngờ lỗi trên UI, nhưng vẫn tiếp tục chờ...
[2026-06-19T03:05:45.845Z] worker: [BOT] ⚠️ Cảnh báo: Phát hiện text nghi ngờ lỗi trên UI, nhưng vẫn tiếp tục chờ...
[2026-06-19T03:05:50.979Z] worker: [BOT] ⚠️ Cảnh báo: Phát hiện text nghi ngờ lỗi trên UI, nhưng vẫn tiếp tục chờ...
[2026-06-19T03:05:56.088Z] worker: [BOT] ⚠️ Cảnh báo: Phát hiện text nghi ngờ lỗi trên UI, nhưng vẫn tiếp tục chờ...
[2026-06-19T03:06:01.235Z] worker: [BOT] ⚠️ Cảnh báo: Phát hiện text nghi ngờ lỗi trên UI, nhưng vẫn tiếp tục chờ...
[2026-06-19T03:06:06.348Z] worker: [BOT] ⚠️ Cảnh báo: Phát hiện text nghi ngờ lỗi trên UI, nhưng vẫn tiếp tục chờ...
[2026-06-19T03:06:11.471Z] worker: [BOT] ⚠️ Cảnh báo: Phát hiện text nghi ngờ lỗi trên UI, nhưng vẫn tiếp tục chờ...
[2026-06-19T03:06:16.584Z] worker: [BOT] ⚠️ Cảnh báo: Phát hiện text nghi ngờ lỗi trên UI, nhưng vẫn tiếp tục chờ...
[2026-06-19T03:06:21.675Z] worker: [BOT] ⚠️ Cảnh báo: Phát hiện text nghi ngờ lỗi trên UI, nhưng vẫn tiếp tục chờ...
[2026-06-19T03:06:26.769Z] worker: [BOT] ⚠️ Cảnh báo: Phát hiện text nghi ngờ lỗi trên UI, nhưng vẫn tiếp tục chờ...
[2026-06-19T03:06:31.858Z] worker: [BOT] ⚠️ Cảnh báo: Phát hiện text nghi ngờ lỗi trên UI, nhưng vẫn tiếp tục chờ...
[2026-06-19T03:06:37.003Z] worker: [BOT] ⚠️ Cảnh báo: Phát hiện text nghi ngờ lỗi trên UI, nhưng vẫn tiếp tục chờ...
[2026-06-19T03:06:42.107Z] worker: [BOT] ⚠️ Cảnh báo: Phát hiện text nghi ngờ lỗi trên UI, nhưng vẫn tiếp tục chờ...
[2026-06-19T03:06:47.191Z] worker: [BOT] ⚠️ Cảnh báo: Phát hiện text nghi ngờ lỗi trên UI, nhưng vẫn tiếp tục chờ...
[2026-06-19T03:06:52.264Z] worker: [BOT] ⚠️ Cảnh báo: Phát hiện text nghi ngờ lỗi trên UI, nhưng vẫn tiếp tục chờ...
[2026-06-19T03:06:57.396Z] worker: [BOT] ⚠️ Cảnh báo: Phát hiện text nghi ngờ lỗi trên UI, nhưng vẫn tiếp tục chờ...
[2026-06-19T03:07:02.518Z] worker: [BOT] ⚠️ Cảnh báo: Phát hiện text nghi ngờ lỗi trên UI, nhưng vẫn tiếp tục chờ...
[2026-06-19T03:07:07.647Z] worker: [BOT] ⚠️ Cảnh báo: Phát hiện text nghi ngờ lỗi trên UI, nhưng vẫn tiếp tục chờ...
[2026-06-19T03:07:12.761Z] worker: [BOT] ⚠️ Cảnh báo: Phát hiện text nghi ngờ lỗi trên UI, nhưng vẫn tiếp tục chờ...
[2026-06-19T03:07:17.835Z] worker: [BOT] ⚠️ Cảnh báo: Phát hiện text nghi ngờ lỗi trên UI, nhưng vẫn tiếp tục chờ...
[2026-06-19T03:07:22.937Z] worker: [BOT] ⚠️ Cảnh báo: Phát hiện text nghi ngờ lỗi trên UI, nhưng vẫn tiếp tục chờ...
[2026-06-19T03:07:27.989Z] worker: [BOT] ⏳ Đã tìm thấy image mới do AI tạo ra, chờ thêm 5s để render 100%...
[2026-06-19T03:07:33.021Z] worker: [BOT] ✅ Đã phát hiện image mới.
[2026-06-19T03:07:33.022Z] worker: [BOT] 🔗 src URL: https://labs.google/fx/api/trpc/media.getMediaUrlRedirect?name=8c4b6692-15b2-4079-aa09-2115b677a647...
[2026-06-19T03:07:34.612Z] worker: [BOT] 💾 Đã tải image thành công (content-type: image/jpeg, size: 1196464 bytes).
[2026-06-19T03:07:34.613Z] event: image_done {"scene_index":4,"result_url":"http://localhost:3000/generated/FILM_scene_004_image_1781838165815.png","local_path":"D:\\workspace\\Python\\App\\make film\\ai-film-tool\\backend\\generated\\FILM_scene_004_image_1781838165815.png"}
[2026-06-19T03:07:34.614Z] worker: [BOT] 🎬 [2/2] Bắt đầu quá trình tạo Video từ Ảnh vừa tạo...
[2026-06-19T03:07:34.614Z] worker: [BOT] ⚙️ Đang cấu hình cài đặt cho video...
[2026-06-19T03:07:39.136Z] worker: [BOT] ✅ Đã chọn Tab Video
[2026-06-19T03:07:47.912Z] worker: [BOT] ☁️ Đang đính kèm lần lượt 1 ảnh vào ô chat...
[2026-06-19T03:07:51.198Z] worker: [BOT] ☁️ Đã gửi FILM_scene_004_image_1781838165815.png, đang chờ upload...
[2026-06-19T03:07:54.251Z] worker: [BOT] ⏳ Nút 'Thêm vào câu lệnh' chưa sáng, chờ thêm... (round 1)
[2026-06-19T03:07:57.292Z] worker: [BOT] ⏳ Nút 'Thêm vào câu lệnh' chưa sáng, chờ thêm... (round 2)
[2026-06-19T03:08:00.336Z] worker: [BOT] ⏳ Nút 'Thêm vào câu lệnh' chưa sáng, chờ thêm... (round 3)
[2026-06-19T03:08:03.698Z] worker: [BOT] ✅ Đã ấn 'Thêm vào câu lệnh' cho FILM_scene_004_image_1781838165815.png.
[2026-06-19T03:08:04.708Z] worker: [BOT] Attached 1/1 required file(s) successfully.
[2026-06-19T03:08:04.709Z] worker: [BOT] ⏳ Đang chờ hệ thống xử lý ảnh vừa upload...
[2026-06-19T03:08:21.726Z] worker: [BOT] ⌨️ Đang gõ chữ tuần tự...
[2026-06-19T03:08:32.334Z] worker: Progress: filled prompt
[2026-06-19T03:08:32.338Z] worker: [BOT] Baseline: 17 media identifiers đã lưu trước khi submit.
[2026-06-19T03:08:32.366Z] worker: Progress: clicked composer submit button (Near Prompt Match)
[2026-06-19T03:08:35.385Z] worker: [BOT] ⏳ Đã Submit, đang chờ video hoàn thành...
[2026-06-19T03:08:40.402Z] worker: [BOT] ⏳ Chờ thêm 15s cho UI ổn định...
[2026-06-19T03:08:55.433Z] worker: [BOT] ⚠️ Cảnh báo: Phát hiện text nghi ngờ lỗi trên UI, nhưng vẫn tiếp tục chờ...
[2026-06-19T03:09:00.475Z] worker: [BOT] ⚠️ Cảnh báo: Phát hiện text nghi ngờ lỗi trên UI, nhưng vẫn tiếp tục chờ...
[2026-06-19T03:09:05.515Z] worker: [BOT] ⚠️ Cảnh báo: Phát hiện text nghi ngờ lỗi trên UI, nhưng vẫn tiếp tục chờ...
[2026-06-19T03:09:10.545Z] worker: [BOT] ⚠️ Cảnh báo: Phát hiện text nghi ngờ lỗi trên UI, nhưng vẫn tiếp tục chờ...
[2026-06-19T03:09:15.573Z] worker: [BOT] ⚠️ Cảnh báo: Phát hiện text nghi ngờ lỗi trên UI, nhưng vẫn tiếp tục chờ...
[2026-06-19T03:09:20.600Z] worker: [BOT] ⚠️ Cảnh báo: Phát hiện text nghi ngờ lỗi trên UI, nhưng vẫn tiếp tục chờ...
[2026-06-19T03:09:25.621Z] worker: [BOT] ⚠️ Cảnh báo: Phát hiện text nghi ngờ lỗi trên UI, nhưng vẫn tiếp tục chờ...
[2026-06-19T03:09:30.742Z] worker: [BOT] ⚠️ Cảnh báo: Phát hiện text nghi ngờ lỗi trên UI, nhưng vẫn tiếp tục chờ...
[2026-06-19T03:09:35.791Z] worker: [BOT] ⚠️ Cảnh báo: Phát hiện text nghi ngờ lỗi trên UI, nhưng vẫn tiếp tục chờ...
[2026-06-19T03:09:40.834Z] worker: [BOT] ⚠️ Cảnh báo: Phát hiện text nghi ngờ lỗi trên UI, nhưng vẫn tiếp tục chờ...
[2026-06-19T03:09:45.855Z] worker: [BOT] ⚠️ Cảnh báo: Phát hiện text nghi ngờ lỗi trên UI, nhưng vẫn tiếp tục chờ...
[2026-06-19T03:09:50.883Z] worker: [BOT] ⚠️ Cảnh báo: Phát hiện text nghi ngờ lỗi trên UI, nhưng vẫn tiếp tục chờ...
[2026-06-19T03:09:55.930Z] worker: [BOT] ⚠️ Cảnh báo: Phát hiện text nghi ngờ lỗi trên UI, nhưng vẫn tiếp tục chờ...
[2026-06-19T03:10:00.963Z] worker: [BOT] ⚠️ Cảnh báo: Phát hiện text nghi ngờ lỗi trên UI, nhưng vẫn tiếp tục chờ...
[2026-06-19T03:10:06.014Z] worker: [BOT] ⚠️ Cảnh báo: Phát hiện text nghi ngờ lỗi trên UI, nhưng vẫn tiếp tục chờ...
[2026-06-19T03:10:11.047Z] worker: [BOT] ⚠️ Cảnh báo: Phát hiện text nghi ngờ lỗi trên UI, nhưng vẫn tiếp tục chờ...
[2026-06-19T03:10:16.076Z] worker: [BOT] ⚠️ Cảnh báo: Phát hiện text nghi ngờ lỗi trên UI, nhưng vẫn tiếp tục chờ...
[2026-06-19T03:10:21.103Z] worker: [BOT] ⚠️ Cảnh báo: Phát hiện text nghi ngờ lỗi trên UI, nhưng vẫn tiếp tục chờ...
[2026-06-19T03:10:26.146Z] worker: [BOT] ⚠️ Cảnh báo: Phát hiện text nghi ngờ lỗi trên UI, nhưng vẫn tiếp tục chờ...
[2026-06-19T03:10:31.190Z] worker: [BOT] ⚠️ Cảnh báo: Phát hiện text nghi ngờ lỗi trên UI, nhưng vẫn tiếp tục chờ...
[2026-06-19T03:10:36.227Z] worker: [BOT] ⚠️ Cảnh báo: Phát hiện text nghi ngờ lỗi trên UI, nhưng vẫn tiếp tục chờ...
[2026-06-19T03:10:41.272Z] worker: [BOT] ⚠️ Cảnh báo: Phát hiện text nghi ngờ lỗi trên UI, nhưng vẫn tiếp tục chờ...
[2026-06-19T03:10:46.293Z] worker: [BOT] ⚠️ Cảnh báo: Phát hiện text nghi ngờ lỗi trên UI, nhưng vẫn tiếp tục chờ...
[2026-06-19T03:10:51.326Z] worker: [BOT] ⏳ Đã tìm thấy video mới do AI tạo ra, chờ thêm 5s để render 100%...
[2026-06-19T03:10:56.344Z] worker: [BOT] ✅ Đã phát hiện video mới.
[2026-06-19T03:10:56.344Z] worker: [BOT] 🔗 src URL: https://labs.google/fx/api/trpc/media.getMediaUrlRedirect?name=c91915c0-b9ef-414d-8447-4edaa48d5dae...
[2026-06-19T03:10:58.238Z] worker: [BOT] 💾 Đã tải video thành công (content-type: video/mp4, size: 3350710 bytes).
[2026-06-19T03:10:58.238Z] event: video_done {"scene_index":4,"result_url":"http://localhost:3000/generated/FILM_scene_004_video_1781838454611.mp4","local_path":"D:\\workspace\\Python\\App\\make film\\ai-film-tool\\backend\\generated\\FILM_scene_004_video_1781838454611.mp4"}
[2026-06-19T03:10:58.239Z] worker: [BOT] 🎊 Hoàn thành toàn bộ Scene!
[2026-06-19T03:10:58.239Z] event: scene_done {"scene_index":4,"result_url":"http://localhost:3000/generated/FILM_scene_004_video_1781838454611.mp4","image_result_url":"http://localhost:3000/generated/FILM_scene_004_image_1781838165815.png","image_local_path":"D:\\workspace\\Python\\App\\make film\\ai-film-tool\\backend\\generated\\FILM_scene_004_image_1781838165815.png","video_result_url":"http://localhost:3000/generated/FILM_scene_004_video_1781838454611.mp4","video_local_path":"D:\\workspace\\Python\\App\\make film\\ai-film-tool\\backend\\generated\\FILM_scene_004_video_1781838454611.mp4"}
[2026-06-19T03:10:58.495Z] result: {"status": "success", "type": "scene", "result_url": "http://localhost:3000/generated/FILM_scene_004_video_1781838454611.mp4", "image_result_url": "http://localhost:3000/generated/FILM_scene_004_image_1781838165815.png", "image_local_path": "D:\\workspace\\Python\\App\\make film\\ai-film-tool\\backend\\generated\\FILM_scene_004_image_1781838165815.png", "video_result_url": "http://localhost:3000/generated/FILM_scene_004_video_1781838454611.mp4", "video_local_path": "D:\\workspace\\Python\\App\\make film\\ai-film-tool\\backend\\generated\\FILM_scene_004_video_1781838454611.mp4", "project_url": "https://labs.google/fx/vi/tools/flow/project/ed730d0f-d689-4b0e-8096-3315304f3bf4", "prompt_hash": "d41d8cd98f00b204e9800998ecf8427e", "profile_used": "default", "debug_dir": "D:\\workspace\\Python\\App\\make film\\ai-film-tool\\backend\\generated\\_debug\\1781838158031_scene_004", "debug_steps": [{"message": "[BOT] 🌐 Đang mở trang web Google Flow..."}, {"message": "opened https://labs.google/fx/vi/tools/flow/project/ed730d0f-d689-4b0e-8096-3315304f3bf4"}, {"screenshot": "D:\\workspace\\Python\\App\\make film\\ai-film-tool\\backend\\generated\\_debug\\1781838158031_scene_004\\02_opened.png"}, {"message": "composer already visible"}, {"message": "[BOT] 🎬 [1/2] Bắt đầu quá trình tạo Ảnh (Image Generation)..."}, {"message": "[BOT] ⚙️ Đang cấu hình cài đặt cho image..."}, {"message": "[BOT] ✅ Đã chọn Tab Hình ảnh"}, {"message": "[BOT] ☁️ Đang đính kèm lần lượt 6 ảnh vào ô chat..."}, {"message": "[BOT] ☁️ Đã gửi ref_000.png, đang chờ upload..."}, {"message": "[BOT] ⏳ Nút 'Thêm vào câu lệnh' chưa sáng, chờ thêm... (round 1)"}, {"message": "[BOT] ⏳ Nút 'Thêm vào câu lệnh' chưa sáng, chờ thêm... (round 2)"}, {"message": "[BOT] ⏳ Nút 'Thêm vào câu lệnh' chưa sáng, chờ thêm... (round 3)"}, {"message": "[BOT] ✅ Đã ấn 'Thêm vào câu lệnh' cho ref_000.png."}, {"message": "[BOT] ☁️ Đã gửi ref_001.png, đang chờ upload..."}, {"message": "[BOT] ⏳ Nút 'Thêm vào câu lệnh' chưa sáng, chờ thêm... (round 1)"}, {"message": "[BOT] ⏳ Nút 'Thêm vào câu lệnh' chưa sáng, chờ thêm... (round 2)"}, {"message": "[BOT] ⏳ Nút 'Thêm vào câu lệnh' chưa sáng, chờ thêm... (round 3)"}, {"message": "[BOT] ✅ Đã ấn 'Thêm vào câu lệnh' cho ref_001.png."}, {"message": "[BOT] ☁️ Đã gửi ref_002.png, đang chờ upload..."}, {"message": "[BOT] ⏳ Nút 'Thêm vào câu lệnh' chưa sáng, chờ thêm... (round 1)"}, {"message": "[BOT] ⏳ Nút 'Thêm vào câu lệnh' chưa sáng, chờ thêm... (round 2)"}, {"message": "[BOT] ⏳ Nút 'Thêm vào câu lệnh' chưa sáng, chờ thêm... (round 3)"}, {"message": "[BOT] ✅ Đã ấn 'Thêm vào câu lệnh' cho ref_002.png."}, {"message": "[BOT] ☁️ Đã gửi ref_003.png, đang chờ upload..."}, {"message": "[BOT] ⏳ Nút 'Thêm vào câu lệnh' chưa sáng, chờ thêm... (round 1)"}, {"message": "[BOT] ⏳ Nút 'Thêm vào câu lệnh' chưa sáng, chờ thêm... (round 2)"}, {"message": "[BOT] ⏳ Nút 'Thêm vào câu lệnh' chưa sáng, chờ thêm... (round 3)"}, {"message": "[BOT] ✅ Đã ấn 'Thêm vào câu lệnh' cho ref_003.png."}, {"message": "[BOT] ☁️ Đã gửi ref_004.png, đang chờ upload..."}, {"message": "[BOT] ⏳ Nút 'Thêm vào câu lệnh' chưa sáng, chờ thêm... (round 1)"}, {"message": "[BOT] ⏳ Nút 'Thêm vào câu lệnh' chưa sáng, chờ thêm... (round 2)"}, {"message": "[BOT] ⏳ Nút 'Thêm vào câu lệnh' chưa sáng, chờ thêm... (round 3)"}, {"message": "[BOT] ✅ Đã ấn 'Thêm vào câu lệnh' cho ref_004.png."}, {"message": "[BOT] ☁️ Đã gửi FILM_scene_003_image_1781837724120.png, đang chờ upload..."}, {"message": "[BOT] ⏳ Nút 'Thêm vào câu lệnh' chưa sáng, chờ thêm... (round 1)"}, {"message": "[BOT] ⏳ Nút 'Thêm vào câu lệnh' chưa sáng, chờ thêm... (round 2)"}, {"message": "[BOT] ⏳ Nút 'Thêm vào câu lệnh' chưa sáng, chờ thêm... (round 3)"}, {"message": "[BOT] ✅ Đã ấn 'Thêm vào câu lệnh' cho FILM_scene_003_image_1781837724120.png."}, {"message": "[BOT] Attached 6/6 required file(s) successfully."}, {"message": "[BOT] ⏳ Đang chờ hệ thống xử lý ảnh vừa upload..."}, {"message": "[BOT] ⌨️ Đang gõ chữ tuần tự..."}, {"message": "filled prompt"}, {"message": "[BOT] Baseline: 13 media identifiers đã lưu trước khi submit."}, {"message": "submitted prompt with keyboard"}, {"message": "[BOT] ⏳ Đã Submit, đang chờ image hoàn thành..."}, {"message": "[BOT] ⏳ Chờ thêm 15s cho UI ổn định..."}, {"message": "[BOT] ⚠️ Cảnh báo: Phát hiện text nghi ngờ lỗi trên UI, nhưng vẫn tiếp tục chờ..."}, {"message": "[BOT] ⚠️ Cảnh báo: Phát hiện text nghi ngờ lỗi trên UI, nhưng vẫn tiếp tục chờ..."}, {"message": "[BOT] ⚠️ Cảnh báo: Phát hiện text nghi ngờ lỗi trên UI, nhưng vẫn tiếp tục chờ..."}, {"message": "[BOT] ⚠️ Cảnh báo: Phát hiện text nghi ngờ lỗi trên UI, nhưng vẫn tiếp tục chờ..."}, {"message": "[BOT] ⚠️ Cảnh báo: Phát hiện text nghi ngờ lỗi trên UI, nhưng vẫn tiếp tục chờ..."}, {"message": "[BOT] ⚠️ Cảnh báo: Phát hiện text nghi ngờ lỗi trên UI, nhưng vẫn tiếp tục chờ..."}, {"message": "[BOT] ⚠️ Cảnh báo: Phát hiện text nghi ngờ lỗi trên UI, nhưng vẫn tiếp tục chờ..."}, {"message": "[BOT] ⚠️ Cảnh báo: Phát hiện text nghi ngờ lỗi trên UI, nhưng vẫn tiếp tục chờ..."}, {"message": "[BOT] ⚠️ Cảnh báo: Phát hiện text nghi ngờ lỗi trên UI, nhưng vẫn tiếp tục chờ..."}, {"message": "[BOT] ⚠️ Cảnh báo: Phát hiện text nghi ngờ lỗi trên UI, nhưng vẫn tiếp tục chờ..."}, {"message": "[BOT] ⚠️ Cảnh báo: Phát hiện text nghi ngờ lỗi trên UI, nhưng vẫn tiếp tục chờ..."}, {"message": "[BOT] ⚠️ Cảnh báo: Phát hiện text nghi ngờ lỗi trên UI, nhưng vẫn tiếp tục chờ..."}, {"message": "[BOT] ⚠️ Cảnh báo: Phát hiện text nghi ngờ lỗi trên UI, nhưng vẫn tiếp tục chờ..."}, {"message": "[BOT] ⚠️ Cảnh báo: Phát hiện text nghi ngờ lỗi trên UI, nhưng vẫn tiếp tục chờ..."}, {"message": "[BOT] ⚠️ Cảnh báo: Phát hiện text nghi ngờ lỗi trên UI, nhưng vẫn tiếp tục chờ..."}, {"message": "[BOT] ⚠️ Cảnh báo: Phát hiện text nghi ngờ lỗi trên UI, nhưng vẫn tiếp tục chờ..."}, {"message": "[BOT] ⚠️ Cảnh báo: Phát hiện text nghi ngờ lỗi trên UI, nhưng vẫn tiếp tục chờ..."}, {"message": "[BOT] ⚠️ Cảnh báo: Phát hiện text nghi ngờ lỗi trên UI, nhưng vẫn tiếp tục chờ..."}, {"message": "[BOT] ⚠️ Cảnh báo: Phát hiện text nghi ngờ lỗi trên UI, nhưng vẫn tiếp tục chờ..."}, {"message": "[BOT] ⚠️ Cảnh báo: Phát hiện text nghi ngờ lỗi trên UI, nhưng vẫn tiếp tục chờ..."}, {"message": "[BOT] ⚠️ Cảnh báo: Phát hiện text nghi ngờ lỗi trên UI, nhưng vẫn tiếp tục chờ..."}, {"message": "[BOT] ⚠️ Cảnh báo: Phát hiện text nghi ngờ lỗi trên UI, nhưng vẫn tiếp tục chờ..."}, {"message": "[BOT] ⚠️ Cảnh báo: Phát hiện text nghi ngờ lỗi trên UI, nhưng vẫn tiếp tục chờ..."}, {"message": "[BOT] ⚠️ Cảnh báo: Phát hiện text nghi ngờ lỗi trên UI, nhưng vẫn tiếp tục chờ..."}, {"message": "[BOT] ⚠️ Cảnh báo: Phát hiện text nghi ngờ lỗi trên UI, nhưng vẫn tiếp tục chờ..."}, {"message": "[BOT] ⚠️ Cảnh báo: Phát hiện text nghi ngờ lỗi trên UI, nhưng vẫn tiếp tục chờ..."}, {"message": "[BOT] ⏳ Đã tìm thấy image mới do AI tạo ra, chờ thêm 5s để render 100%..."}, {"message": "[BOT] ✅ Đã phát hiện image mới."}, {"message": "[BOT] 🔗 src URL: https://labs.google/fx/api/trpc/media.getMediaUrlRedirect?name=8c4b6692-15b2-4079-aa09-2115b677a647..."}, {"message": "[BOT] 💾 Đã tải image thành công (content-type: image/jpeg, size: 1196464 bytes)."}, {"message": "[BOT] 🎬 [2/2] Bắt đầu quá trình tạo Video từ Ảnh vừa tạo..."}, {"message": "[BOT] ⚙️ Đang cấu hình cài đặt cho video..."}, {"message": "[BOT] ✅ Đã chọn Tab Video"}, {"message": "[BOT] ☁️ Đang đính kèm lần lượt 1 ảnh vào ô chat..."}, {"message": "[BOT] ☁️ Đã gửi FILM_scene_004_image_1781838165815.png, đang chờ upload..."}, {"message": "[BOT] ⏳ Nút 'Thêm vào câu lệnh' chưa sáng, chờ thêm... (round 1)"}, {"message": "[BOT] ⏳ Nút 'Thêm vào câu lệnh' chưa sáng, chờ thêm... (round 2)"}, {"message": "[BOT] ⏳ Nút 'Thêm vào câu lệnh' chưa sáng, chờ thêm... (round 3)"}, {"message": "[BOT] ✅ Đã ấn 'Thêm vào câu lệnh' cho FILM_scene_004_image_1781838165815.png."}, {"message": "[BOT] Attached 1/1 required file(s) successfully."}, {"message": "[BOT] ⏳ Đang chờ hệ thống xử lý ảnh vừa upload..."}, {"message": "[BOT] ⌨️ Đang gõ chữ tuần tự..."}, {"message": "filled prompt"}, {"message": "[BOT] Baseline: 17 media identifiers đã lưu trước khi submit."}, {"message": "clicked composer submit button (Near Prompt Match)"}, {"message": "[BOT] ⏳ Đã Submit, đang chờ video hoàn thành..."}, {"message": "[BOT] ⏳ Chờ thêm 15s cho UI ổn định..."}, {"message": "[BOT] ⚠️ Cảnh báo: Phát hiện text nghi ngờ lỗi trên UI, nhưng vẫn tiếp tục chờ..."}, {"message": "[BOT] ⚠️ Cảnh báo: Phát hiện text nghi ngờ lỗi trên UI, nhưng vẫn tiếp tục chờ..."}, {"message": "[BOT] ⚠️ Cảnh báo: Phát hiện text nghi ngờ lỗi trên UI, nhưng vẫn tiếp tục chờ..."}, {"message": "[BOT] ⚠️ Cảnh báo: Phát hiện text nghi ngờ lỗi trên UI, nhưng vẫn tiếp tục chờ..."}, {"message": "[BOT] ⚠️ Cảnh báo: Phát hiện text nghi ngờ lỗi trên UI, nhưng vẫn tiếp tục chờ..."}, {"message": "[BOT] ⚠️ Cảnh báo: Phát hiện text nghi ngờ lỗi trên UI, nhưng vẫn tiếp tục chờ..."}, {"message": "[BOT] ⚠️ Cảnh báo: Phát hiện text nghi ngờ lỗi trên UI, nhưng vẫn tiếp tục chờ..."}, {"message": "[BOT] ⚠️ Cảnh báo: Phát hiện text nghi ngờ lỗi trên UI, nhưng vẫn tiếp tục chờ..."}, {"message": "[BOT] ⚠️ Cảnh báo: Phát hiện text nghi ngờ lỗi trên UI, nhưng vẫn tiếp tục chờ..."}, {"message": "[BOT] ⚠️ Cảnh báo: Phát hiện text nghi ngờ lỗi trên UI, nhưng vẫn tiếp tục chờ..."}, {"message": "[BOT] ⚠️ Cảnh báo: Phát hiện text nghi ngờ lỗi trên UI, nhưng vẫn tiếp tục chờ..."}, {"message": "[BOT] ⚠️ Cảnh báo: Phát hiện text nghi ngờ lỗi trên UI, nhưng vẫn tiếp tục chờ..."}, {"message": "[BOT] ⚠️ Cảnh báo: Phát hiện text nghi ngờ lỗi trên UI, nhưng vẫn tiếp tục chờ..."}, {"message": "[BOT] ⚠️ Cảnh báo: Phát hiện text nghi ngờ lỗi trên UI, nhưng vẫn tiếp tục chờ..."}, {"message": "[BOT] ⚠️ Cảnh báo: Phát hiện text nghi ngờ lỗi trên UI, nhưng vẫn tiếp tục chờ..."}, {"message": "[BOT] ⚠️ Cảnh báo: Phát hiện text nghi ngờ lỗi trên UI, nhưng vẫn tiếp tục chờ..."}, {"message": "[BOT] ⚠️ Cảnh báo: Phát hiện text nghi ngờ lỗi trên UI, nhưng vẫn tiếp tục chờ..."}, {"message": "[BOT] ⚠️ Cảnh báo: Phát hiện text nghi ngờ lỗi trên UI, nhưng vẫn tiếp tục chờ..."}, {"message": "[BOT] ⚠️ Cảnh báo: Phát hiện text nghi ngờ lỗi trên UI, nhưng vẫn tiếp tục chờ..."}, {"message": "[BOT] ⚠️ Cảnh báo: Phát hiện text nghi ngờ lỗi trên UI, nhưng vẫn tiếp tục chờ..."}, {"message": "[BOT] ⚠️ Cảnh báo: Phát hiện text nghi ngờ lỗi trên UI, nhưng vẫn tiếp tục chờ..."}, {"message": "[BOT] ⚠️ Cảnh báo: Phát hiện text nghi ngờ lỗi trên UI, nhưng vẫn tiếp tục chờ..."}, {"message": "[BOT] ⚠️ Cảnh báo: Phát hiện text nghi ngờ lỗi trên UI, nhưng vẫn tiếp tục chờ..."}, {"message": "[BOT] ⏳ Đã tìm thấy video mới do AI tạo ra, chờ thêm 5s để render 100%..."}, {"message": "[BOT] ✅ Đã phát hiện video mới."}, {"message": "[BOT] 🔗 src URL: https://labs.google/fx/api/trpc/media.getMediaUrlRedirect?name=c91915c0-b9ef-414d-8447-4edaa48d5dae..."}, {"message": "[BOT] 💾 Đã tải video thành công (content-type: video/mp4, size: 3350710 bytes)."}, {"message": "[BOT] 🎊 Hoàn thành toàn bộ Scene!"}]}
[2026-06-19T03:10:58.518Z] job completed successfully
