[2026-06-17T04:44:24.707Z] job started: type=scene, scene=1
[2026-06-17T04:44:24.709Z] spawn: D:\workspace\Python\App\make film\ai-film-tool\backend\venv\Scripts\python.exe D:\workspace\Python\App\make film\ai-film-tool\backend\python_workers\browser_automation.py --job D:\workspace\Python\App\make film\ai-film-tool\backend\tmp\jobs\-api-generate-flow-scene-stream-1-9b279673-335a-4b66-8007-3b1b703f0308.json
[2026-06-17T04:44:25.467Z] worker: [BOT] 🌐 Đang mở trang web Google Flow...
[2026-06-17T04:44:30.499Z] worker: Progress: opened https://labs.google/fx/vi/tools/flow
[2026-06-17T04:44:30.928Z] worker: [FlowWorker] screenshot: D:\workspace\Python\App\make film\ai-film-tool\backend\generated\_debug\1781671464923_scene_001\02_opened.png
[2026-06-17T04:44:31.377Z] worker: Progress: clicked entry button: Dự án mới
[2026-06-17T04:44:34.751Z] worker: [FlowWorker] screenshot: D:\workspace\Python\App\make film\ai-film-tool\backend\generated\_debug\1781671464923_scene_001\04_after_D_n_m_i.png
[2026-06-17T04:44:34.986Z] worker: Progress: new project control not found; continuing in current Flow workspace
[2026-06-17T04:44:35.007Z] worker: [BOT] 🎬 [1/2] Bắt đầu quá trình tạo Ảnh (Image Generation)...
[2026-06-17T04:44:35.007Z] worker: [BOT] ⚙️ Đang cấu hình cài đặt cho image...
[2026-06-17T04:44:37.686Z] worker: [BOT] Đã bật lại nút Tác nhân.
[2026-06-17T04:44:41.599Z] worker: [BOT] ☁️ Đã đẩy 5 file lên thư viện cùng lúc (Bulk Upload).
[2026-06-17T04:44:41.599Z] worker: [BOT] ⏳ Đang chờ 25 giây để hệ thống upload xong toàn bộ ảnh...
[2026-06-17T04:45:06.611Z] worker: [BOT] ☁️ Đang đính kèm lần lượt 5 ảnh vào ô chat...
[2026-06-17T04:45:10.474Z] worker: [BOT] ❌ Không tìm thấy ảnh ref_000.png trong thư viện.
[2026-06-17T04:45:13.886Z] worker: [BOT] ✅ Đã ấn xác nhận Thêm ref_001.png vào câu lệnh.
[2026-06-17T04:45:18.285Z] worker: [BOT] ✅ Đã ấn xác nhận Thêm ref_002.png vào câu lệnh.
[2026-06-17T04:45:22.712Z] worker: [BOT] ✅ Đã ấn xác nhận Thêm ref_003.png vào câu lệnh.
[2026-06-17T04:45:26.843Z] worker: [BOT] ⚠️ Không thấy nút 'Thêm', thử click lại option ref_004.png...
[2026-06-17T04:45:26.847Z] worker: [BOT] ⚠️ Cảnh báo: Chỉ đính kèm được 3/5 ảnh. Vẫn tiếp tục tạo...
[2026-06-17T04:45:26.848Z] worker: [BOT] Attached 3/5 required file(s) successfully.
[2026-06-17T04:45:26.849Z] worker: [BOT] ⏳ Đang chờ hệ thống xử lý ảnh vừa upload...
[2026-06-17T04:45:43.899Z] worker: [BOT] ⌨️ Đang gõ chữ tuần tự...
[2026-06-17T04:45:53.007Z] worker: Progress: filled prompt
[2026-06-17T04:45:54.726Z] worker: Progress: submitted prompt with keyboard
[2026-06-17T04:45:57.741Z] worker: [BOT] ⏳ Đã Submit, đang chờ image hoàn thành...
[2026-06-17T04:45:57.741Z] worker: [BOT] ⏳ Chờ 20s cho chat load...
[2026-06-17T04:46:17.914Z] worker: [BOT] ⏳ Đã tìm thấy image mới, chờ thêm 15s để đảm bảo render 100% hoàn tất...
[2026-06-17T04:46:36.355Z] worker: [BOT] 💾 Đã tải image thành công qua nút Download.
[2026-06-17T04:46:36.356Z] event: image_done {"scene_index":1,"result_url":"http://localhost:3000/generated/FILM_scene_001_image_1781671474985.png","local_path":"D:\\workspace\\Python\\App\\make film\\ai-film-tool\\backend\\generated\\FILM_scene_001_image_1781671474985.png"}
[2026-06-17T04:46:36.357Z] worker: [BOT] 🎬 [2/2] Bắt đầu quá trình tạo Video từ Ảnh vừa tạo...
[2026-06-17T04:46:36.357Z] worker: [BOT] ⚙️ Đang cấu hình cài đặt cho video...
[2026-06-17T04:46:39.110Z] worker: [BOT] Đã bật lại nút Tác nhân.
[2026-06-17T04:46:41.451Z] worker: [BOT] 🖼️ Sử dụng ảnh vừa tạo trong thư viện thay vì upload lại...
[2026-06-17T04:46:44.579Z] worker: [BOT] Đã click chọn ảnh đầu tiên trong thư viện.
[2026-06-17T04:46:44.859Z] worker: [BOT] ✅ Đã thêm ảnh từ thư viện vào câu lệnh.
[2026-06-17T04:46:47.900Z] worker: [BOT] ⌨️ Đang gõ chữ tuần tự...
[2026-06-17T04:46:55.278Z] worker: Progress: filled prompt
[2026-06-17T04:46:56.861Z] worker: Progress: submitted prompt with keyboard
[2026-06-17T04:46:59.866Z] worker: [BOT] ⏳ Đã Submit, đang chờ video hoàn thành...
[2026-06-17T04:46:59.867Z] worker: [BOT] ⏳ Chờ 20s cho chat load...
[2026-06-17T04:47:20.070Z] worker: [FlowWorker] screenshot: D:\workspace\Python\App\make film\ai-film-tool\backend\generated\_debug\1781671464923_scene_001\38_flow_error_visible.png
[2026-06-17T04:47:20.223Z] worker: [FlowWorker] screenshot: D:\workspace\Python\App\make film\ai-film-tool\backend\generated\_debug\1781671464923_scene_001\39_generation_failed.png
[2026-06-17T04:47:20.412Z] worker: [FlowWorker] screenshot failed: Event loop is closed! Is Playwright already stopped?
[2026-06-17T04:47:20.412Z] result: {"status": "error", "message": "[BOT] Lỗi khi tạo/tải video: [BOT] ❌ Lỗi: Google Flow báo lỗi hoặc tạo không thành công (Policy/Error).. Debug: D:\\workspace\\Python\\App\\make film\\ai-film-tool\\backend\\generated\\_debug\\1781671464923_scene_001"}
[2026-06-17T04:47:20.434Z] failed: [BOT] Lỗi khi tạo/tải video: [BOT] ❌ Lỗi: Google Flow báo lỗi hoặc tạo không thành công (Policy/Error).. Debug: D:\workspace\Python\App\make film\ai-film-tool\backend\generated\_debug\1781671464923_scene_001
[2026-06-17T04:47:20.434Z] spawn: python D:\workspace\Python\App\make film\ai-film-tool\backend\python_workers\browser_automation.py --job D:\workspace\Python\App\make film\ai-film-tool\backend\tmp\jobs\-api-generate-flow-scene-stream-1-9b279673-335a-4b66-8007-3b1b703f0308.json
[2026-06-17T04:47:21.134Z] worker: [BOT] 🌐 Đang mở trang web Google Flow...
[2026-06-17T04:47:26.089Z] worker: Progress: opened https://labs.google/fx/vi/tools/flow
[2026-06-17T04:47:26.449Z] worker: [FlowWorker] screenshot: D:\workspace\Python\App\make film\ai-film-tool\backend\generated\_debug\1781671640655_scene_001\02_opened.png
[2026-06-17T04:47:26.928Z] worker: Progress: clicked entry button: Dự án mới
[2026-06-17T04:47:30.329Z] worker: [FlowWorker] screenshot: D:\workspace\Python\App\make film\ai-film-tool\backend\generated\_debug\1781671640655_scene_001\04_after_D_n_m_i.png
[2026-06-17T04:47:30.557Z] worker: Progress: new project control not found; continuing in current Flow workspace
[2026-06-17T04:47:30.605Z] worker: [BOT] 🎬 [1/2] Bắt đầu quá trình tạo Ảnh (Image Generation)...
[2026-06-17T04:47:30.605Z] worker: [BOT] ⚙️ Đang cấu hình cài đặt cho image...
[2026-06-17T04:47:33.293Z] worker: [BOT] Đã bật lại nút Tác nhân.
