[2026-06-17T05:00:25.427Z] job started: type=scene, scene=1
[2026-06-17T05:00:25.429Z] spawn: D:\workspace\Python\App\make film\ai-film-tool\backend\venv\Scripts\python.exe D:\workspace\Python\App\make film\ai-film-tool\backend\python_workers\browser_automation.py --job D:\workspace\Python\App\make film\ai-film-tool\backend\tmp\jobs\-api-generate-flow-scene-stream-1-7f469d15-e7a8-465f-b65b-a31db12be4ea.json
[2026-06-17T05:00:26.182Z] worker: [BOT] 🌐 Đang mở trang web Google Flow...
[2026-06-17T05:00:31.080Z] worker: Progress: opened https://labs.google/fx/vi/tools/flow
[2026-06-17T05:00:31.402Z] worker: [FlowWorker] screenshot: D:\workspace\Python\App\make film\ai-film-tool\backend\generated\_debug\1781672425630_scene_001\02_opened.png
[2026-06-17T05:00:31.891Z] worker: Progress: clicked entry button: Dự án mới
[2026-06-17T05:00:35.268Z] worker: [FlowWorker] screenshot: D:\workspace\Python\App\make film\ai-film-tool\backend\generated\_debug\1781672425630_scene_001\04_after_D_n_m_i.png
[2026-06-17T05:00:39.844Z] worker: Progress: new project control not found; continuing in current Flow workspace
[2026-06-17T05:00:39.873Z] worker: [BOT] 🎬 [1/2] Bắt đầu quá trình tạo Ảnh (Image Generation)...
[2026-06-17T05:00:39.873Z] worker: [BOT] ⚙️ Đang cấu hình cài đặt cho image...
[2026-06-17T05:00:42.539Z] worker: [BOT] Đã bật lại nút Tác nhân.
[2026-06-17T05:00:44.846Z] worker: [BOT] ☁️ Đang đính kèm lần lượt 5 ảnh vào ô chat...
[2026-06-17T05:00:47.005Z] worker: [BOT] ☁️ Đã upload ref_000.png, đang chờ xử lý...
[2026-06-17T05:00:59.298Z] worker: [BOT] ❌ Không tìm thấy ảnh ref_000.png trong thư viện.
[2026-06-17T05:01:01.411Z] worker: [BOT] ☁️ Đã upload ref_001.png, đang chờ xử lý...
[2026-06-17T05:01:13.652Z] worker: [BOT] ❌ Không tìm thấy ảnh ref_001.png trong thư viện.
[2026-06-17T05:01:15.793Z] worker: [BOT] ☁️ Đã upload ref_002.png, đang chờ xử lý...
[2026-06-17T05:01:28.119Z] worker: [BOT] ❌ Không tìm thấy ảnh ref_002.png trong thư viện.
[2026-06-17T05:01:30.268Z] worker: [BOT] ☁️ Đã upload ref_003.png, đang chờ xử lý...
[2026-06-17T05:01:42.573Z] worker: [BOT] ❌ Không tìm thấy ảnh ref_003.png trong thư viện.
[2026-06-17T05:01:44.717Z] worker: [BOT] ☁️ Đã upload ref_004.png, đang chờ xử lý...
[2026-06-17T05:01:57.057Z] worker: [BOT] ❌ Không tìm thấy ảnh ref_004.png trong thư viện.
[2026-06-17T05:01:57.194Z] worker: [FlowWorker] screenshot: D:\workspace\Python\App\make film\ai-film-tool\backend\generated\_debug\1781672425630_scene_001\20_upload_attach_failed.png
[2026-06-17T05:01:57.484Z] worker: [FlowWorker] screenshot failed: Event loop is closed! Is Playwright already stopped?
[2026-06-17T05:01:57.486Z] result: {"status": "error", "message": "[BOT] Lỗi nghiêm trọng: Không thể đính kèm BẤT KỲ ảnh nào trong số 5 ảnh vào Google Flow.. Debug: D:\\workspace\\Python\\App\\make film\\ai-film-tool\\backend\\generated\\_debug\\1781672425630_scene_001"}
[2026-06-17T05:01:57.523Z] failed: [BOT] Lỗi nghiêm trọng: Không thể đính kèm BẤT KỲ ảnh nào trong số 5 ảnh vào Google Flow.. Debug: D:\workspace\Python\App\make film\ai-film-tool\backend\generated\_debug\1781672425630_scene_001
[2026-06-17T05:01:57.524Z] spawn: python D:\workspace\Python\App\make film\ai-film-tool\backend\python_workers\browser_automation.py --job D:\workspace\Python\App\make film\ai-film-tool\backend\tmp\jobs\-api-generate-flow-scene-stream-1-7f469d15-e7a8-465f-b65b-a31db12be4ea.json
[2026-06-17T05:01:58.419Z] worker: [BOT] 🌐 Đang mở trang web Google Flow...
[2026-06-17T05:02:03.355Z] worker: Progress: opened https://labs.google/fx/vi/tools/flow
[2026-06-17T05:02:03.748Z] worker: [FlowWorker] screenshot: D:\workspace\Python\App\make film\ai-film-tool\backend\generated\_debug\1781672517824_scene_001\02_opened.png
[2026-06-17T05:02:04.363Z] worker: Progress: clicked entry button: Dự án mới
[2026-06-17T05:02:04.621Z] worker: [FlowWorker] screenshot failed: Event loop is closed! Is Playwright already stopped?
[2026-06-17T05:02:04.622Z] result: {"status": "error", "message": "Target page, context or browser has been closed. Debug: D:\\workspace\\Python\\App\\make film\\ai-film-tool\\backend\\generated\\_debug\\1781672517824_scene_001"}
[2026-06-17T05:02:04.668Z] failed: Target page, context or browser has been closed. Debug: D:\workspace\Python\App\make film\ai-film-tool\backend\generated\_debug\1781672517824_scene_001
[2026-06-17T05:02:04.669Z] spawn: py -3 D:\workspace\Python\App\make film\ai-film-tool\backend\python_workers\browser_automation.py --job D:\workspace\Python\App\make film\ai-film-tool\backend\tmp\jobs\-api-generate-flow-scene-stream-1-7f469d15-e7a8-465f-b65b-a31db12be4ea.json
[2026-06-17T05:02:05.608Z] worker: [BOT] 🌐 Đang mở trang web Google Flow...
