[2026-06-19T02:55:12.124Z] job started: type=scene, scene=3
[2026-06-19T02:55:12.125Z] spawn: D:\workspace\Python\App\make film\ai-film-tool\backend\venv\Scripts\python.exe D:\workspace\Python\App\make film\ai-film-tool\backend\python_workers\browser_automation.py --job D:\workspace\Python\App\make film\ai-film-tool\backend\tmp\jobs\-api-generate-flow-scene-stream-3-92484b0b-6772-4fa8-9653-35e9c4b3c739.json
[2026-06-19T02:55:15.040Z] worker: [BOT] 🌐 Đang mở trang web Google Flow...
[2026-06-19T02:55:19.947Z] worker: Progress: opened https://labs.google/fx/vi/tools/flow/project/ed730d0f-d689-4b0e-8096-3315304f3bf4
[2026-06-19T02:55:23.902Z] worker: [FlowWorker] screenshot: D:\workspace\Python\App\make film\ai-film-tool\backend\generated\_debug\1781837712472_scene_003\02_opened.png
[2026-06-19T02:55:24.121Z] worker: Progress: composer already visible
[2026-06-19T02:55:24.152Z] worker: [BOT] 🎬 [1/2] Bắt đầu quá trình tạo Ảnh (Image Generation)...
[2026-06-19T02:55:24.153Z] worker: [BOT] ⚙️ Đang cấu hình cài đặt cho image...
[2026-06-19T02:55:28.679Z] worker: [BOT] ✅ Đã chọn Tab Hình ảnh
[2026-06-19T02:55:33.367Z] worker: [BOT] ☁️ Đang đính kèm lần lượt 6 ảnh vào ô chat...
[2026-06-19T02:55:36.650Z] worker: [BOT] ☁️ Đã gửi ref_000.png, đang chờ upload...
[2026-06-19T02:55:39.697Z] worker: [BOT] ⏳ Nút 'Thêm vào câu lệnh' chưa sáng, chờ thêm... (round 1)
[2026-06-19T02:55:42.735Z] worker: [BOT] ⏳ Nút 'Thêm vào câu lệnh' chưa sáng, chờ thêm... (round 2)
[2026-06-19T02:55:45.769Z] worker: [BOT] ⏳ Nút 'Thêm vào câu lệnh' chưa sáng, chờ thêm... (round 3)
[2026-06-19T02:55:51.024Z] worker: [BOT] ✅ Đã ấn 'Thêm vào câu lệnh' cho ref_000.png.
[2026-06-19T02:55:55.934Z] worker: [BOT] ☁️ Đã gửi ref_001.png, đang chờ upload...
[2026-06-19T02:55:58.968Z] worker: [BOT] ⏳ Nút 'Thêm vào câu lệnh' chưa sáng, chờ thêm... (round 1)
[2026-06-19T02:56:02.003Z] worker: [BOT] ⏳ Nút 'Thêm vào câu lệnh' chưa sáng, chờ thêm... (round 2)
[2026-06-19T02:56:05.031Z] worker: [BOT] ⏳ Nút 'Thêm vào câu lệnh' chưa sáng, chờ thêm... (round 3)
[2026-06-19T02:56:10.302Z] worker: [BOT] ✅ Đã ấn 'Thêm vào câu lệnh' cho ref_001.png.
[2026-06-19T02:56:15.193Z] worker: [BOT] ☁️ Đã gửi ref_002.png, đang chờ upload...
[2026-06-19T02:56:18.226Z] worker: [BOT] ⏳ Nút 'Thêm vào câu lệnh' chưa sáng, chờ thêm... (round 1)
[2026-06-19T02:56:21.265Z] worker: [BOT] ⏳ Nút 'Thêm vào câu lệnh' chưa sáng, chờ thêm... (round 2)
[2026-06-19T02:56:24.311Z] worker: [BOT] ⏳ Nút 'Thêm vào câu lệnh' chưa sáng, chờ thêm... (round 3)
[2026-06-19T02:56:27.347Z] worker: [BOT] ⏳ Nút 'Thêm vào câu lệnh' chưa sáng, chờ thêm... (round 4)
[2026-06-19T02:56:32.628Z] worker: [BOT] ✅ Đã ấn 'Thêm vào câu lệnh' cho ref_002.png.
[2026-06-19T02:56:37.535Z] worker: [BOT] ☁️ Đã gửi ref_003.png, đang chờ upload...
[2026-06-19T02:56:40.577Z] worker: [BOT] ⏳ Nút 'Thêm vào câu lệnh' chưa sáng, chờ thêm... (round 1)
[2026-06-19T02:56:43.621Z] worker: [BOT] ⏳ Nút 'Thêm vào câu lệnh' chưa sáng, chờ thêm... (round 2)
[2026-06-19T02:56:46.661Z] worker: [BOT] ⏳ Nút 'Thêm vào câu lệnh' chưa sáng, chờ thêm... (round 3)
[2026-06-19T02:56:51.936Z] worker: [BOT] ✅ Đã ấn 'Thêm vào câu lệnh' cho ref_003.png.
[2026-06-19T02:56:56.834Z] worker: [BOT] ☁️ Đã gửi ref_004.png, đang chờ upload...
[2026-06-19T02:56:59.854Z] worker: [BOT] ⏳ Nút 'Thêm vào câu lệnh' chưa sáng, chờ thêm... (round 1)
[2026-06-19T02:57:02.892Z] worker: [BOT] ⏳ Nút 'Thêm vào câu lệnh' chưa sáng, chờ thêm... (round 2)
[2026-06-19T02:57:05.923Z] worker: [BOT] ⏳ Nút 'Thêm vào câu lệnh' chưa sáng, chờ thêm... (round 3)
[2026-06-19T02:57:11.228Z] worker: [BOT] ✅ Đã ấn 'Thêm vào câu lệnh' cho ref_004.png.
[2026-06-19T02:57:16.123Z] worker: [BOT] ☁️ Đã gửi FILM_scene_002_image_1781837114779.png, đang chờ upload...
[2026-06-19T02:57:19.169Z] worker: [BOT] ⏳ Nút 'Thêm vào câu lệnh' chưa sáng, chờ thêm... (round 1)
[2026-06-19T02:57:22.207Z] worker: [BOT] ⏳ Nút 'Thêm vào câu lệnh' chưa sáng, chờ thêm... (round 2)
[2026-06-19T02:57:25.250Z] worker: [BOT] ⏳ Nút 'Thêm vào câu lệnh' chưa sáng, chờ thêm... (round 3)
[2026-06-19T02:57:30.526Z] worker: [BOT] ✅ Đã ấn 'Thêm vào câu lệnh' cho FILM_scene_002_image_1781837114779.png.
[2026-06-19T02:57:31.538Z] worker: [BOT] Attached 6/6 required file(s) successfully.
[2026-06-19T02:57:31.539Z] worker: [BOT] ⏳ Đang chờ hệ thống xử lý ảnh vừa upload...
[2026-06-19T02:57:48.600Z] worker: [BOT] ⌨️ Đang gõ chữ tuần tự...
[2026-06-19T02:57:57.384Z] worker: Progress: filled prompt
[2026-06-19T02:57:57.389Z] worker: [BOT] Baseline: 13 media identifiers đã lưu trước khi submit.
[2026-06-19T02:57:59.045Z] worker: Progress: submitted prompt with keyboard
[2026-06-19T02:58:02.056Z] worker: [BOT] ⏳ Đã Submit, đang chờ image hoàn thành...
[2026-06-19T02:58:07.073Z] worker: [BOT] ⏳ Chờ thêm 15s cho UI ổn định...
[2026-06-19T02:58:22.186Z] worker: [BOT] ⚠️ Cảnh báo: Phát hiện text nghi ngờ lỗi trên UI, nhưng vẫn tiếp tục chờ...
[2026-06-19T02:58:27.314Z] worker: [BOT] ⚠️ Cảnh báo: Phát hiện text nghi ngờ lỗi trên UI, nhưng vẫn tiếp tục chờ...
[2026-06-19T02:58:32.410Z] worker: [BOT] ⚠️ Cảnh báo: Phát hiện text nghi ngờ lỗi trên UI, nhưng vẫn tiếp tục chờ...
[2026-06-19T02:58:37.476Z] worker: [BOT] ⚠️ Cảnh báo: Phát hiện text nghi ngờ lỗi trên UI, nhưng vẫn tiếp tục chờ...
[2026-06-19T02:58:42.528Z] worker: [BOT] ⏳ Đã tìm thấy image mới do AI tạo ra, chờ thêm 5s để render 100%...
[2026-06-19T02:58:47.543Z] worker: [BOT] ✅ Đã phát hiện image mới.
[2026-06-19T02:58:47.543Z] worker: [BOT] 🔗 src URL: https://labs.google/fx/api/trpc/media.getMediaUrlRedirect?name=27c6fec2-ec30-4adb-99f1-ea82f63e91db...
[2026-06-19T02:58:49.157Z] worker: [BOT] 💾 Đã tải image thành công (content-type: image/jpeg, size: 1131664 bytes).
[2026-06-19T02:58:49.157Z] event: image_done {"scene_index":3,"result_url":"http://localhost:3000/generated/FILM_scene_003_image_1781837724120.png","local_path":"D:\\workspace\\Python\\App\\make film\\ai-film-tool\\backend\\generated\\FILM_scene_003_image_1781837724120.png"}
[2026-06-19T02:58:49.158Z] worker: [BOT] 🎬 [2/2] Bắt đầu quá trình tạo Video từ Ảnh vừa tạo...
[2026-06-19T02:58:49.160Z] worker: [BOT] ⚙️ Đang cấu hình cài đặt cho video...
[2026-06-19T02:58:55.007Z] worker: [BOT] ✅ Đã chọn Tab Video
[2026-06-19T02:59:03.711Z] worker: [BOT] ☁️ Đang đính kèm lần lượt 1 ảnh vào ô chat...
[2026-06-19T02:59:07.039Z] worker: [BOT] ☁️ Đã gửi FILM_scene_003_image_1781837724120.png, đang chờ upload...
[2026-06-19T02:59:10.070Z] worker: [BOT] ⏳ Nút 'Thêm vào câu lệnh' chưa sáng, chờ thêm... (round 1)
[2026-06-19T02:59:13.102Z] worker: [BOT] ⏳ Nút 'Thêm vào câu lệnh' chưa sáng, chờ thêm... (round 2)
[2026-06-19T02:59:16.143Z] worker: [BOT] ⏳ Nút 'Thêm vào câu lệnh' chưa sáng, chờ thêm... (round 3)
[2026-06-19T02:59:21.380Z] worker: [BOT] ✅ Đã ấn 'Thêm vào câu lệnh' cho FILM_scene_003_image_1781837724120.png.
[2026-06-19T02:59:22.397Z] worker: [BOT] Attached 1/1 required file(s) successfully.
[2026-06-19T02:59:22.398Z] worker: [BOT] ⏳ Đang chờ hệ thống xử lý ảnh vừa upload...
[2026-06-19T02:59:39.439Z] worker: [BOT] ⌨️ Đang gõ chữ tuần tự...
[2026-06-19T02:59:49.062Z] worker: Progress: filled prompt
[2026-06-19T02:59:49.066Z] worker: [BOT] Baseline: 17 media identifiers đã lưu trước khi submit.
[2026-06-19T02:59:50.718Z] worker: Progress: submitted prompt with keyboard
[2026-06-19T02:59:53.727Z] worker: [BOT] ⏳ Đã Submit, đang chờ video hoàn thành...
[2026-06-19T02:59:58.740Z] worker: [BOT] ⏳ Chờ thêm 15s cho UI ổn định...
[2026-06-19T03:00:18.790Z] worker: [BOT] ⚠️ Cảnh báo: Phát hiện text nghi ngờ lỗi trên UI, nhưng vẫn tiếp tục chờ...
[2026-06-19T03:00:23.817Z] worker: [BOT] ⚠️ Cảnh báo: Phát hiện text nghi ngờ lỗi trên UI, nhưng vẫn tiếp tục chờ...
[2026-06-19T03:00:28.841Z] worker: [BOT] ⚠️ Cảnh báo: Phát hiện text nghi ngờ lỗi trên UI, nhưng vẫn tiếp tục chờ...
[2026-06-19T03:00:33.861Z] worker: [BOT] ⚠️ Cảnh báo: Phát hiện text nghi ngờ lỗi trên UI, nhưng vẫn tiếp tục chờ...
[2026-06-19T03:00:38.882Z] worker: [BOT] ⚠️ Cảnh báo: Phát hiện text nghi ngờ lỗi trên UI, nhưng vẫn tiếp tục chờ...
[2026-06-19T03:00:43.909Z] worker: [BOT] ⚠️ Cảnh báo: Phát hiện text nghi ngờ lỗi trên UI, nhưng vẫn tiếp tục chờ...
[2026-06-19T03:00:48.921Z] worker: [BOT] ⚠️ Cảnh báo: Phát hiện text nghi ngờ lỗi trên UI, nhưng vẫn tiếp tục chờ...
[2026-06-19T03:00:53.936Z] worker: [BOT] ⚠️ Cảnh báo: Phát hiện text nghi ngờ lỗi trên UI, nhưng vẫn tiếp tục chờ...
[2026-06-19T03:02:29.310Z] worker: [BOT] ⏳ Đã tìm thấy video mới do AI tạo ra, chờ thêm 5s để render 100%...
[2026-06-19T03:02:34.330Z] worker: [BOT] ✅ Đã phát hiện video mới.
[2026-06-19T03:02:34.331Z] worker: [BOT] 🔗 src URL: https://labs.google/fx/api/trpc/media.getMediaUrlRedirect?name=de7d1414-e929-4552-848f-8a495b8afbec...
[2026-06-19T03:02:36.410Z] worker: [BOT] 💾 Đã tải video thành công (content-type: video/mp4, size: 2673284 bytes).
[2026-06-19T03:02:36.411Z] event: video_done {"scene_index":3,"result_url":"http://localhost:3000/generated/FILM_scene_003_video_1781837929157.mp4","local_path":"D:\\workspace\\Python\\App\\make film\\ai-film-tool\\backend\\generated\\FILM_scene_003_video_1781837929157.mp4"}
[2026-06-19T03:02:36.411Z] worker: [BOT] 🎊 Hoàn thành toàn bộ Scene!
[2026-06-19T03:02:36.411Z] event: scene_done {"scene_index":3,"result_url":"http://localhost:3000/generated/FILM_scene_003_video_1781837929157.mp4","image_result_url":"http://localhost:3000/generated/FILM_scene_003_image_1781837724120.png","image_local_path":"D:\\workspace\\Python\\App\\make film\\ai-film-tool\\backend\\generated\\FILM_scene_003_image_1781837724120.png","video_result_url":"http://localhost:3000/generated/FILM_scene_003_video_1781837929157.mp4","video_local_path":"D:\\workspace\\Python\\App\\make film\\ai-film-tool\\backend\\generated\\FILM_scene_003_video_1781837929157.mp4"}
[2026-06-19T03:02:36.612Z] result: {"status": "success", "type": "scene", "result_url": "http://localhost:3000/generated/FILM_scene_003_video_1781837929157.mp4", "image_result_url": "http://localhost:3000/generated/FILM_scene_003_image_1781837724120.png", "image_local_path": "D:\\workspace\\Python\\App\\make film\\ai-film-tool\\backend\\generated\\FILM_scene_003_image_1781837724120.png", "video_result_url": "http://localhost:3000/generated/FILM_scene_003_video_1781837929157.mp4", "video_local_path": "D:\\workspace\\Python\\App\\make film\\ai-film-tool\\backend\\generated\\FILM_scene_003_video_1781837929157.mp4", "project_url": "https://labs.google/fx/vi/tools/flow/project/ed730d0f-d689-4b0e-8096-3315304f3bf4", "prompt_hash": "d41d8cd98f00b204e9800998ecf8427e", "profile_used": "default", "debug_dir": "D:\\workspace\\Python\\App\\make film\\ai-film-tool\\backend\\generated\\_debug\\1781837712472_scene_003", "debug_steps": [{"message": "[BOT] 🌐 Đang mở trang web Google Flow..."}, {"message": "opened https://labs.google/fx/vi/tools/flow/project/ed730d0f-d689-4b0e-8096-3315304f3bf4"}, {"screenshot": "D:\\workspace\\Python\\App\\make film\\ai-film-tool\\backend\\generated\\_debug\\1781837712472_scene_003\\02_opened.png"}, {"message": "composer already visible"}, {"message": "[BOT] 🎬 [1/2] Bắt đầu quá trình tạo Ảnh (Image Generation)..."}, {"message": "[BOT] ⚙️ Đang cấu hình cài đặt cho image..."}, {"message": "[BOT] ✅ Đã chọn Tab Hình ảnh"}, {"message": "[BOT] ☁️ Đang đính kèm lần lượt 6 ảnh vào ô chat..."}, {"message": "[BOT] ☁️ Đã gửi ref_000.png, đang chờ upload..."}, {"message": "[BOT] ⏳ Nút 'Thêm vào câu lệnh' chưa sáng, chờ thêm... (round 1)"}, {"message": "[BOT] ⏳ Nút 'Thêm vào câu lệnh' chưa sáng, chờ thêm... (round 2)"}, {"message": "[BOT] ⏳ Nút 'Thêm vào câu lệnh' chưa sáng, chờ thêm... (round 3)"}, {"message": "[BOT] ✅ Đã ấn 'Thêm vào câu lệnh' cho ref_000.png."}, {"message": "[BOT] ☁️ Đã gửi ref_001.png, đang chờ upload..."}, {"message": "[BOT] ⏳ Nút 'Thêm vào câu lệnh' chưa sáng, chờ thêm... (round 1)"}, {"message": "[BOT] ⏳ Nút 'Thêm vào câu lệnh' chưa sáng, chờ thêm... (round 2)"}, {"message": "[BOT] ⏳ Nút 'Thêm vào câu lệnh' chưa sáng, chờ thêm... (round 3)"}, {"message": "[BOT] ✅ Đã ấn 'Thêm vào câu lệnh' cho ref_001.png."}, {"message": "[BOT] ☁️ Đã gửi ref_002.png, đang chờ upload..."}, {"message": "[BOT] ⏳ Nút 'Thêm vào câu lệnh' chưa sáng, chờ thêm... (round 1)"}, {"message": "[BOT] ⏳ Nút 'Thêm vào câu lệnh' chưa sáng, chờ thêm... (round 2)"}, {"message": "[BOT] ⏳ Nút 'Thêm vào câu lệnh' chưa sáng, chờ thêm... (round 3)"}, {"message": "[BOT] ⏳ Nút 'Thêm vào câu lệnh' chưa sáng, chờ thêm... (round 4)"}, {"message": "[BOT] ✅ Đã ấn 'Thêm vào câu lệnh' cho ref_002.png."}, {"message": "[BOT] ☁️ Đã gửi ref_003.png, đang chờ upload..."}, {"message": "[BOT] ⏳ Nút 'Thêm vào câu lệnh' chưa sáng, chờ thêm... (round 1)"}, {"message": "[BOT] ⏳ Nút 'Thêm vào câu lệnh' chưa sáng, chờ thêm... (round 2)"}, {"message": "[BOT] ⏳ Nút 'Thêm vào câu lệnh' chưa sáng, chờ thêm... (round 3)"}, {"message": "[BOT] ✅ Đã ấn 'Thêm vào câu lệnh' cho ref_003.png."}, {"message": "[BOT] ☁️ Đã gửi ref_004.png, đang chờ upload..."}, {"message": "[BOT] ⏳ Nút 'Thêm vào câu lệnh' chưa sáng, chờ thêm... (round 1)"}, {"message": "[BOT] ⏳ Nút 'Thêm vào câu lệnh' chưa sáng, chờ thêm... (round 2)"}, {"message": "[BOT] ⏳ Nút 'Thêm vào câu lệnh' chưa sáng, chờ thêm... (round 3)"}, {"message": "[BOT] ✅ Đã ấn 'Thêm vào câu lệnh' cho ref_004.png."}, {"message": "[BOT] ☁️ Đã gửi FILM_scene_002_image_1781837114779.png, đang chờ upload..."}, {"message": "[BOT] ⏳ Nút 'Thêm vào câu lệnh' chưa sáng, chờ thêm... (round 1)"}, {"message": "[BOT] ⏳ Nút 'Thêm vào câu lệnh' chưa sáng, chờ thêm... (round 2)"}, {"message": "[BOT] ⏳ Nút 'Thêm vào câu lệnh' chưa sáng, chờ thêm... (round 3)"}, {"message": "[BOT] ✅ Đã ấn 'Thêm vào câu lệnh' cho FILM_scene_002_image_1781837114779.png."}, {"message": "[BOT] Attached 6/6 required file(s) successfully."}, {"message": "[BOT] ⏳ Đang chờ hệ thống xử lý ảnh vừa upload..."}, {"message": "[BOT] ⌨️ Đang gõ chữ tuần tự..."}, {"message": "filled prompt"}, {"message": "[BOT] Baseline: 13 media identifiers đã lưu trước khi submit."}, {"message": "submitted prompt with keyboard"}, {"message": "[BOT] ⏳ Đã Submit, đang chờ image hoàn thành..."}, {"message": "[BOT] ⏳ Chờ thêm 15s cho UI ổn định..."}, {"message": "[BOT] ⚠️ Cảnh báo: Phát hiện text nghi ngờ lỗi trên UI, nhưng vẫn tiếp tục chờ..."}, {"message": "[BOT] ⚠️ Cảnh báo: Phát hiện text nghi ngờ lỗi trên UI, nhưng vẫn tiếp tục chờ..."}, {"message": "[BOT] ⚠️ Cảnh báo: Phát hiện text nghi ngờ lỗi trên UI, nhưng vẫn tiếp tục chờ..."}, {"message": "[BOT] ⚠️ Cảnh báo: Phát hiện text nghi ngờ lỗi trên UI, nhưng vẫn tiếp tục chờ..."}, {"message": "[BOT] ⏳ Đã tìm thấy image mới do AI tạo ra, chờ thêm 5s để render 100%..."}, {"message": "[BOT] ✅ Đã phát hiện image mới."}, {"message": "[BOT] 🔗 src URL: https://labs.google/fx/api/trpc/media.getMediaUrlRedirect?name=27c6fec2-ec30-4adb-99f1-ea82f63e91db..."}, {"message": "[BOT] 💾 Đã tải image thành công (content-type: image/jpeg, size: 1131664 bytes)."}, {"message": "[BOT] 🎬 [2/2] Bắt đầu quá trình tạo Video từ Ảnh vừa tạo..."}, {"message": "[BOT] ⚙️ Đang cấu hình cài đặt cho video..."}, {"message": "[BOT] ✅ Đã chọn Tab Video"}, {"message": "[BOT] ☁️ Đang đính kèm lần lượt 1 ảnh vào ô chat..."}, {"message": "[BOT] ☁️ Đã gửi FILM_scene_003_image_1781837724120.png, đang chờ upload..."}, {"message": "[BOT] ⏳ Nút 'Thêm vào câu lệnh' chưa sáng, chờ thêm... (round 1)"}, {"message": "[BOT] ⏳ Nút 'Thêm vào câu lệnh' chưa sáng, chờ thêm... (round 2)"}, {"message": "[BOT] ⏳ Nút 'Thêm vào câu lệnh' chưa sáng, chờ thêm... (round 3)"}, {"message": "[BOT] ✅ Đã ấn 'Thêm vào câu lệnh' cho FILM_scene_003_image_1781837724120.png."}, {"message": "[BOT] Attached 1/1 required file(s) successfully."}, {"message": "[BOT] ⏳ Đang chờ hệ thống xử lý ảnh vừa upload..."}, {"message": "[BOT] ⌨️ Đang gõ chữ tuần tự..."}, {"message": "filled prompt"}, {"message": "[BOT] Baseline: 17 media identifiers đã lưu trước khi submit."}, {"message": "submitted prompt with keyboard"}, {"message": "[BOT] ⏳ Đã Submit, đang chờ video hoàn thành..."}, {"message": "[BOT] ⏳ Chờ thêm 15s cho UI ổn định..."}, {"message": "[BOT] ⚠️ Cảnh báo: Phát hiện text nghi ngờ lỗi trên UI, nhưng vẫn tiếp tục chờ..."}, {"message": "[BOT] ⚠️ Cảnh báo: Phát hiện text nghi ngờ lỗi trên UI, nhưng vẫn tiếp tục chờ..."}, {"message": "[BOT] ⚠️ Cảnh báo: Phát hiện text nghi ngờ lỗi trên UI, nhưng vẫn tiếp tục chờ..."}, {"message": "[BOT] ⚠️ Cảnh báo: Phát hiện text nghi ngờ lỗi trên UI, nhưng vẫn tiếp tục chờ..."}, {"message": "[BOT] ⚠️ Cảnh báo: Phát hiện text nghi ngờ lỗi trên UI, nhưng vẫn tiếp tục chờ..."}, {"message": "[BOT] ⚠️ Cảnh báo: Phát hiện text nghi ngờ lỗi trên UI, nhưng vẫn tiếp tục chờ..."}, {"message": "[BOT] ⚠️ Cảnh báo: Phát hiện text nghi ngờ lỗi trên UI, nhưng vẫn tiếp tục chờ..."}, {"message": "[BOT] ⚠️ Cảnh báo: Phát hiện text nghi ngờ lỗi trên UI, nhưng vẫn tiếp tục chờ..."}, {"message": "[BOT] ⏳ Đã tìm thấy video mới do AI tạo ra, chờ thêm 5s để render 100%..."}, {"message": "[BOT] ✅ Đã phát hiện video mới."}, {"message": "[BOT] 🔗 src URL: https://labs.google/fx/api/trpc/media.getMediaUrlRedirect?name=de7d1414-e929-4552-848f-8a495b8afbec..."}, {"message": "[BOT] 💾 Đã tải video thành công (content-type: video/mp4, size: 2673284 bytes)."}, {"message": "[BOT] 🎊 Hoàn thành toàn bộ Scene!"}]}
[2026-06-19T03:02:36.635Z] job completed successfully
