[2026-06-17T06:14:41.064Z] job started: type=scene, scene=1
[2026-06-17T06:14:41.066Z] spawn: D:\workspace\Python\App\make film\ai-film-tool\backend\venv\Scripts\python.exe D:\workspace\Python\App\make film\ai-film-tool\backend\python_workers\browser_automation.py --job D:\workspace\Python\App\make film\ai-film-tool\backend\tmp\jobs\-api-generate-flow-scene-stream-1-8e876c11-b39f-410d-b980-2e461fd21178.json
[2026-06-17T06:14:42.101Z] worker: [BOT] 🌐 Đang mở trang web Google Flow...
[2026-06-17T06:14:47.161Z] worker: Progress: opened https://labs.google/fx/vi/tools/flow
[2026-06-17T06:14:47.533Z] worker: [FlowWorker] screenshot: D:\workspace\Python\App\make film\ai-film-tool\backend\generated\_debug\1781676881318_scene_001\02_opened.png
[2026-06-17T06:14:54.856Z] worker: Progress: new project control not found; continuing in current Flow workspace
[2026-06-17T06:14:54.877Z] worker: [BOT] 🎬 [1/2] Bắt đầu quá trình tạo Ảnh (Image Generation)...
[2026-06-17T06:14:54.878Z] worker: [BOT] ⚙️ Đang cấu hình cài đặt cho image...
[2026-06-17T06:14:57.559Z] worker: [BOT] ✅ Đã chọn Tab Hình ảnh
[2026-06-17T06:14:59.244Z] worker: [BOT] ☁️ Đang đính kèm lần lượt 5 ảnh vào ô chat...
[2026-06-17T06:15:01.801Z] worker: [BOT] ☁️ Đã gửi ref_000.png, đang chờ upload...
[2026-06-17T06:15:04.839Z] worker: [BOT] ⏳ Nút 'Thêm vào câu lệnh' chưa sáng, chờ thêm... (round 1)
[2026-06-17T06:15:07.876Z] worker: [BOT] ⏳ Nút 'Thêm vào câu lệnh' chưa sáng, chờ thêm... (round 2)
[2026-06-17T06:15:10.904Z] worker: [BOT] ⏳ Nút 'Thêm vào câu lệnh' chưa sáng, chờ thêm... (round 3)
[2026-06-17T06:15:14.277Z] worker: [BOT] ✅ Đã ấn 'Thêm vào câu lệnh' cho ref_000.png.
[2026-06-17T06:15:17.453Z] worker: [BOT] ☁️ Đã gửi ref_001.png, đang chờ upload...
[2026-06-17T06:15:20.493Z] worker: [BOT] ⏳ Nút 'Thêm vào câu lệnh' chưa sáng, chờ thêm... (round 1)
[2026-06-17T06:15:23.529Z] worker: [BOT] ⏳ Nút 'Thêm vào câu lệnh' chưa sáng, chờ thêm... (round 2)
[2026-06-17T06:15:26.899Z] worker: [BOT] ✅ Đã ấn 'Thêm vào câu lệnh' cho ref_001.png.
[2026-06-17T06:15:30.062Z] worker: [BOT] ☁️ Đã gửi ref_002.png, đang chờ upload...
[2026-06-17T06:15:33.102Z] worker: [BOT] ⏳ Nút 'Thêm vào câu lệnh' chưa sáng, chờ thêm... (round 1)
[2026-06-17T06:15:36.147Z] worker: [BOT] ⏳ Nút 'Thêm vào câu lệnh' chưa sáng, chờ thêm... (round 2)
[2026-06-17T06:15:39.188Z] worker: [BOT] ⏳ Nút 'Thêm vào câu lệnh' chưa sáng, chờ thêm... (round 3)
[2026-06-17T06:15:42.556Z] worker: [BOT] ✅ Đã ấn 'Thêm vào câu lệnh' cho ref_002.png.
[2026-06-17T06:15:45.708Z] worker: [BOT] ☁️ Đã gửi ref_003.png, đang chờ upload...
[2026-06-17T06:15:48.759Z] worker: [BOT] ⏳ Nút 'Thêm vào câu lệnh' chưa sáng, chờ thêm... (round 1)
[2026-06-17T06:15:51.795Z] worker: [BOT] ⏳ Nút 'Thêm vào câu lệnh' chưa sáng, chờ thêm... (round 2)
[2026-06-17T06:15:54.829Z] worker: [BOT] ⏳ Nút 'Thêm vào câu lệnh' chưa sáng, chờ thêm... (round 3)
[2026-06-17T06:15:58.189Z] worker: [BOT] ✅ Đã ấn 'Thêm vào câu lệnh' cho ref_003.png.
[2026-06-17T06:16:01.379Z] worker: [BOT] ☁️ Đã gửi ref_004.png, đang chờ upload...
[2026-06-17T06:16:04.424Z] worker: [BOT] ⏳ Nút 'Thêm vào câu lệnh' chưa sáng, chờ thêm... (round 1)
[2026-06-17T06:16:07.487Z] worker: [BOT] ⏳ Nút 'Thêm vào câu lệnh' chưa sáng, chờ thêm... (round 2)
[2026-06-17T06:16:10.542Z] worker: [BOT] ⏳ Nút 'Thêm vào câu lệnh' chưa sáng, chờ thêm... (round 3)
[2026-06-17T06:16:13.918Z] worker: [BOT] ✅ Đã ấn 'Thêm vào câu lệnh' cho ref_004.png.
[2026-06-17T06:16:14.925Z] worker: [BOT] Attached 5/5 required file(s) successfully.
[2026-06-17T06:16:14.926Z] worker: [BOT] ⏳ Đang chờ hệ thống xử lý ảnh vừa upload...
[2026-06-17T06:16:31.948Z] worker: [BOT] ⌨️ Đang gõ chữ tuần tự...
[2026-06-17T06:16:39.595Z] worker: Progress: filled prompt
[2026-06-17T06:16:39.600Z] worker: [BOT] Baseline: 11 media identifiers đã lưu trước khi submit.
[2026-06-17T06:16:39.919Z] worker: Progress: clicked composer submit button (Exact match)
[2026-06-17T06:16:42.940Z] worker: [BOT] ⏳ Đã Submit, đang chờ image hoàn thành...
[2026-06-17T06:16:47.955Z] worker: [BOT] ⏳ Chờ thêm 15s cho UI ổn định...
[2026-06-17T06:18:11.937Z] worker: [FlowWorker] screenshot failed: Page.screenshot: Target page, context or browser has been closed
[2026-06-17T06:18:12.148Z] worker: [FlowWorker] screenshot failed: Event loop is closed! Is Playwright already stopped?
[2026-06-17T06:18:12.149Z] result: {"status": "error", "message": "[BOT] Lỗi khi tạo/tải image: Page.wait_for_timeout: Target page, context or browser has been closed. Debug: D:\\workspace\\Python\\App\\make film\\ai-film-tool\\backend\\generated\\_debug\\1781676881318_scene_001"}
[2026-06-17T06:18:12.176Z] failed: [BOT] Lỗi khi tạo/tải image: Page.wait_for_timeout: Target page, context or browser has been closed. Debug: D:\workspace\Python\App\make film\ai-film-tool\backend\generated\_debug\1781676881318_scene_001
[2026-06-17T06:18:12.177Z] spawn: python D:\workspace\Python\App\make film\ai-film-tool\backend\python_workers\browser_automation.py --job D:\workspace\Python\App\make film\ai-film-tool\backend\tmp\jobs\-api-generate-flow-scene-stream-1-8e876c11-b39f-410d-b980-2e461fd21178.json
[2026-06-17T06:18:12.985Z] worker: [BOT] 🌐 Đang mở trang web Google Flow...
