[2026-06-17T05:37:06.324Z] job started: type=scene, scene=1
[2026-06-17T05:37:06.326Z] spawn: D:\workspace\Python\App\make film\ai-film-tool\backend\venv\Scripts\python.exe D:\workspace\Python\App\make film\ai-film-tool\backend\python_workers\browser_automation.py --job D:\workspace\Python\App\make film\ai-film-tool\backend\tmp\jobs\-api-generate-flow-scene-stream-1-9697ab7e-b116-4a10-9204-7ce8f9e1877b.json
[2026-06-17T05:37:07.151Z] worker: [BOT] 🌐 Đang mở trang web Google Flow...
[2026-06-17T05:37:12.268Z] worker: Progress: opened https://labs.google/fx/vi/tools/flow
[2026-06-17T05:37:12.734Z] worker: [FlowWorker] screenshot: D:\workspace\Python\App\make film\ai-film-tool\backend\generated\_debug\1781674626576_scene_001\02_opened.png
[2026-06-17T05:37:13.291Z] worker: Progress: clicked entry button: Dự án mới
[2026-06-17T05:37:16.716Z] worker: [FlowWorker] screenshot: D:\workspace\Python\App\make film\ai-film-tool\backend\generated\_debug\1781674626576_scene_001\04_after_D_n_m_i.png
[2026-06-17T05:37:16.975Z] worker: Progress: new project control not found; continuing in current Flow workspace
[2026-06-17T05:37:17.041Z] worker: [BOT] 🎬 [1/2] Bắt đầu quá trình tạo Ảnh (Image Generation)...
[2026-06-17T05:37:17.042Z] worker: [BOT] ⚙️ Đang cấu hình cài đặt cho image...
[2026-06-17T05:37:19.717Z] worker: [BOT] Đã bật lại nút Tác nhân.
[2026-06-17T05:37:22.130Z] worker: [BOT] ☁️ Đang đính kèm lần lượt 5 ảnh vào ô chat...
[2026-06-17T05:37:24.274Z] worker: [BOT] ☁️ Đã gửi ref_000.png, đang chờ upload...
[2026-06-17T05:37:27.330Z] worker: [BOT] ⏳ Nút 'Thêm vào câu lệnh' chưa sáng, chờ thêm... (round 1)
[2026-06-17T05:37:30.379Z] worker: [BOT] ⏳ Nút 'Thêm vào câu lệnh' chưa sáng, chờ thêm... (round 2)
[2026-06-17T05:37:33.769Z] worker: [BOT] ✅ Đã ấn 'Thêm vào câu lệnh' cho ref_000.png.
[2026-06-17T05:37:36.907Z] worker: [BOT] ☁️ Đã gửi ref_001.png, đang chờ upload...
[2026-06-17T05:37:39.930Z] worker: [BOT] ⏳ Nút 'Thêm vào câu lệnh' chưa sáng, chờ thêm... (round 1)
[2026-06-17T05:37:42.964Z] worker: [BOT] ⏳ Nút 'Thêm vào câu lệnh' chưa sáng, chờ thêm... (round 2)
[2026-06-17T05:37:46.004Z] worker: [BOT] ⏳ Nút 'Thêm vào câu lệnh' chưa sáng, chờ thêm... (round 3)
[2026-06-17T05:37:49.339Z] worker: [BOT] ✅ Đã ấn 'Thêm vào câu lệnh' cho ref_001.png.
[2026-06-17T05:37:52.474Z] worker: [BOT] ☁️ Đã gửi ref_002.png, đang chờ upload...
[2026-06-17T05:37:55.510Z] worker: [BOT] ⏳ Nút 'Thêm vào câu lệnh' chưa sáng, chờ thêm... (round 1)
[2026-06-17T05:37:58.557Z] worker: [BOT] ⏳ Nút 'Thêm vào câu lệnh' chưa sáng, chờ thêm... (round 2)
[2026-06-17T05:38:01.588Z] worker: [BOT] ⏳ Nút 'Thêm vào câu lệnh' chưa sáng, chờ thêm... (round 3)
[2026-06-17T05:38:04.918Z] worker: [BOT] ✅ Đã ấn 'Thêm vào câu lệnh' cho ref_002.png.
[2026-06-17T05:38:08.049Z] worker: [BOT] ☁️ Đã gửi ref_003.png, đang chờ upload...
[2026-06-17T05:38:11.074Z] worker: [BOT] ⏳ Nút 'Thêm vào câu lệnh' chưa sáng, chờ thêm... (round 1)
[2026-06-17T05:38:14.096Z] worker: [BOT] ⏳ Nút 'Thêm vào câu lệnh' chưa sáng, chờ thêm... (round 2)
[2026-06-17T05:38:17.125Z] worker: [BOT] ⏳ Nút 'Thêm vào câu lệnh' chưa sáng, chờ thêm... (round 3)
[2026-06-17T05:38:20.473Z] worker: [BOT] ✅ Đã ấn 'Thêm vào câu lệnh' cho ref_003.png.
[2026-06-17T05:38:23.625Z] worker: [BOT] ☁️ Đã gửi ref_004.png, đang chờ upload...
[2026-06-17T05:38:26.649Z] worker: [BOT] ⏳ Nút 'Thêm vào câu lệnh' chưa sáng, chờ thêm... (round 1)
[2026-06-17T05:38:29.675Z] worker: [BOT] ⏳ Nút 'Thêm vào câu lệnh' chưa sáng, chờ thêm... (round 2)
[2026-06-17T05:38:32.728Z] worker: [BOT] ⏳ Nút 'Thêm vào câu lệnh' chưa sáng, chờ thêm... (round 3)
[2026-06-17T05:38:36.133Z] worker: [BOT] ✅ Đã ấn 'Thêm vào câu lệnh' cho ref_004.png.
[2026-06-17T05:38:37.139Z] worker: [BOT] Attached 5/5 required file(s) successfully.
[2026-06-17T05:38:37.140Z] worker: [BOT] ⏳ Đang chờ hệ thống xử lý ảnh vừa upload...
[2026-06-17T05:38:54.174Z] worker: [BOT] ⌨️ Đang gõ chữ tuần tự...
[2026-06-17T05:39:01.864Z] worker: Progress: filled prompt
[2026-06-17T05:39:01.867Z] worker: [BOT] Baseline: 11 media identifiers đã lưu trước khi submit.
[2026-06-17T05:39:03.494Z] worker: Progress: submitted prompt with keyboard
[2026-06-17T05:39:06.497Z] worker: [BOT] ⏳ Đã Submit, đang chờ image hoàn thành...
[2026-06-17T05:39:11.509Z] worker: [BOT] ⏳ Chờ thêm 15s cho UI ổn định...
[2026-06-17T05:39:26.592Z] worker: [BOT] ⚠️ Cảnh báo: Phát hiện text nghi ngờ lỗi trên UI, nhưng vẫn tiếp tục chờ...
[2026-06-17T05:39:31.664Z] worker: [BOT] ⚠️ Cảnh báo: Phát hiện text nghi ngờ lỗi trên UI, nhưng vẫn tiếp tục chờ...
[2026-06-17T05:39:36.732Z] worker: [BOT] ⏳ Đã tìm thấy image mới do AI tạo ra, chờ thêm 5s để render 100%...
[2026-06-17T05:39:41.751Z] worker: [BOT] ✅ Đã phát hiện image mới.
[2026-06-17T05:39:41.751Z] worker: [BOT] 🔗 src URL: https://labs.google/fx/api/trpc/media.getMediaUrlRedirect?name=eb8a8243-0059-4575-871e-04f18c8e02cb...
[2026-06-17T05:39:42.851Z] worker: [BOT] 💾 Đã tải image thành công (content-type: image/jpeg, size: 954143 bytes).
[2026-06-17T05:39:42.852Z] event: image_done {"scene_index":1,"result_url":"http://localhost:3000/generated/FILM_scene_001_image_1781674636974.png","local_path":"D:\\workspace\\Python\\App\\make film\\ai-film-tool\\backend\\generated\\FILM_scene_001_image_1781674636974.png"}
[2026-06-17T05:39:42.853Z] worker: [BOT] 🎬 [2/2] Bắt đầu quá trình tạo Video từ Ảnh vừa tạo...
[2026-06-17T05:39:42.853Z] worker: [BOT] ⚙️ Đang cấu hình cài đặt cho video...
[2026-06-17T05:39:45.552Z] worker: [BOT] Đã bật lại nút Tác nhân.
[2026-06-17T05:39:47.874Z] worker: [BOT] 🖼️ Sử dụng ảnh vừa tạo trong thư viện thay vì upload lại...
[2026-06-17T05:39:51.046Z] worker: [BOT] Đã click chọn ảnh đầu tiên trong thư viện.
[2026-06-17T05:39:51.351Z] worker: [BOT] ✅ Đã thêm ảnh từ thư viện vào câu lệnh.
[2026-06-17T05:39:54.424Z] worker: [BOT] ⌨️ Đang gõ chữ tuần tự...
[2026-06-17T05:40:02.354Z] worker: Progress: filled prompt
[2026-06-17T05:40:02.357Z] worker: [BOT] Baseline: 13 media identifiers đã lưu trước khi submit.
[2026-06-17T05:40:02.368Z] worker: Progress: clicked composer submit button
[2026-06-17T05:40:05.378Z] worker: [BOT] ⏳ Đã Submit, đang chờ video hoàn thành...
[2026-06-17T05:40:10.399Z] worker: [BOT] ⏳ Chờ thêm 15s cho UI ổn định...
