[2026-06-17T03:37:45.630Z] job started: type=scene, scene=1
[2026-06-17T03:37:45.631Z] spawn: D:\workspace\Python\App\make film\ai-film-tool\backend\venv\Scripts\python.exe D:\workspace\Python\App\make film\ai-film-tool\backend\python_workers\browser_automation.py --job D:\workspace\Python\App\make film\ai-film-tool\backend\tmp\jobs\-api-generate-flow-scene-stream-1-9271051f-098d-4036-bbe3-9fe528375efc.json
[2026-06-17T03:37:46.334Z] worker: [BOT] 🌐 Đang mở trang web Google Flow...
[2026-06-17T03:37:51.282Z] worker: Progress: opened https://labs.google/fx/vi/tools/flow
[2026-06-17T03:37:51.610Z] worker: [FlowWorker] screenshot: D:\workspace\Python\App\make film\ai-film-tool\backend\generated\_debug\1781667465827_scene_001\02_opened.png
[2026-06-17T03:37:52.087Z] worker: Progress: clicked entry button: Dự án mới
[2026-06-17T03:37:55.462Z] worker: [FlowWorker] screenshot: D:\workspace\Python\App\make film\ai-film-tool\backend\generated\_debug\1781667465827_scene_001\04_after_D_n_m_i.png
[2026-06-17T03:37:55.616Z] worker: Progress: new project control not found; continuing in current Flow workspace
[2026-06-17T03:37:55.645Z] worker: [BOT] 🎬 [1/2] Bắt đầu quá trình tạo Ảnh (Image Generation)...
[2026-06-17T03:37:55.645Z] worker: [BOT] ⚙️ Đang cấu hình cài đặt cho image...
[2026-06-17T03:38:05.566Z] worker: [BOT] ☁️ Đã đẩy 5 file lên thư viện cùng lúc (Bulk Upload).
[2026-06-17T03:38:05.567Z] worker: [BOT] ⏳ Đang chờ 10 giây để ảnh tải lên thư viện...
[2026-06-17T03:38:15.583Z] worker: [BOT] ☁️ Đang đính kèm lần lượt 5 ảnh vào ô chat...
[2026-06-17T03:38:16.656Z] worker: [BOT] ✅ Đã ấn xác nhận Thêm ref_000.png vào câu lệnh.
[2026-06-17T03:38:18.754Z] worker: [BOT] ✅ Đã ấn xác nhận Thêm ref_001.png vào câu lệnh.
[2026-06-17T03:38:22.181Z] worker: [BOT] ✅ Đã ấn xác nhận Thêm ref_002.png vào câu lệnh.
[2026-06-17T03:38:25.584Z] worker: [BOT] ✅ Đã ấn xác nhận Thêm ref_003.png vào câu lệnh.
[2026-06-17T03:38:29.036Z] worker: [BOT] ✅ Đã thêm ref_004.png bằng nút Tạo.
[2026-06-17T03:38:30.048Z] worker: [BOT] Attached all 5 required file(s) successfully.
[2026-06-17T03:38:30.049Z] worker: [BOT] ⏳ Đang chờ hệ thống xử lý ảnh vừa upload...
[2026-06-17T03:38:47.195Z] worker: [BOT] ⌨️ Đang gõ chữ tuần tự...
[2026-06-17T03:38:57.260Z] worker: Progress: filled prompt
[2026-06-17T03:38:58.909Z] worker: Progress: submitted prompt with keyboard
[2026-06-17T03:39:01.917Z] worker: [BOT] ⏳ Đã Submit, đang chờ image hoàn thành (tối đa 10 phút)...
[2026-06-17T03:39:01.918Z] worker: [BOT] ⏳ Chờ 20s cho chat load...
[2026-06-17T03:39:22.043Z] worker: Progress: found generated image
[2026-06-17T03:39:30.097Z] worker: [BOT] 💾 Đã lưu image qua DOM
[2026-06-17T03:39:30.098Z] event: image_done {"scene_index":1,"result_url":"http://localhost:3000/generated/FILM_scene_001_image_1781667475616.png","local_path":"D:\\workspace\\Python\\App\\make film\\ai-film-tool\\backend\\generated\\FILM_scene_001_image_1781667475616.png"}
[2026-06-17T03:39:30.098Z] worker: [BOT] 🎬 [2/2] Bắt đầu quá trình tạo Video từ Ảnh vừa tạo...
[2026-06-17T03:39:30.099Z] worker: [BOT] ⚙️ Đang cấu hình cài đặt cho video...
[2026-06-17T03:39:34.149Z] worker: [BOT] 🖼️ Sử dụng ảnh vừa tạo trong thư viện thay vì upload lại...
[2026-06-17T03:39:36.608Z] worker: [BOT] ✅ Đã thêm ảnh từ thư viện vào câu lệnh.
[2026-06-17T03:39:39.660Z] worker: [BOT] ⌨️ Đang gõ chữ tuần tự...
[2026-06-17T03:39:47.249Z] worker: Progress: filled prompt
[2026-06-17T03:39:48.803Z] worker: Progress: submitted prompt with keyboard
[2026-06-17T03:39:51.810Z] worker: [BOT] ⏳ Đã Submit, đang chờ video hoàn thành (tối đa 30 phút)...
[2026-06-17T03:39:51.811Z] worker: [BOT] ⏳ Chờ 20s cho chat load...
