[2026-06-17T06:02:38.426Z] job started: type=scene, scene=1
[2026-06-17T06:02:38.427Z] spawn: D:\workspace\Python\App\make film\ai-film-tool\backend\venv\Scripts\python.exe D:\workspace\Python\App\make film\ai-film-tool\backend\python_workers\browser_automation.py --job D:\workspace\Python\App\make film\ai-film-tool\backend\tmp\jobs\-api-generate-flow-scene-stream-1-346620e1-e652-4906-859d-57fca0257cbe.json
[2026-06-17T06:02:39.230Z] worker: [BOT] 🌐 Đang mở trang web Google Flow...
[2026-06-17T06:02:44.822Z] worker: Progress: opened https://labs.google/fx/vi/tools/flow
[2026-06-17T06:02:45.293Z] worker: [FlowWorker] screenshot: D:\workspace\Python\App\make film\ai-film-tool\backend\generated\_debug\1781676158638_scene_001\02_opened.png
[2026-06-17T06:02:45.840Z] worker: Progress: clicked entry button: Dự án mới
[2026-06-17T06:02:49.230Z] worker: [FlowWorker] screenshot: D:\workspace\Python\App\make film\ai-film-tool\backend\generated\_debug\1781676158638_scene_001\04_after_D_n_m_i.png
[2026-06-17T06:02:49.388Z] worker: Progress: new project control not found; continuing in current Flow workspace
[2026-06-17T06:02:49.410Z] worker: [BOT] 🎬 [1/2] Bắt đầu quá trình tạo Ảnh (Image Generation)...
[2026-06-17T06:02:49.411Z] worker: [BOT] ⚙️ Đang cấu hình cài đặt cho image...
[2026-06-17T06:02:52.083Z] worker: [BOT] ✅ Đã chọn Tab Hình ảnh
[2026-06-17T06:02:53.764Z] worker: [BOT] ☁️ Đang đính kèm lần lượt 5 ảnh vào ô chat...
[2026-06-17T06:02:55.906Z] worker: [BOT] ☁️ Đã gửi ref_000.png, đang chờ upload...
[2026-06-17T06:02:58.934Z] worker: [BOT] ⏳ Nút 'Thêm vào câu lệnh' chưa sáng, chờ thêm... (round 1)
[2026-06-17T06:03:01.970Z] worker: [BOT] ⏳ Nút 'Thêm vào câu lệnh' chưa sáng, chờ thêm... (round 2)
[2026-06-17T06:03:04.990Z] worker: [BOT] ⏳ Nút 'Thêm vào câu lệnh' chưa sáng, chờ thêm... (round 3)
[2026-06-17T06:03:08.323Z] worker: [BOT] ✅ Đã ấn 'Thêm vào câu lệnh' cho ref_000.png.
[2026-06-17T06:03:11.471Z] worker: [BOT] ☁️ Đã gửi ref_001.png, đang chờ upload...
[2026-06-17T06:03:14.519Z] worker: [BOT] ⏳ Nút 'Thêm vào câu lệnh' chưa sáng, chờ thêm... (round 1)
[2026-06-17T06:03:17.569Z] worker: [BOT] ⏳ Nút 'Thêm vào câu lệnh' chưa sáng, chờ thêm... (round 2)
[2026-06-17T06:03:20.950Z] worker: [BOT] ✅ Đã ấn 'Thêm vào câu lệnh' cho ref_001.png.
[2026-06-17T06:03:24.111Z] worker: [BOT] ☁️ Đã gửi ref_002.png, đang chờ upload...
[2026-06-17T06:03:27.137Z] worker: [BOT] ⏳ Nút 'Thêm vào câu lệnh' chưa sáng, chờ thêm... (round 1)
[2026-06-17T06:03:30.170Z] worker: [BOT] ⏳ Nút 'Thêm vào câu lệnh' chưa sáng, chờ thêm... (round 2)
[2026-06-17T06:03:33.196Z] worker: [BOT] ⏳ Nút 'Thêm vào câu lệnh' chưa sáng, chờ thêm... (round 3)
[2026-06-17T06:03:36.546Z] worker: [BOT] ✅ Đã ấn 'Thêm vào câu lệnh' cho ref_002.png.
[2026-06-17T06:03:39.665Z] worker: [BOT] ☁️ Đã gửi ref_003.png, đang chờ upload...
[2026-06-17T06:03:42.711Z] worker: [BOT] ⏳ Nút 'Thêm vào câu lệnh' chưa sáng, chờ thêm... (round 1)
[2026-06-17T06:03:45.751Z] worker: [BOT] ⏳ Nút 'Thêm vào câu lệnh' chưa sáng, chờ thêm... (round 2)
[2026-06-17T06:03:48.783Z] worker: [BOT] ⏳ Nút 'Thêm vào câu lệnh' chưa sáng, chờ thêm... (round 3)
[2026-06-17T06:03:52.128Z] worker: [BOT] ✅ Đã ấn 'Thêm vào câu lệnh' cho ref_003.png.
[2026-06-17T06:03:55.267Z] worker: [BOT] ☁️ Đã gửi ref_004.png, đang chờ upload...
[2026-06-17T06:03:58.308Z] worker: [BOT] ⏳ Nút 'Thêm vào câu lệnh' chưa sáng, chờ thêm... (round 1)
[2026-06-17T06:04:01.362Z] worker: [BOT] ⏳ Nút 'Thêm vào câu lệnh' chưa sáng, chờ thêm... (round 2)
[2026-06-17T06:04:04.399Z] worker: [BOT] ⏳ Nút 'Thêm vào câu lệnh' chưa sáng, chờ thêm... (round 3)
[2026-06-17T06:04:07.745Z] worker: [BOT] ✅ Đã ấn 'Thêm vào câu lệnh' cho ref_004.png.
[2026-06-17T06:04:08.754Z] worker: [BOT] Attached 5/5 required file(s) successfully.
[2026-06-17T06:04:08.756Z] worker: [BOT] ⏳ Đang chờ hệ thống xử lý ảnh vừa upload...
[2026-06-17T06:04:25.784Z] worker: [BOT] ⌨️ Đang gõ chữ tuần tự...
[2026-06-17T06:04:33.156Z] worker: Progress: filled prompt
[2026-06-17T06:04:33.161Z] worker: [BOT] Baseline: 11 media identifiers đã lưu trước khi submit.
[2026-06-17T06:04:34.733Z] worker: Progress: submitted prompt with keyboard
[2026-06-17T06:04:37.750Z] worker: [BOT] ⏳ Đã Submit, đang chờ image hoàn thành...
[2026-06-17T06:04:42.761Z] worker: [BOT] ⏳ Chờ thêm 15s cho UI ổn định...
[2026-06-17T06:04:57.830Z] worker: [BOT] ⚠️ Cảnh báo: Phát hiện text nghi ngờ lỗi trên UI, nhưng vẫn tiếp tục chờ...
[2026-06-17T06:05:02.885Z] worker: [BOT] ⚠️ Cảnh báo: Phát hiện text nghi ngờ lỗi trên UI, nhưng vẫn tiếp tục chờ...
[2026-06-17T06:05:07.926Z] worker: [BOT] ⚠️ Cảnh báo: Phát hiện text nghi ngờ lỗi trên UI, nhưng vẫn tiếp tục chờ...
[2026-06-17T06:05:12.974Z] worker: [BOT] ⏳ Đã tìm thấy image mới do AI tạo ra, chờ thêm 5s để render 100%...
[2026-06-17T06:05:17.995Z] worker: [BOT] ✅ Đã phát hiện image mới.
[2026-06-17T06:05:17.995Z] worker: [BOT] 🔗 src URL: https://labs.google/fx/api/trpc/media.getMediaUrlRedirect?name=dc0685b8-47eb-4bab-bae1-a8567915b66d...
[2026-06-17T06:05:18.840Z] worker: [BOT] 💾 Đã tải image thành công (content-type: image/jpeg, size: 994174 bytes).
[2026-06-17T06:05:18.840Z] event: image_done {"scene_index":1,"result_url":"http://localhost:3000/generated/FILM_scene_001_image_1781676169387.png","local_path":"D:\\workspace\\Python\\App\\make film\\ai-film-tool\\backend\\generated\\FILM_scene_001_image_1781676169387.png"}
[2026-06-17T06:05:18.840Z] worker: [BOT] 🎬 [2/2] Bắt đầu quá trình tạo Video từ Ảnh vừa tạo...
[2026-06-17T06:05:18.841Z] worker: [BOT] ⚙️ Đang cấu hình cài đặt cho video...
[2026-06-17T06:05:21.493Z] worker: [BOT] ✅ Đã chọn Tab Video
[2026-06-17T06:05:24.182Z] worker: [BOT] ☁️ Đang đính kèm lần lượt 1 ảnh vào ô chat...
[2026-06-17T06:05:26.362Z] worker: [BOT] ☁️ Đã gửi FILM_scene_001_image_1781676169387.png, đang chờ upload...
[2026-06-17T06:05:29.379Z] worker: [BOT] ✅ FILM_scene_001_image_1781676169387.png đã được tự động đính kèm vào prompt (0 → 5).
[2026-06-17T06:05:29.381Z] worker: [BOT] Attached 1/1 required file(s) successfully.
[2026-06-17T06:05:29.382Z] worker: [BOT] ⏳ Đang chờ hệ thống xử lý ảnh vừa upload...
[2026-06-17T06:05:46.385Z] worker: [BOT] ⌨️ Đang gõ chữ tuần tự...
[2026-06-17T06:05:53.718Z] worker: Progress: filled prompt
[2026-06-17T06:05:53.720Z] worker: [BOT] Baseline: 15 media identifiers đã lưu trước khi submit.
[2026-06-17T06:05:55.309Z] worker: Progress: submitted prompt with keyboard
[2026-06-17T06:05:58.321Z] worker: [BOT] ⏳ Đã Submit, đang chờ video hoàn thành...
[2026-06-17T06:06:03.344Z] worker: [BOT] ⏳ Chờ thêm 15s cho UI ổn định...
[2026-06-17T06:06:18.445Z] worker: [BOT] ⚠️ Cảnh báo: Phát hiện text nghi ngờ lỗi trên UI, nhưng vẫn tiếp tục chờ...
[2026-06-17T06:06:23.515Z] worker: [BOT] ⚠️ Cảnh báo: Phát hiện text nghi ngờ lỗi trên UI, nhưng vẫn tiếp tục chờ...
[2026-06-17T06:06:28.611Z] worker: [BOT] ⚠️ Cảnh báo: Phát hiện text nghi ngờ lỗi trên UI, nhưng vẫn tiếp tục chờ...
[2026-06-17T06:06:33.708Z] worker: [BOT] ⚠️ Cảnh báo: Phát hiện text nghi ngờ lỗi trên UI, nhưng vẫn tiếp tục chờ...
[2026-06-17T06:06:38.797Z] worker: [BOT] ⚠️ Cảnh báo: Phát hiện text nghi ngờ lỗi trên UI, nhưng vẫn tiếp tục chờ...
[2026-06-17T06:06:43.870Z] worker: [BOT] ⚠️ Cảnh báo: Phát hiện text nghi ngờ lỗi trên UI, nhưng vẫn tiếp tục chờ...
[2026-06-17T06:06:48.930Z] worker: [BOT] ⚠️ Cảnh báo: Phát hiện text nghi ngờ lỗi trên UI, nhưng vẫn tiếp tục chờ...
[2026-06-17T06:06:54.020Z] worker: [BOT] ⚠️ Cảnh báo: Phát hiện text nghi ngờ lỗi trên UI, nhưng vẫn tiếp tục chờ...
[2026-06-17T06:06:59.105Z] worker: [BOT] ⚠️ Cảnh báo: Phát hiện text nghi ngờ lỗi trên UI, nhưng vẫn tiếp tục chờ...
