[2026-06-17T05:06:21.640Z] job started: type=scene, scene=1
[2026-06-17T05:06:21.642Z] spawn: D:\workspace\Python\App\make film\ai-film-tool\backend\venv\Scripts\python.exe D:\workspace\Python\App\make film\ai-film-tool\backend\python_workers\browser_automation.py --job D:\workspace\Python\App\make film\ai-film-tool\backend\tmp\jobs\-api-generate-flow-scene-stream-1-89023273-3ef1-457e-960e-c458e70f2a95.json
[2026-06-17T05:06:22.487Z] worker: [BOT] 🌐 Đang mở trang web Google Flow...
[2026-06-17T05:06:27.654Z] worker: Progress: opened https://labs.google/fx/vi/tools/flow
[2026-06-17T05:06:28.022Z] worker: [FlowWorker] screenshot: D:\workspace\Python\App\make film\ai-film-tool\backend\generated\_debug\1781672781893_scene_001\02_opened.png
[2026-06-17T05:06:28.509Z] worker: Progress: clicked entry button: Dự án mới
[2026-06-17T05:06:32.470Z] worker: [FlowWorker] screenshot: D:\workspace\Python\App\make film\ai-film-tool\backend\generated\_debug\1781672781893_scene_001\04_after_D_n_m_i.png
[2026-06-17T05:06:32.749Z] worker: Progress: new project control not found; continuing in current Flow workspace
[2026-06-17T05:06:32.783Z] worker: [BOT] 🎬 [1/2] Bắt đầu quá trình tạo Ảnh (Image Generation)...
[2026-06-17T05:06:32.784Z] worker: [BOT] ⚙️ Đang cấu hình cài đặt cho image...
[2026-06-17T05:06:35.447Z] worker: [BOT] Đã bật lại nút Tác nhân.
[2026-06-17T05:06:37.675Z] worker: [BOT] ☁️ Đang đính kèm lần lượt 5 ảnh vào ô chat...
[2026-06-17T05:06:39.774Z] worker: [BOT] ☁️ Đã gửi ref_000.png, đang chờ upload...
[2026-06-17T05:06:43.067Z] worker: [BOT] ✅ Đã ấn 'Thêm vào câu lệnh' cho ref_000.png.
[2026-06-17T05:06:46.214Z] worker: [BOT] ☁️ Đã gửi ref_001.png, đang chờ upload...
[2026-06-17T05:07:10.354Z] worker: [BOT] ⚠️ ref_001.png chưa auto-attach, thử tìm trong gallery...
[2026-06-17T05:07:11.705Z] worker: [BOT] ❌ Không tìm thấy ảnh ref_001.png trong thư viện.
[2026-06-17T05:07:13.931Z] worker: [BOT] ☁️ Đã gửi ref_002.png, đang chờ upload...
[2026-06-17T05:07:38.121Z] worker: [BOT] ⚠️ ref_002.png chưa auto-attach, thử tìm trong gallery...
[2026-06-17T05:07:39.485Z] worker: [BOT] ❌ Không tìm thấy ảnh ref_002.png trong thư viện.
[2026-06-17T05:07:41.620Z] worker: [BOT] ☁️ Đã gửi ref_003.png, đang chờ upload...
[2026-06-17T05:07:44.907Z] worker: [BOT] ✅ Đã ấn 'Thêm vào câu lệnh' cho ref_003.png.
[2026-06-17T05:07:48.074Z] worker: [BOT] ☁️ Đã gửi ref_004.png, đang chờ upload...
[2026-06-17T05:08:12.224Z] worker: [BOT] ⚠️ ref_004.png chưa auto-attach, thử tìm trong gallery...
[2026-06-17T05:08:13.580Z] worker: [BOT] ❌ Không tìm thấy ảnh ref_004.png trong thư viện.
[2026-06-17T05:08:13.581Z] worker: [BOT] ⚠️ Cảnh báo: Chỉ đính kèm được 2/5 ảnh. Vẫn tiếp tục tạo...
[2026-06-17T05:08:13.582Z] worker: [BOT] Attached 2/5 required file(s) successfully.
[2026-06-17T05:08:13.582Z] worker: [BOT] ⏳ Đang chờ hệ thống xử lý ảnh vừa upload...
[2026-06-17T05:08:30.590Z] worker: [BOT] ⌨️ Đang gõ chữ tuần tự...
[2026-06-17T05:08:41.519Z] worker: Progress: filled prompt
[2026-06-17T05:08:41.552Z] worker: Progress: clicked composer submit button
[2026-06-17T05:08:44.559Z] worker: [BOT] ⏳ Đã Submit, đang chờ image hoàn thành...
[2026-06-17T05:08:44.560Z] worker: [BOT] ⏳ Chờ 20s cho chat load...
