[2026-06-19T03:22:28.965Z] job started: type=scene, scene=7
[2026-06-19T03:22:28.966Z] spawn: D:\workspace\Python\App\make film\ai-film-tool\backend\venv\Scripts\python.exe D:\workspace\Python\App\make film\ai-film-tool\backend\python_workers\browser_automation.py --job D:\workspace\Python\App\make film\ai-film-tool\backend\tmp\jobs\-api-generate-flow-scene-stream-7-672813fc-6c5f-4b75-8235-a3405167c2f7.json
[2026-06-19T03:22:29.796Z] worker: [BOT] 🌐 Đang mở trang web Google Flow...
[2026-06-19T03:22:34.928Z] worker: Progress: opened https://labs.google/fx/vi/tools/flow/project/ed730d0f-d689-4b0e-8096-3315304f3bf4
[2026-06-19T03:22:35.224Z] worker: [FlowWorker] screenshot: D:\workspace\Python\App\make film\ai-film-tool\backend\generated\_debug\1781839349184_scene_007\02_opened.png
[2026-06-19T03:22:35.545Z] worker: Progress: composer already visible
[2026-06-19T03:22:35.595Z] worker: [BOT] 🎬 [1/2] Bắt đầu quá trình tạo Ảnh (Image Generation)...
[2026-06-19T03:22:35.596Z] worker: [BOT] ⚙️ Đang cấu hình cài đặt cho image...
[2026-06-19T03:22:38.407Z] worker: [BOT] ✅ Đã chọn Tab Hình ảnh
[2026-06-19T03:22:40.375Z] worker: [BOT] ☁️ Đang đính kèm lần lượt 6 ảnh vào ô chat...
[2026-06-19T03:22:42.588Z] worker: [BOT] ☁️ Đã gửi ref_000.png, đang chờ upload...
[2026-06-19T03:22:45.615Z] worker: [BOT] ⏳ Nút 'Thêm vào câu lệnh' chưa sáng, chờ thêm... (round 1)
[2026-06-19T03:22:48.642Z] worker: [BOT] ⏳ Nút 'Thêm vào câu lệnh' chưa sáng, chờ thêm... (round 2)
[2026-06-19T03:22:51.676Z] worker: [BOT] ⏳ Nút 'Thêm vào câu lệnh' chưa sáng, chờ thêm... (round 3)
[2026-06-19T03:22:55.071Z] worker: [BOT] ✅ Đã ấn 'Thêm vào câu lệnh' cho ref_000.png.
[2026-06-19T03:22:58.297Z] worker: [BOT] ☁️ Đã gửi ref_001.png, đang chờ upload...
[2026-06-19T03:23:01.341Z] worker: [BOT] ⏳ Nút 'Thêm vào câu lệnh' chưa sáng, chờ thêm... (round 1)
[2026-06-19T03:23:04.387Z] worker: [BOT] ⏳ Nút 'Thêm vào câu lệnh' chưa sáng, chờ thêm... (round 2)
[2026-06-19T03:23:07.432Z] worker: [BOT] ⏳ Nút 'Thêm vào câu lệnh' chưa sáng, chờ thêm... (round 3)
[2026-06-19T03:23:10.809Z] worker: [BOT] ✅ Đã ấn 'Thêm vào câu lệnh' cho ref_001.png.
[2026-06-19T03:23:14.008Z] worker: [BOT] ☁️ Đã gửi ref_002.png, đang chờ upload...
[2026-06-19T03:23:17.061Z] worker: [BOT] ⏳ Nút 'Thêm vào câu lệnh' chưa sáng, chờ thêm... (round 1)
[2026-06-19T03:23:20.102Z] worker: [BOT] ⏳ Nút 'Thêm vào câu lệnh' chưa sáng, chờ thêm... (round 2)
[2026-06-19T03:23:23.142Z] worker: [BOT] ⏳ Nút 'Thêm vào câu lệnh' chưa sáng, chờ thêm... (round 3)
[2026-06-19T03:23:26.505Z] worker: [BOT] ✅ Đã ấn 'Thêm vào câu lệnh' cho ref_002.png.
[2026-06-19T03:23:29.670Z] worker: [BOT] ☁️ Đã gửi ref_003.png, đang chờ upload...
[2026-06-19T03:23:32.699Z] worker: [BOT] ⏳ Nút 'Thêm vào câu lệnh' chưa sáng, chờ thêm... (round 1)
[2026-06-19T03:23:35.749Z] worker: [BOT] ⏳ Nút 'Thêm vào câu lệnh' chưa sáng, chờ thêm... (round 2)
[2026-06-19T03:23:38.791Z] worker: [BOT] ⏳ Nút 'Thêm vào câu lệnh' chưa sáng, chờ thêm... (round 3)
[2026-06-19T03:23:42.195Z] worker: [BOT] ✅ Đã ấn 'Thêm vào câu lệnh' cho ref_003.png.
[2026-06-19T03:23:45.405Z] worker: [BOT] ☁️ Đã gửi ref_004.png, đang chờ upload...
[2026-06-19T03:23:48.445Z] worker: [BOT] ⏳ Nút 'Thêm vào câu lệnh' chưa sáng, chờ thêm... (round 1)
[2026-06-19T03:23:51.495Z] worker: [BOT] ⏳ Nút 'Thêm vào câu lệnh' chưa sáng, chờ thêm... (round 2)
[2026-06-19T03:23:54.532Z] worker: [BOT] ⏳ Nút 'Thêm vào câu lệnh' chưa sáng, chờ thêm... (round 3)
[2026-06-19T03:23:57.903Z] worker: [BOT] ✅ Đã ấn 'Thêm vào câu lệnh' cho ref_004.png.
[2026-06-19T03:24:01.148Z] worker: [BOT] ☁️ Đã gửi FILM_scene_006_image_1781839031521.png, đang chờ upload...
[2026-06-19T03:24:04.196Z] worker: [BOT] ⏳ Nút 'Thêm vào câu lệnh' chưa sáng, chờ thêm... (round 1)
[2026-06-19T03:24:07.239Z] worker: [BOT] ⏳ Nút 'Thêm vào câu lệnh' chưa sáng, chờ thêm... (round 2)
[2026-06-19T03:24:10.283Z] worker: [BOT] ⏳ Nút 'Thêm vào câu lệnh' chưa sáng, chờ thêm... (round 3)
[2026-06-19T03:24:13.643Z] worker: [BOT] ✅ Đã ấn 'Thêm vào câu lệnh' cho FILM_scene_006_image_1781839031521.png.
[2026-06-19T03:24:14.658Z] worker: [BOT] Attached 6/6 required file(s) successfully.
[2026-06-19T03:24:14.659Z] worker: [BOT] ⏳ Đang chờ hệ thống xử lý ảnh vừa upload...
[2026-06-19T03:24:31.771Z] worker: [BOT] ⌨️ Đang gõ chữ tuần tự...
[2026-06-19T03:24:38.464Z] worker: Progress: filled prompt
[2026-06-19T03:24:38.470Z] worker: [BOT] Baseline: 13 media identifiers đã lưu trước khi submit.
[2026-06-19T03:24:40.053Z] worker: Progress: submitted prompt with keyboard
[2026-06-19T03:24:43.068Z] worker: [BOT] ⏳ Đã Submit, đang chờ image hoàn thành...
[2026-06-19T03:24:48.083Z] worker: [BOT] ⏳ Chờ thêm 15s cho UI ổn định...
[2026-06-19T03:25:03.213Z] worker: [BOT] ⚠️ Cảnh báo: Phát hiện text nghi ngờ lỗi trên UI, nhưng vẫn tiếp tục chờ...
[2026-06-19T03:25:08.326Z] worker: [BOT] ⚠️ Cảnh báo: Phát hiện text nghi ngờ lỗi trên UI, nhưng vẫn tiếp tục chờ...
[2026-06-19T03:25:13.451Z] worker: [BOT] ⚠️ Cảnh báo: Phát hiện text nghi ngờ lỗi trên UI, nhưng vẫn tiếp tục chờ...
[2026-06-19T03:25:18.544Z] worker: [BOT] ⚠️ Cảnh báo: Phát hiện text nghi ngờ lỗi trên UI, nhưng vẫn tiếp tục chờ...
[2026-06-19T03:25:23.603Z] worker: [BOT] ⏳ Đã tìm thấy image mới do AI tạo ra, chờ thêm 5s để render 100%...
[2026-06-19T03:25:28.629Z] worker: [BOT] ✅ Đã phát hiện image mới.
[2026-06-19T03:25:28.630Z] worker: [BOT] 🔗 src URL: https://labs.google/fx/api/trpc/media.getMediaUrlRedirect?name=81338a2d-7fc4-4d3b-b1ee-fca2ee37e67c...
[2026-06-19T03:25:29.791Z] worker: [BOT] 💾 Đã tải image thành công (content-type: image/jpeg, size: 1502271 bytes).
[2026-06-19T03:25:29.792Z] event: image_done {"scene_index":7,"result_url":"http://localhost:3000/generated/FILM_scene_007_image_1781839355544.png","local_path":"D:\\workspace\\Python\\App\\make film\\ai-film-tool\\backend\\generated\\FILM_scene_007_image_1781839355544.png"}
[2026-06-19T03:25:29.792Z] worker: [BOT] 🎬 [2/2] Bắt đầu quá trình tạo Video từ Ảnh vừa tạo...
[2026-06-19T03:25:29.793Z] worker: [BOT] ⚙️ Đang cấu hình cài đặt cho video...
[2026-06-19T03:25:32.456Z] worker: [BOT] ✅ Đã chọn Tab Video
[2026-06-19T03:25:35.115Z] worker: [BOT] ☁️ Đang đính kèm lần lượt 1 ảnh vào ô chat...
[2026-06-19T03:25:37.327Z] worker: [BOT] ☁️ Đã gửi FILM_scene_007_image_1781839355544.png, đang chờ upload...
[2026-06-19T03:26:07.860Z] worker: [BOT] ✅ Đã ấn 'Thêm vào câu lệnh' cho FILM_scene_007_image_1781839355544.png.
[2026-06-19T03:26:08.871Z] worker: [BOT] Attached 1/1 required file(s) successfully.
[2026-06-19T03:26:08.872Z] worker: [BOT] ⏳ Đang chờ hệ thống xử lý ảnh vừa upload...
[2026-06-19T03:26:26.020Z] worker: [BOT] ⌨️ Đang gõ chữ tuần tự...
[2026-06-19T03:26:34.065Z] worker: Progress: filled prompt
[2026-06-19T03:26:34.070Z] worker: [BOT] Baseline: 17 media identifiers đã lưu trước khi submit.
[2026-06-19T03:26:35.725Z] worker: Progress: submitted prompt with keyboard
[2026-06-19T03:26:38.739Z] worker: [BOT] ⏳ Đã Submit, đang chờ video hoàn thành...
[2026-06-19T03:26:43.753Z] worker: [BOT] ⏳ Chờ thêm 15s cho UI ổn định...
[2026-06-19T03:26:58.785Z] worker: [BOT] ⚠️ Cảnh báo: Phát hiện text nghi ngờ lỗi trên UI, nhưng vẫn tiếp tục chờ...
[2026-06-19T03:27:03.823Z] worker: [BOT] ⚠️ Cảnh báo: Phát hiện text nghi ngờ lỗi trên UI, nhưng vẫn tiếp tục chờ...
[2026-06-19T03:27:08.870Z] worker: [BOT] ⚠️ Cảnh báo: Phát hiện text nghi ngờ lỗi trên UI, nhưng vẫn tiếp tục chờ...
[2026-06-19T03:27:13.890Z] worker: [BOT] ⚠️ Cảnh báo: Phát hiện text nghi ngờ lỗi trên UI, nhưng vẫn tiếp tục chờ...
[2026-06-19T03:27:18.924Z] worker: [BOT] ⚠️ Cảnh báo: Phát hiện text nghi ngờ lỗi trên UI, nhưng vẫn tiếp tục chờ...
[2026-06-19T03:27:23.963Z] worker: [BOT] ⚠️ Cảnh báo: Phát hiện text nghi ngờ lỗi trên UI, nhưng vẫn tiếp tục chờ...
[2026-06-19T03:27:28.992Z] worker: [BOT] ⚠️ Cảnh báo: Phát hiện text nghi ngờ lỗi trên UI, nhưng vẫn tiếp tục chờ...
[2026-06-19T03:28:44.397Z] worker: [BOT] ⏳ Đã tìm thấy video mới do AI tạo ra, chờ thêm 5s để render 100%...
[2026-06-19T03:28:49.418Z] worker: [BOT] ✅ Đã phát hiện video mới.
[2026-06-19T03:28:49.418Z] worker: [BOT] 🔗 src URL: https://labs.google/fx/api/trpc/media.getMediaUrlRedirect?name=1686d750-56a2-480b-ad1d-bae5cb534465...
[2026-06-19T03:28:50.642Z] worker: [BOT] 💾 Đã tải video thành công (content-type: video/mp4, size: 3116350 bytes).
[2026-06-19T03:28:50.642Z] event: video_done {"scene_index":7,"result_url":"http://localhost:3000/generated/FILM_scene_007_video_1781839529790.mp4","local_path":"D:\\workspace\\Python\\App\\make film\\ai-film-tool\\backend\\generated\\FILM_scene_007_video_1781839529790.mp4"}
[2026-06-19T03:28:50.643Z] worker: [BOT] 🎊 Hoàn thành toàn bộ Scene!
[2026-06-19T03:28:50.643Z] event: scene_done {"scene_index":7,"result_url":"http://localhost:3000/generated/FILM_scene_007_video_1781839529790.mp4","image_result_url":"http://localhost:3000/generated/FILM_scene_007_image_1781839355544.png","image_local_path":"D:\\workspace\\Python\\App\\make film\\ai-film-tool\\backend\\generated\\FILM_scene_007_image_1781839355544.png","video_result_url":"http://localhost:3000/generated/FILM_scene_007_video_1781839529790.mp4","video_local_path":"D:\\workspace\\Python\\App\\make film\\ai-film-tool\\backend\\generated\\FILM_scene_007_video_1781839529790.mp4"}
[2026-06-19T03:28:50.816Z] result: {"status": "success", "type": "scene", "result_url": "http://localhost:3000/generated/FILM_scene_007_video_1781839529790.mp4", "image_result_url": "http://localhost:3000/generated/FILM_scene_007_image_1781839355544.png", "image_local_path": "D:\\workspace\\Python\\App\\make film\\ai-film-tool\\backend\\generated\\FILM_scene_007_image_1781839355544.png", "video_result_url": "http://localhost:3000/generated/FILM_scene_007_video_1781839529790.mp4", "video_local_path": "D:\\workspace\\Python\\App\\make film\\ai-film-tool\\backend\\generated\\FILM_scene_007_video_1781839529790.mp4", "project_url": "https://labs.google/fx/vi/tools/flow/project/ed730d0f-d689-4b0e-8096-3315304f3bf4", "prompt_hash": "d41d8cd98f00b204e9800998ecf8427e", "profile_used": "default", "debug_dir": "D:\\workspace\\Python\\App\\make film\\ai-film-tool\\backend\\generated\\_debug\\1781839349184_scene_007", "debug_steps": [{"message": "[BOT] 🌐 Đang mở trang web Google Flow..."}, {"message": "opened https://labs.google/fx/vi/tools/flow/project/ed730d0f-d689-4b0e-8096-3315304f3bf4"}, {"screenshot": "D:\\workspace\\Python\\App\\make film\\ai-film-tool\\backend\\generated\\_debug\\1781839349184_scene_007\\02_opened.png"}, {"message": "composer already visible"}, {"message": "[BOT] 🎬 [1/2] Bắt đầu quá trình tạo Ảnh (Image Generation)..."}, {"message": "[BOT] ⚙️ Đang cấu hình cài đặt cho image..."}, {"message": "[BOT] ✅ Đã chọn Tab Hình ảnh"}, {"message": "[BOT] ☁️ Đang đính kèm lần lượt 6 ảnh vào ô chat..."}, {"message": "[BOT] ☁️ Đã gửi ref_000.png, đang chờ upload..."}, {"message": "[BOT] ⏳ Nút 'Thêm vào câu lệnh' chưa sáng, chờ thêm... (round 1)"}, {"message": "[BOT] ⏳ Nút 'Thêm vào câu lệnh' chưa sáng, chờ thêm... (round 2)"}, {"message": "[BOT] ⏳ Nút 'Thêm vào câu lệnh' chưa sáng, chờ thêm... (round 3)"}, {"message": "[BOT] ✅ Đã ấn 'Thêm vào câu lệnh' cho ref_000.png."}, {"message": "[BOT] ☁️ Đã gửi ref_001.png, đang chờ upload..."}, {"message": "[BOT] ⏳ Nút 'Thêm vào câu lệnh' chưa sáng, chờ thêm... (round 1)"}, {"message": "[BOT] ⏳ Nút 'Thêm vào câu lệnh' chưa sáng, chờ thêm... (round 2)"}, {"message": "[BOT] ⏳ Nút 'Thêm vào câu lệnh' chưa sáng, chờ thêm... (round 3)"}, {"message": "[BOT] ✅ Đã ấn 'Thêm vào câu lệnh' cho ref_001.png."}, {"message": "[BOT] ☁️ Đã gửi ref_002.png, đang chờ upload..."}, {"message": "[BOT] ⏳ Nút 'Thêm vào câu lệnh' chưa sáng, chờ thêm... (round 1)"}, {"message": "[BOT] ⏳ Nút 'Thêm vào câu lệnh' chưa sáng, chờ thêm... (round 2)"}, {"message": "[BOT] ⏳ Nút 'Thêm vào câu lệnh' chưa sáng, chờ thêm... (round 3)"}, {"message": "[BOT] ✅ Đã ấn 'Thêm vào câu lệnh' cho ref_002.png."}, {"message": "[BOT] ☁️ Đã gửi ref_003.png, đang chờ upload..."}, {"message": "[BOT] ⏳ Nút 'Thêm vào câu lệnh' chưa sáng, chờ thêm... (round 1)"}, {"message": "[BOT] ⏳ Nút 'Thêm vào câu lệnh' chưa sáng, chờ thêm... (round 2)"}, {"message": "[BOT] ⏳ Nút 'Thêm vào câu lệnh' chưa sáng, chờ thêm... (round 3)"}, {"message": "[BOT] ✅ Đã ấn 'Thêm vào câu lệnh' cho ref_003.png."}, {"message": "[BOT] ☁️ Đã gửi ref_004.png, đang chờ upload..."}, {"message": "[BOT] ⏳ Nút 'Thêm vào câu lệnh' chưa sáng, chờ thêm... (round 1)"}, {"message": "[BOT] ⏳ Nút 'Thêm vào câu lệnh' chưa sáng, chờ thêm... (round 2)"}, {"message": "[BOT] ⏳ Nút 'Thêm vào câu lệnh' chưa sáng, chờ thêm... (round 3)"}, {"message": "[BOT] ✅ Đã ấn 'Thêm vào câu lệnh' cho ref_004.png."}, {"message": "[BOT] ☁️ Đã gửi FILM_scene_006_image_1781839031521.png, đang chờ upload..."}, {"message": "[BOT] ⏳ Nút 'Thêm vào câu lệnh' chưa sáng, chờ thêm... (round 1)"}, {"message": "[BOT] ⏳ Nút 'Thêm vào câu lệnh' chưa sáng, chờ thêm... (round 2)"}, {"message": "[BOT] ⏳ Nút 'Thêm vào câu lệnh' chưa sáng, chờ thêm... (round 3)"}, {"message": "[BOT] ✅ Đã ấn 'Thêm vào câu lệnh' cho FILM_scene_006_image_1781839031521.png."}, {"message": "[BOT] Attached 6/6 required file(s) successfully."}, {"message": "[BOT] ⏳ Đang chờ hệ thống xử lý ảnh vừa upload..."}, {"message": "[BOT] ⌨️ Đang gõ chữ tuần tự..."}, {"message": "filled prompt"}, {"message": "[BOT] Baseline: 13 media identifiers đã lưu trước khi submit."}, {"message": "submitted prompt with keyboard"}, {"message": "[BOT] ⏳ Đã Submit, đang chờ image hoàn thành..."}, {"message": "[BOT] ⏳ Chờ thêm 15s cho UI ổn định..."}, {"message": "[BOT] ⚠️ Cảnh báo: Phát hiện text nghi ngờ lỗi trên UI, nhưng vẫn tiếp tục chờ..."}, {"message": "[BOT] ⚠️ Cảnh báo: Phát hiện text nghi ngờ lỗi trên UI, nhưng vẫn tiếp tục chờ..."}, {"message": "[BOT] ⚠️ Cảnh báo: Phát hiện text nghi ngờ lỗi trên UI, nhưng vẫn tiếp tục chờ..."}, {"message": "[BOT] ⚠️ Cảnh báo: Phát hiện text nghi ngờ lỗi trên UI, nhưng vẫn tiếp tục chờ..."}, {"message": "[BOT] ⏳ Đã tìm thấy image mới do AI tạo ra, chờ thêm 5s để render 100%..."}, {"message": "[BOT] ✅ Đã phát hiện image mới."}, {"message": "[BOT] 🔗 src URL: https://labs.google/fx/api/trpc/media.getMediaUrlRedirect?name=81338a2d-7fc4-4d3b-b1ee-fca2ee37e67c..."}, {"message": "[BOT] 💾 Đã tải image thành công (content-type: image/jpeg, size: 1502271 bytes)."}, {"message": "[BOT] 🎬 [2/2] Bắt đầu quá trình tạo Video từ Ảnh vừa tạo..."}, {"message": "[BOT] ⚙️ Đang cấu hình cài đặt cho video..."}, {"message": "[BOT] ✅ Đã chọn Tab Video"}, {"message": "[BOT] ☁️ Đang đính kèm lần lượt 1 ảnh vào ô chat..."}, {"message": "[BOT] ☁️ Đã gửi FILM_scene_007_image_1781839355544.png, đang chờ upload..."}, {"message": "[BOT] ✅ Đã ấn 'Thêm vào câu lệnh' cho FILM_scene_007_image_1781839355544.png."}, {"message": "[BOT] Attached 1/1 required file(s) successfully."}, {"message": "[BOT] ⏳ Đang chờ hệ thống xử lý ảnh vừa upload..."}, {"message": "[BOT] ⌨️ Đang gõ chữ tuần tự..."}, {"message": "filled prompt"}, {"message": "[BOT] Baseline: 17 media identifiers đã lưu trước khi submit."}, {"message": "submitted prompt with keyboard"}, {"message": "[BOT] ⏳ Đã Submit, đang chờ video hoàn thành..."}, {"message": "[BOT] ⏳ Chờ thêm 15s cho UI ổn định..."}, {"message": "[BOT] ⚠️ Cảnh báo: Phát hiện text nghi ngờ lỗi trên UI, nhưng vẫn tiếp tục chờ..."}, {"message": "[BOT] ⚠️ Cảnh báo: Phát hiện text nghi ngờ lỗi trên UI, nhưng vẫn tiếp tục chờ..."}, {"message": "[BOT] ⚠️ Cảnh báo: Phát hiện text nghi ngờ lỗi trên UI, nhưng vẫn tiếp tục chờ..."}, {"message": "[BOT] ⚠️ Cảnh báo: Phát hiện text nghi ngờ lỗi trên UI, nhưng vẫn tiếp tục chờ..."}, {"message": "[BOT] ⚠️ Cảnh báo: Phát hiện text nghi ngờ lỗi trên UI, nhưng vẫn tiếp tục chờ..."}, {"message": "[BOT] ⚠️ Cảnh báo: Phát hiện text nghi ngờ lỗi trên UI, nhưng vẫn tiếp tục chờ..."}, {"message": "[BOT] ⚠️ Cảnh báo: Phát hiện text nghi ngờ lỗi trên UI, nhưng vẫn tiếp tục chờ..."}, {"message": "[BOT] ⏳ Đã tìm thấy video mới do AI tạo ra, chờ thêm 5s để render 100%..."}, {"message": "[BOT] ✅ Đã phát hiện video mới."}, {"message": "[BOT] 🔗 src URL: https://labs.google/fx/api/trpc/media.getMediaUrlRedirect?name=1686d750-56a2-480b-ad1d-bae5cb534465..."}, {"message": "[BOT] 💾 Đã tải video thành công (content-type: video/mp4, size: 3116350 bytes)."}, {"message": "[BOT] 🎊 Hoàn thành toàn bộ Scene!"}]}
[2026-06-19T03:28:50.845Z] job completed successfully
