[2026-06-17T04:09:00.208Z] job started: type=scene, scene=1
[2026-06-17T04:09:00.209Z] spawn: D:\workspace\Python\App\make film\ai-film-tool\backend\venv\Scripts\python.exe D:\workspace\Python\App\make film\ai-film-tool\backend\python_workers\browser_automation.py --job D:\workspace\Python\App\make film\ai-film-tool\backend\tmp\jobs\-api-generate-flow-scene-stream-1-fed6e0ae-d8d6-4897-bcbf-8d9b22fddd48.json
[2026-06-17T04:09:00.970Z] worker: [BOT] 🌐 Đang mở trang web Google Flow...
[2026-06-17T04:09:05.980Z] worker: Progress: opened https://labs.google/fx/vi/tools/flow
[2026-06-17T04:09:06.353Z] worker: [FlowWorker] screenshot: D:\workspace\Python\App\make film\ai-film-tool\backend\generated\_debug\1781669340411_scene_001\02_opened.png
[2026-06-17T04:09:06.836Z] worker: Progress: clicked entry button: Dự án mới
[2026-06-17T04:09:10.216Z] worker: [FlowWorker] screenshot: D:\workspace\Python\App\make film\ai-film-tool\backend\generated\_debug\1781669340411_scene_001\04_after_D_n_m_i.png
[2026-06-17T04:09:10.386Z] worker: Progress: new project control not found; continuing in current Flow workspace
[2026-06-17T04:09:10.415Z] worker: [BOT] 🎬 [1/2] Bắt đầu quá trình tạo Ảnh (Image Generation)...
[2026-06-17T04:09:10.416Z] worker: [BOT] ⚙️ Đang cấu hình cài đặt cho image...
[2026-06-17T04:09:16.773Z] worker: [BOT] ☁️ Đã đẩy 5 file lên thư viện cùng lúc (Bulk Upload).
[2026-06-17T04:09:16.774Z] worker: [BOT] ⏳ Đang chờ 10 giây để ảnh tải lên thư viện...
[2026-06-17T04:09:26.784Z] worker: [BOT] ☁️ Đang đính kèm lần lượt 5 ảnh vào ô chat...
[2026-06-17T04:09:30.540Z] worker: [BOT] ⚠️ Không tìm thấy tên ref_000.png, chuyển sang chọn theo vị trí thứ 1...
[2026-06-17T04:09:31.851Z] worker: [BOT] ⚠️ Không tìm thấy nút 'Thêm vào câu lệnh' cho ảnh thứ 1.
[2026-06-17T04:09:35.676Z] worker: [BOT] ⚠️ Không tìm thấy tên ref_001.png, chuyển sang chọn theo vị trí thứ 2...
[2026-06-17T04:09:35.692Z] worker: [BOT] ❌ Lỗi: Không tìm thấy ảnh thứ 2 trong thư viện. Có thể upload bị sót.
[2026-06-17T04:09:38.683Z] worker: [BOT] ⚠️ Không tìm thấy tên ref_002.png, chuyển sang chọn theo vị trí thứ 3...
[2026-06-17T04:09:40.069Z] worker: [BOT] ⚠️ Không tìm thấy nút 'Thêm vào câu lệnh' cho ảnh thứ 3.
[2026-06-17T04:09:44.209Z] worker: [BOT] ✅ Đã ấn xác nhận Thêm ảnh thứ 4 vào câu lệnh.
[2026-06-17T04:09:48.351Z] worker: [BOT] ⚠️ Không tìm thấy nút 'Thêm vào câu lệnh' cho ảnh thứ 5.
[2026-06-17T04:09:48.485Z] worker: [FlowWorker] screenshot: D:\workspace\Python\App\make film\ai-film-tool\backend\generated\_debug\1781669340411_scene_001\19_upload_attach_failed.png
[2026-06-17T04:09:48.743Z] worker: [FlowWorker] screenshot failed: Event loop is closed! Is Playwright already stopped?
[2026-06-17T04:09:48.744Z] result: {"status": "error", "message": "[BOT] Failed to attach 4/5 required image file(s) to the Flow composer.. Debug: D:\\workspace\\Python\\App\\make film\\ai-film-tool\\backend\\generated\\_debug\\1781669340411_scene_001"}
[2026-06-17T04:09:48.790Z] failed: [BOT] Failed to attach 4/5 required image file(s) to the Flow composer.. Debug: D:\workspace\Python\App\make film\ai-film-tool\backend\generated\_debug\1781669340411_scene_001
[2026-06-17T04:09:48.790Z] spawn: python D:\workspace\Python\App\make film\ai-film-tool\backend\python_workers\browser_automation.py --job D:\workspace\Python\App\make film\ai-film-tool\backend\tmp\jobs\-api-generate-flow-scene-stream-1-fed6e0ae-d8d6-4897-bcbf-8d9b22fddd48.json
[2026-06-17T04:09:49.512Z] worker: [BOT] 🌐 Đang mở trang web Google Flow...
[2026-06-17T04:09:54.398Z] worker: Progress: opened https://labs.google/fx/vi/tools/flow
[2026-06-17T04:09:54.739Z] worker: [FlowWorker] screenshot: D:\workspace\Python\App\make film\ai-film-tool\backend\generated\_debug\1781669389036_scene_001\02_opened.png
[2026-06-17T04:09:55.390Z] worker: Progress: clicked entry button: Dự án mới
[2026-06-17T04:09:58.881Z] worker: [FlowWorker] screenshot: D:\workspace\Python\App\make film\ai-film-tool\backend\generated\_debug\1781669389036_scene_001\04_after_D_n_m_i.png
[2026-06-17T04:09:59.296Z] worker: Progress: new project control not found; continuing in current Flow workspace
[2026-06-17T04:09:59.423Z] worker: [BOT] 🎬 [1/2] Bắt đầu quá trình tạo Ảnh (Image Generation)...
[2026-06-17T04:09:59.424Z] worker: [BOT] ⚙️ Đang cấu hình cài đặt cho image...
[2026-06-17T04:10:04.124Z] worker: [BOT] ☁️ Đã đẩy 5 file lên thư viện cùng lúc (Bulk Upload).
[2026-06-17T04:10:04.125Z] worker: [BOT] ⏳ Đang chờ 10 giây để ảnh tải lên thư viện...
[2026-06-17T04:10:14.136Z] worker: [BOT] ☁️ Đang đính kèm lần lượt 5 ảnh vào ô chat...
[2026-06-17T04:10:16.027Z] worker: [BOT] ⚠️ Không tìm thấy tên ref_000.png, chuyển sang chọn theo vị trí thứ 1...
[2026-06-17T04:10:17.392Z] worker: [BOT] ⚠️ Không tìm thấy nút 'Thêm vào câu lệnh' cho ảnh thứ 1.
[2026-06-17T04:10:20.507Z] worker: [BOT] ⚠️ Lỗi click ảnh thứ 2.
[2026-06-17T04:10:20.836Z] worker: [FlowWorker] screenshot failed: Event loop is closed! Is Playwright already stopped?
[2026-06-17T04:10:20.837Z] result: {"status": "error", "message": "Target page, context or browser has been closed. Debug: D:\\workspace\\Python\\App\\make film\\ai-film-tool\\backend\\generated\\_debug\\1781669389036_scene_001"}
[2026-06-17T04:10:20.884Z] failed: Target page, context or browser has been closed. Debug: D:\workspace\Python\App\make film\ai-film-tool\backend\generated\_debug\1781669389036_scene_001
[2026-06-17T04:10:20.884Z] spawn: py -3 D:\workspace\Python\App\make film\ai-film-tool\backend\python_workers\browser_automation.py --job D:\workspace\Python\App\make film\ai-film-tool\backend\tmp\jobs\-api-generate-flow-scene-stream-1-fed6e0ae-d8d6-4897-bcbf-8d9b22fddd48.json
[2026-06-17T04:10:21.701Z] worker: [BOT] 🌐 Đang mở trang web Google Flow...
