[2026-06-15T05:46:49.663Z] job started: type=scene, scene=1
[2026-06-15T05:46:49.664Z] spawn: D:\workspace\Python\App\make film\ai-film-tool\backend\venv\Scripts\python.exe D:\workspace\Python\App\make film\ai-film-tool\backend\python_workers\browser_automation.py --job D:\workspace\Python\App\make film\ai-film-tool\backend\tmp\jobs\-api-generate-flow-scene-1-bb5eb32a-8356-45c0-9262-8f82c62cb946.json
[2026-06-15T05:46:50.482Z] worker: [BOT] 🌐 Đang mở trang web Google Flow...
[2026-06-15T05:46:55.622Z] worker: Progress: opened https://labs.google/fx/vi/tools/flow
[2026-06-15T05:46:55.945Z] worker: [FlowWorker] screenshot: D:\workspace\Python\App\make film\ai-film-tool\backend\generated\_debug\1781502409891_scene_001\02_opened.png
[2026-06-15T05:46:56.428Z] worker: Progress: clicked entry button: Dự án mới
[2026-06-15T05:46:59.023Z] worker: [FlowWorker] screenshot: D:\workspace\Python\App\make film\ai-film-tool\backend\generated\_debug\1781502409891_scene_001\04_after_D_n_m_i.png
[2026-06-15T05:46:59.188Z] worker: Progress: new project control not found; continuing in current Flow workspace
[2026-06-15T05:46:59.217Z] worker: [BOT] 🎬 [1/2] Bắt đầu quá trình tạo Ảnh (Image Generation)...
[2026-06-15T05:46:59.218Z] worker: [BOT] ⚙️ Đang cấu hình cài đặt cho image...
[2026-06-15T05:47:02.186Z] worker: [BOT] ☁️ Đã đẩy 5 file lên thư viện ngầm. Đang chờ xử lý...
[2026-06-15T05:47:05.202Z] worker: [BOT] ☁️ Đang đính kèm 5 ảnh vào ô chat...
[2026-06-15T05:47:37.299Z] worker: [FlowWorker] screenshot failed: Event loop is closed! Is Playwright already stopped?
[2026-06-15T05:47:37.299Z] result: {"status": "error", "message": "Timeout 30000ms exceeded while waiting for event \"filechooser\"\n=========================== logs ===========================\nwaiting for event \"filechooser\"\n============================================================. Debug: D:\\workspace\\Python\\App\\make film\\ai-film-tool\\backend\\generated\\_debug\\1781502409891_scene_001"}
[2026-06-15T05:47:37.323Z] failed: Timeout 30000ms exceeded while waiting for event "filechooser"
=========================== logs ===========================
waiting for event "filechooser"
============================================================. Debug: D:\workspace\Python\App\make film\ai-film-tool\backend\generated\_debug\1781502409891_scene_001
[2026-06-15T05:47:37.323Z] spawn: python D:\workspace\Python\App\make film\ai-film-tool\backend\python_workers\browser_automation.py --job D:\workspace\Python\App\make film\ai-film-tool\backend\tmp\jobs\-api-generate-flow-scene-1-bb5eb32a-8356-45c0-9262-8f82c62cb946.json
[2026-06-15T05:47:38.057Z] worker: [BOT] 🌐 Đang mở trang web Google Flow...
[2026-06-15T05:47:44.686Z] worker: Progress: opened https://labs.google/fx/vi/tools/flow
[2026-06-15T05:47:45.134Z] worker: [FlowWorker] screenshot: D:\workspace\Python\App\make film\ai-film-tool\backend\generated\_debug\1781502457558_scene_001\02_opened.png
[2026-06-15T05:47:45.806Z] worker: Progress: clicked entry button: Dự án mới
[2026-06-15T05:47:48.474Z] worker: [FlowWorker] screenshot: D:\workspace\Python\App\make film\ai-film-tool\backend\generated\_debug\1781502457558_scene_001\04_after_D_n_m_i.png
[2026-06-15T05:47:48.832Z] worker: Progress: new project control not found; continuing in current Flow workspace
[2026-06-15T05:47:48.898Z] worker: [BOT] 🎬 [1/2] Bắt đầu quá trình tạo Ảnh (Image Generation)...
[2026-06-15T05:47:48.899Z] worker: [BOT] ⚙️ Đang cấu hình cài đặt cho image...
[2026-06-15T05:47:52.139Z] worker: [BOT] ☁️ Đã đẩy 5 file lên thư viện ngầm. Đang chờ xử lý...
[2026-06-15T05:47:55.144Z] worker: [BOT] ☁️ Đang đính kèm 5 ảnh vào ô chat...
