[2026-06-17T03:32:30.927Z] job started: type=scene, scene=1
[2026-06-17T03:32:30.929Z] spawn: D:\workspace\Python\App\make film\ai-film-tool\backend\venv\Scripts\python.exe D:\workspace\Python\App\make film\ai-film-tool\backend\python_workers\browser_automation.py --job D:\workspace\Python\App\make film\ai-film-tool\backend\tmp\jobs\-api-generate-flow-scene-stream-1-bfefddb7-f3f1-4bf6-93f6-628dd40e4c85.json
[2026-06-17T03:32:31.689Z] worker: [BOT] 🌐 Đang mở trang web Google Flow...
[2026-06-17T03:32:37.043Z] worker: Progress: opened https://labs.google/fx/vi/tools/flow
[2026-06-17T03:32:37.396Z] worker: [FlowWorker] screenshot: D:\workspace\Python\App\make film\ai-film-tool\backend\generated\_debug\1781667151147_scene_001\02_opened.png
[2026-06-17T03:32:37.880Z] worker: Progress: clicked entry button: Dự án mới
[2026-06-17T03:32:41.287Z] worker: [FlowWorker] screenshot: D:\workspace\Python\App\make film\ai-film-tool\backend\generated\_debug\1781667151147_scene_001\04_after_D_n_m_i.png
[2026-06-17T03:32:41.448Z] worker: Progress: new project control not found; continuing in current Flow workspace
[2026-06-17T03:32:41.485Z] worker: [BOT] 🎬 [1/2] Bắt đầu quá trình tạo Ảnh (Image Generation)...
[2026-06-17T03:32:41.486Z] worker: [BOT] ⚙️ Đang cấu hình cài đặt cho image...
[2026-06-17T03:32:54.293Z] worker: [BOT] ☁️ Đã đẩy 5 file lên thư viện cùng lúc (Bulk Upload).
[2026-06-17T03:32:54.294Z] worker: [BOT] ⏳ Đang chờ 10 giây để ảnh tải lên thư viện...
[2026-06-17T03:33:04.303Z] worker: [BOT] ☁️ Đang đính kèm lần lượt 5 ảnh vào ô chat...
[2026-06-17T03:33:05.399Z] worker: [BOT] ✅ Đã ấn xác nhận Thêm ref_000.png vào câu lệnh.
[2026-06-17T03:33:08.865Z] worker: [BOT] ✅ Đã ấn xác nhận Thêm ref_001.png vào câu lệnh.
[2026-06-17T03:33:12.300Z] worker: [BOT] ✅ Đã ấn xác nhận Thêm ref_002.png vào câu lệnh.
[2026-06-17T03:33:15.745Z] worker: [BOT] ✅ Đã ấn xác nhận Thêm ref_003.png vào câu lệnh.
[2026-06-17T03:33:19.200Z] worker: [BOT] ✅ Đã thêm ref_004.png bằng nút Tạo.
[2026-06-17T03:33:20.202Z] worker: [BOT] Attached all 5 required file(s) successfully.
[2026-06-17T03:33:20.203Z] worker: [BOT] ⏳ Đang chờ hệ thống xử lý ảnh vừa upload...
[2026-06-17T03:33:37.263Z] worker: [BOT] ⌨️ Đang gõ chữ tuần tự...
[2026-06-17T03:33:45.024Z] worker: Progress: filled prompt
[2026-06-17T03:33:46.597Z] worker: Progress: submitted prompt with keyboard
[2026-06-17T03:33:49.608Z] worker: [BOT] ⏳ Đã Submit, đang chờ image hoàn thành (tối đa 10 phút)...
[2026-06-17T03:33:49.609Z] worker: [BOT] ⏳ Chờ 20s cho chat load...
[2026-06-17T03:35:11.826Z] worker: Progress: found generated image
[2026-06-17T03:35:19.873Z] worker: [BOT] 💾 Đã lưu image qua DOM
[2026-06-17T03:35:19.874Z] event: image_done {"scene_index":1,"result_url":"http://localhost:3000/generated/FILM_scene_001_image_1781667161446.png","local_path":"D:\\workspace\\Python\\App\\make film\\ai-film-tool\\backend\\generated\\FILM_scene_001_image_1781667161446.png"}
[2026-06-17T03:35:19.875Z] worker: [BOT] 🎬 [2/2] Bắt đầu quá trình tạo Video từ Ảnh vừa tạo...
[2026-06-17T03:35:19.876Z] worker: [BOT] ⚙️ Đang cấu hình cài đặt cho video...
[2026-06-17T03:35:22.635Z] worker: [BOT] 🖼️ Sử dụng ảnh vừa tạo trong thư viện thay vì upload lại...
[2026-06-17T03:35:27.019Z] worker: [BOT] ⌨️ Đang gõ chữ tuần tự...
[2026-06-17T03:35:35.522Z] worker: Progress: filled prompt
[2026-06-17T03:35:35.538Z] worker: Progress: clicked composer submit button
[2026-06-17T03:35:38.544Z] worker: [BOT] ⏳ Đã Submit, đang chờ video hoàn thành (tối đa 30 phút)...
[2026-06-17T03:35:38.546Z] worker: [BOT] ⏳ Chờ 20s cho chat load...
[2026-06-17T03:37:20.641Z] worker: [FlowWorker] screenshot failed: Page.screenshot: Target page, context or browser has been closed
[2026-06-17T03:37:20.905Z] worker: [FlowWorker] screenshot failed: Event loop is closed! Is Playwright already stopped?
[2026-06-17T03:37:20.905Z] result: {"status": "error", "message": "[BOT] Lỗi khi chờ video tạo xong: Page.wait_for_timeout: Target page, context or browser has been closed. Debug: D:\\workspace\\Python\\App\\make film\\ai-film-tool\\backend\\generated\\_debug\\1781667151147_scene_001"}
[2026-06-17T03:37:20.927Z] failed: [BOT] Lỗi khi chờ video tạo xong: Page.wait_for_timeout: Target page, context or browser has been closed. Debug: D:\workspace\Python\App\make film\ai-film-tool\backend\generated\_debug\1781667151147_scene_001
[2026-06-17T03:37:20.928Z] spawn: python D:\workspace\Python\App\make film\ai-film-tool\backend\python_workers\browser_automation.py --job D:\workspace\Python\App\make film\ai-film-tool\backend\tmp\jobs\-api-generate-flow-scene-stream-1-bfefddb7-f3f1-4bf6-93f6-628dd40e4c85.json
[2026-06-17T03:37:21.654Z] worker: [BOT] 🌐 Đang mở trang web Google Flow...
