[2026-06-17T04:27:07.774Z] job started: type=scene, scene=1
[2026-06-17T04:27:07.776Z] spawn: D:\workspace\Python\App\make film\ai-film-tool\backend\venv\Scripts\python.exe D:\workspace\Python\App\make film\ai-film-tool\backend\python_workers\browser_automation.py --job D:\workspace\Python\App\make film\ai-film-tool\backend\tmp\jobs\-api-generate-flow-scene-stream-1-483c37c4-6126-4e8e-9f51-14b55a695b3a.json
[2026-06-17T04:27:08.582Z] worker: [BOT] 🌐 Đang mở trang web Google Flow...
[2026-06-17T04:27:14.577Z] worker: Progress: opened https://labs.google/fx/vi/tools/flow
[2026-06-17T04:27:14.914Z] worker: [FlowWorker] screenshot: D:\workspace\Python\App\make film\ai-film-tool\backend\generated\_debug\1781670427968_scene_001\02_opened.png
[2026-06-17T04:27:15.417Z] worker: Progress: clicked entry button: Dự án mới
[2026-06-17T04:27:18.804Z] worker: [FlowWorker] screenshot: D:\workspace\Python\App\make film\ai-film-tool\backend\generated\_debug\1781670427968_scene_001\04_after_D_n_m_i.png
[2026-06-17T04:27:18.969Z] worker: Progress: new project control not found; continuing in current Flow workspace
[2026-06-17T04:27:18.990Z] worker: [BOT] 🎬 [1/2] Bắt đầu quá trình tạo Ảnh (Image Generation)...
[2026-06-17T04:27:18.991Z] worker: [BOT] ⚙️ Đang cấu hình cài đặt cho image...
[2026-06-17T04:27:27.504Z] worker: [BOT] ☁️ Đã đẩy 5 file lên thư viện cùng lúc (Bulk Upload).
[2026-06-17T04:27:27.505Z] worker: [BOT] ⏳ Đang chờ 25 giây để hệ thống upload xong toàn bộ ảnh...
[2026-06-17T04:27:52.510Z] worker: [BOT] ☁️ Đang đính kèm lần lượt 5 ảnh vào ô chat...
[2026-06-17T04:27:57.825Z] worker: [BOT] ✅ Đã ấn xác nhận Thêm ref_000.png vào câu lệnh.
[2026-06-17T04:28:03.892Z] worker: [BOT] ✅ Đã ấn xác nhận Thêm ref_001.png vào câu lệnh.
[2026-06-17T04:28:09.996Z] worker: [BOT] ✅ Đã ấn xác nhận Thêm ref_002.png vào câu lệnh.
[2026-06-17T04:28:14.162Z] worker: [BOT] ✅ Đã ấn xác nhận Thêm ref_003.png vào câu lệnh.
[2026-06-17T04:28:18.043Z] worker: [BOT] ⚠️ Không thấy nút 'Thêm', thử click lại option ref_004.png...
[2026-06-17T04:28:19.567Z] worker: [BOT] ❌ Vẫn không tìm thấy nút 'Thêm vào câu lệnh' cho ref_004.png sau 2 lần thử.
[2026-06-17T04:28:19.568Z] worker: [BOT] ⚠️ Cảnh báo: Chỉ đính kèm được 4/5 ảnh. Vẫn tiếp tục tạo...
[2026-06-17T04:28:19.569Z] worker: [BOT] Attached 4/5 required file(s) successfully.
[2026-06-17T04:28:19.570Z] worker: [BOT] ⏳ Đang chờ hệ thống xử lý ảnh vừa upload...
[2026-06-17T04:28:36.579Z] worker: [BOT] ⌨️ Đang gõ chữ tuần tự...
[2026-06-17T04:28:44.516Z] worker: Progress: filled prompt
[2026-06-17T04:28:46.102Z] worker: Progress: submitted prompt with keyboard
[2026-06-17T04:28:49.112Z] worker: [BOT] ⏳ Đã Submit, đang chờ image hoàn thành...
[2026-06-17T04:28:49.114Z] worker: [BOT] ⏳ Chờ 20s cho chat load...
[2026-06-17T04:29:40.065Z] worker: [BOT] ⏳ Đã tìm thấy image mới, chờ thêm 15s để đảm bảo render 100% hoàn tất...
[2026-06-17T04:30:08.077Z] worker: [BOT] ⚠️ Không tìm thấy nút Download, thử tải trực tiếp qua src...
[2026-06-17T04:30:09.687Z] worker: [FlowWorker] screenshot: D:\workspace\Python\App\make film\ai-film-tool\backend\generated\_debug\1781670427968_scene_001\27_generation_failed.png
[2026-06-17T04:30:10.031Z] worker: [FlowWorker] screenshot failed: Event loop is closed! Is Playwright already stopped?
[2026-06-17T04:30:10.032Z] result: {"status": "error", "message": "[BOT] Lỗi khi tạo/tải image: HTTP Error 401: Unauthorized. Debug: D:\\workspace\\Python\\App\\make film\\ai-film-tool\\backend\\generated\\_debug\\1781670427968_scene_001"}
[2026-06-17T04:30:10.075Z] failed: [BOT] Lỗi khi tạo/tải image: HTTP Error 401: Unauthorized. Debug: D:\workspace\Python\App\make film\ai-film-tool\backend\generated\_debug\1781670427968_scene_001
[2026-06-17T04:30:10.076Z] spawn: python D:\workspace\Python\App\make film\ai-film-tool\backend\python_workers\browser_automation.py --job D:\workspace\Python\App\make film\ai-film-tool\backend\tmp\jobs\-api-generate-flow-scene-stream-1-483c37c4-6126-4e8e-9f51-14b55a695b3a.json
[2026-06-17T04:30:10.961Z] worker: [BOT] 🌐 Đang mở trang web Google Flow...
