[2026-06-17T04:04:22.375Z] job started: type=scene, scene=1
[2026-06-17T04:04:22.378Z] spawn: D:\workspace\Python\App\make film\ai-film-tool\backend\venv\Scripts\python.exe D:\workspace\Python\App\make film\ai-film-tool\backend\python_workers\browser_automation.py --job D:\workspace\Python\App\make film\ai-film-tool\backend\tmp\jobs\-api-generate-flow-scene-stream-1-e1191d69-2c79-449c-b734-c7264f1d3f44.json
[2026-06-17T04:04:23.217Z] worker: [BOT] 🌐 Đang mở trang web Google Flow...
[2026-06-17T04:04:28.281Z] worker: Progress: opened https://labs.google/fx/vi/tools/flow
[2026-06-17T04:04:28.703Z] worker: [FlowWorker] screenshot: D:\workspace\Python\App\make film\ai-film-tool\backend\generated\_debug\1781669062587_scene_001\02_opened.png
[2026-06-17T04:04:29.202Z] worker: Progress: clicked entry button: Dự án mới
[2026-06-17T04:04:32.616Z] worker: [FlowWorker] screenshot: D:\workspace\Python\App\make film\ai-film-tool\backend\generated\_debug\1781669062587_scene_001\04_after_D_n_m_i.png
[2026-06-17T04:04:32.842Z] worker: Progress: new project control not found; continuing in current Flow workspace
[2026-06-17T04:04:32.892Z] worker: [BOT] 🎬 [1/2] Bắt đầu quá trình tạo Ảnh (Image Generation)...
[2026-06-17T04:04:32.893Z] worker: [BOT] ⚙️ Đang cấu hình cài đặt cho image...
[2026-06-17T04:04:37.522Z] worker: [BOT] ☁️ Đã đẩy 5 file lên thư viện cùng lúc (Bulk Upload).
[2026-06-17T04:04:37.524Z] worker: [BOT] ⏳ Đang chờ 10 giây để ảnh tải lên thư viện...
[2026-06-17T04:04:47.532Z] worker: [BOT] ☁️ Đang đính kèm lần lượt 5 ảnh vào ô chat...
[2026-06-17T04:04:48.649Z] worker: [BOT] ✅ Đã ấn xác nhận Thêm ref_000.png vào câu lệnh.
[2026-06-17T04:04:52.078Z] worker: [BOT] ✅ Đã ấn xác nhận Thêm ref_001.png vào câu lệnh.
[2026-06-17T04:04:55.490Z] worker: [BOT] ✅ Đã ấn xác nhận Thêm ref_002.png vào câu lệnh.
[2026-06-17T04:04:58.962Z] worker: [BOT] ✅ Đã thêm ref_003.png bằng nút Tạo.
[2026-06-17T04:05:00.040Z] worker: [BOT] ❌ Lỗi: Không tìm thấy ảnh ref_004.png trong thư viện sau upload.
[2026-06-17T04:05:00.155Z] worker: [FlowWorker] screenshot: D:\workspace\Python\App\make film\ai-film-tool\backend\generated\_debug\1781669062587_scene_001\16_upload_attach_failed.png
[2026-06-17T04:05:00.346Z] worker: [FlowWorker] screenshot failed: Event loop is closed! Is Playwright already stopped?
[2026-06-17T04:05:00.347Z] result: {"status": "error", "message": "[BOT] Failed to attach 1/5 required image file(s) to the Flow composer.. Debug: D:\\workspace\\Python\\App\\make film\\ai-film-tool\\backend\\generated\\_debug\\1781669062587_scene_001"}
[2026-06-17T04:05:00.375Z] failed: [BOT] Failed to attach 1/5 required image file(s) to the Flow composer.. Debug: D:\workspace\Python\App\make film\ai-film-tool\backend\generated\_debug\1781669062587_scene_001
[2026-06-17T04:05:00.375Z] spawn: python D:\workspace\Python\App\make film\ai-film-tool\backend\python_workers\browser_automation.py --job D:\workspace\Python\App\make film\ai-film-tool\backend\tmp\jobs\-api-generate-flow-scene-stream-1-e1191d69-2c79-449c-b734-c7264f1d3f44.json
[2026-06-17T04:05:01.142Z] worker: [BOT] 🌐 Đang mở trang web Google Flow...
[2026-06-17T04:05:06.111Z] worker: Progress: opened https://labs.google/fx/vi/tools/flow
[2026-06-17T04:05:06.585Z] worker: [FlowWorker] screenshot: D:\workspace\Python\App\make film\ai-film-tool\backend\generated\_debug\1781669100618_scene_001\02_opened.png
[2026-06-17T04:05:07.168Z] worker: Progress: clicked entry button: Dự án mới
[2026-06-17T04:05:10.618Z] worker: [FlowWorker] screenshot: D:\workspace\Python\App\make film\ai-film-tool\backend\generated\_debug\1781669100618_scene_001\04_after_D_n_m_i.png
[2026-06-17T04:05:11.095Z] worker: Progress: new project control not found; continuing in current Flow workspace
[2026-06-17T04:05:11.185Z] worker: [BOT] 🎬 [1/2] Bắt đầu quá trình tạo Ảnh (Image Generation)...
[2026-06-17T04:05:11.186Z] worker: [BOT] ⚙️ Đang cấu hình cài đặt cho image...
[2026-06-17T04:05:40.073Z] worker: [BOT] ☁️ Đã đẩy 5 file lên thư viện cùng lúc (Bulk Upload).
[2026-06-17T04:05:40.074Z] worker: [BOT] ⏳ Đang chờ 10 giây để ảnh tải lên thư viện...
[2026-06-17T04:05:50.092Z] worker: [BOT] ☁️ Đang đính kèm lần lượt 5 ảnh vào ô chat...
[2026-06-17T04:05:51.318Z] worker: [BOT] ✅ Đã ấn xác nhận Thêm ref_000.png vào câu lệnh.
[2026-06-17T04:05:55.041Z] worker: [BOT] ❌ Lỗi: Không tìm thấy ảnh ref_001.png trong thư viện sau upload.
[2026-06-17T04:05:55.117Z] worker: [BOT] ❌ Lỗi: Không tìm thấy ảnh ref_002.png trong thư viện sau upload.
[2026-06-17T04:05:56.289Z] worker: [BOT] ✅ Đã ấn xác nhận Thêm ref_003.png vào câu lệnh.
[2026-06-17T04:06:00.106Z] worker: [BOT] ❌ Lỗi: Không tìm thấy ảnh ref_004.png trong thư viện sau upload.
[2026-06-17T04:06:03.975Z] worker: [FlowWorker] screenshot: D:\workspace\Python\App\make film\ai-film-tool\backend\generated\_debug\1781669100618_scene_001\16_upload_attach_failed.png
[2026-06-17T04:06:04.254Z] worker: [FlowWorker] screenshot failed: Event loop is closed! Is Playwright already stopped?
[2026-06-17T04:06:04.255Z] result: {"status": "error", "message": "[BOT] Failed to attach 3/5 required image file(s) to the Flow composer.. Debug: D:\\workspace\\Python\\App\\make film\\ai-film-tool\\backend\\generated\\_debug\\1781669100618_scene_001"}
[2026-06-17T04:06:04.305Z] failed: [BOT] Failed to attach 3/5 required image file(s) to the Flow composer.. Debug: D:\workspace\Python\App\make film\ai-film-tool\backend\generated\_debug\1781669100618_scene_001
[2026-06-17T04:06:04.306Z] spawn: py -3 D:\workspace\Python\App\make film\ai-film-tool\backend\python_workers\browser_automation.py --job D:\workspace\Python\App\make film\ai-film-tool\backend\tmp\jobs\-api-generate-flow-scene-stream-1-e1191d69-2c79-449c-b734-c7264f1d3f44.json
[2026-06-17T04:06:05.073Z] worker: [BOT] 🌐 Đang mở trang web Google Flow...
[2026-06-17T04:06:09.940Z] worker: Progress: opened https://labs.google/fx/vi/tools/flow
[2026-06-17T04:06:10.434Z] worker: [FlowWorker] screenshot: D:\workspace\Python\App\make film\ai-film-tool\backend\generated\_debug\1781669164559_scene_001\02_opened.png
[2026-06-17T04:06:11.157Z] worker: Progress: clicked entry button: Dự án mới
[2026-06-17T04:06:14.724Z] worker: [FlowWorker] screenshot: D:\workspace\Python\App\make film\ai-film-tool\backend\generated\_debug\1781669164559_scene_001\04_after_D_n_m_i.png
[2026-06-17T04:06:15.274Z] worker: Progress: new project control not found; continuing in current Flow workspace
[2026-06-17T04:06:15.381Z] worker: [BOT] 🎬 [1/2] Bắt đầu quá trình tạo Ảnh (Image Generation)...
[2026-06-17T04:06:15.381Z] worker: [BOT] ⚙️ Đang cấu hình cài đặt cho image...
