[2026-06-17T03:22:41.280Z] job started: type=scene, scene=1
[2026-06-17T03:22:41.281Z] spawn: D:\workspace\Python\App\make film\ai-film-tool\backend\venv\Scripts\python.exe D:\workspace\Python\App\make film\ai-film-tool\backend\python_workers\browser_automation.py --job D:\workspace\Python\App\make film\ai-film-tool\backend\tmp\jobs\-api-generate-flow-scene-stream-1-39b16972-cb16-4fa4-8daf-b3532b3ecaa4.json
[2026-06-17T03:22:42.029Z] worker: [BOT] 🌐 Đang mở trang web Google Flow...
[2026-06-17T03:22:46.955Z] worker: Progress: opened https://labs.google/fx/vi/tools/flow
[2026-06-17T03:22:47.353Z] worker: [FlowWorker] screenshot: D:\workspace\Python\App\make film\ai-film-tool\backend\generated\_debug\1781666561496_scene_001\02_opened.png
[2026-06-17T03:22:47.859Z] worker: Progress: clicked entry button: Dự án mới
[2026-06-17T03:22:51.283Z] worker: [FlowWorker] screenshot: D:\workspace\Python\App\make film\ai-film-tool\backend\generated\_debug\1781666561496_scene_001\04_after_D_n_m_i.png
[2026-06-17T03:22:51.547Z] worker: Progress: new project control not found; continuing in current Flow workspace
[2026-06-17T03:22:51.582Z] worker: [BOT] 🎬 [1/2] Bắt đầu quá trình tạo Ảnh (Image Generation)...
[2026-06-17T03:22:51.583Z] worker: [BOT] ⚙️ Đang cấu hình cài đặt cho image...
[2026-06-17T03:22:58.626Z] worker: [BOT] ☁️ Đã đẩy 5 file lên hệ thống ngầm (Bulk Upload).
[2026-06-17T03:22:58.627Z] worker: [BOT] ⏳ Đang chờ 10 giây để ảnh tải lên thư viện...
[2026-06-17T03:23:08.642Z] worker: [BOT] ☁️ Đang đính kèm lần lượt 5 ảnh vào ô chat...
[2026-06-17T03:23:11.159Z] worker: [BOT] ✅ Đã ấn xác nhận Thêm ref_000.png vào câu lệnh.
[2026-06-17T03:23:14.626Z] worker: [BOT] ✅ Đã ấn xác nhận Thêm ref_001.png vào câu lệnh.
[2026-06-17T03:23:18.123Z] worker: [BOT] ✅ Đã ấn xác nhận Thêm ref_002.png vào câu lệnh.
[2026-06-17T03:23:21.593Z] worker: [BOT] ✅ Đã ấn xác nhận Thêm ref_003.png vào câu lệnh.
[2026-06-17T03:23:25.167Z] worker: [BOT] ✅ Đã thêm ref_004.png bằng nút Tạo.
[2026-06-17T03:23:26.179Z] worker: [BOT] Attached all 5 required file(s) successfully.
[2026-06-17T03:23:26.180Z] worker: [BOT] ⏳ Đang chờ hệ thống xử lý ảnh vừa upload...
[2026-06-17T03:23:43.239Z] worker: [BOT] ⌨️ Đang gõ chữ tuần tự...
[2026-06-17T03:23:50.937Z] worker: Progress: filled prompt
[2026-06-17T03:23:52.510Z] worker: Progress: submitted prompt with keyboard
[2026-06-17T03:23:55.518Z] worker: [BOT] ⏳ Đã Submit, đang chờ image hoàn thành (tối đa 10 phút)...
[2026-06-17T03:23:55.519Z] worker: [BOT] ⏳ Chờ 20s cho chat load...
[2026-06-17T03:25:15.158Z] worker: Progress: found generated image
[2026-06-17T03:25:23.216Z] worker: [BOT] 💾 Đã lưu image qua DOM
[2026-06-17T03:25:23.217Z] event: image_done {"scene_index":1,"result_url":"http://localhost:3000/generated/FILM_scene_001_image_1781666571545.png","local_path":"D:\\workspace\\Python\\App\\make film\\ai-film-tool\\backend\\generated\\FILM_scene_001_image_1781666571545.png"}
[2026-06-17T03:25:23.218Z] worker: [BOT] 🎬 [2/2] Bắt đầu quá trình tạo Video từ Ảnh vừa tạo...
[2026-06-17T03:25:23.218Z] worker: [BOT] ⚙️ Đang cấu hình cài đặt cho video...
[2026-06-17T03:25:26.073Z] worker: [BOT] 🖼️ Sử dụng ảnh vừa tạo trong thư viện thay vì upload lại...
[2026-06-17T03:25:30.215Z] worker: [BOT] ⌨️ Đang gõ chữ tuần tự...
[2026-06-17T03:25:38.024Z] worker: Progress: filled prompt
[2026-06-17T03:25:39.686Z] worker: Progress: submitted prompt with keyboard
[2026-06-17T03:25:42.694Z] worker: [BOT] ⏳ Đã Submit, đang chờ video hoàn thành (tối đa 30 phút)...
[2026-06-17T03:25:42.695Z] worker: [BOT] ⏳ Chờ 20s cho chat load...
