[2026-06-17T03:44:23.724Z] job started: type=scene, scene=1
[2026-06-17T03:44:23.726Z] spawn: D:\workspace\Python\App\make film\ai-film-tool\backend\venv\Scripts\python.exe D:\workspace\Python\App\make film\ai-film-tool\backend\python_workers\browser_automation.py --job D:\workspace\Python\App\make film\ai-film-tool\backend\tmp\jobs\-api-generate-flow-scene-stream-1-3e2bba26-cfe0-4f3d-9a77-862b62c049ae.json
[2026-06-17T03:44:24.543Z] worker: [BOT] 🌐 Đang mở trang web Google Flow...
[2026-06-17T03:44:29.705Z] worker: Progress: opened https://labs.google/fx/vi/tools/flow
[2026-06-17T03:44:30.030Z] worker: [FlowWorker] screenshot: D:\workspace\Python\App\make film\ai-film-tool\backend\generated\_debug\1781667863935_scene_001\02_opened.png
[2026-06-17T03:44:30.515Z] worker: Progress: clicked entry button: Dự án mới
[2026-06-17T03:44:33.907Z] worker: [FlowWorker] screenshot: D:\workspace\Python\App\make film\ai-film-tool\backend\generated\_debug\1781667863935_scene_001\04_after_D_n_m_i.png
[2026-06-17T03:44:34.168Z] worker: Progress: new project control not found; continuing in current Flow workspace
[2026-06-17T03:44:34.200Z] worker: [BOT] 🎬 [1/2] Bắt đầu quá trình tạo Ảnh (Image Generation)...
[2026-06-17T03:44:34.201Z] worker: [BOT] ⚙️ Đang cấu hình cài đặt cho image...
[2026-06-17T03:44:40.856Z] worker: [BOT] ☁️ Đã đẩy 5 file lên thư viện cùng lúc (Bulk Upload).
[2026-06-17T03:44:40.857Z] worker: [BOT] ⏳ Đang chờ 10 giây để ảnh tải lên thư viện...
[2026-06-17T03:44:50.862Z] worker: [BOT] ☁️ Đang đính kèm lần lượt 5 ảnh vào ô chat...
[2026-06-17T03:44:51.991Z] worker: [BOT] ✅ Đã ấn xác nhận Thêm ref_000.png vào câu lệnh.
[2026-06-17T03:44:55.444Z] worker: [BOT] ✅ Đã ấn xác nhận Thêm ref_001.png vào câu lệnh.
[2026-06-17T03:44:58.925Z] worker: [BOT] ✅ Đã ấn xác nhận Thêm ref_002.png vào câu lệnh.
[2026-06-17T03:45:02.347Z] worker: [BOT] ✅ Đã ấn xác nhận Thêm ref_003.png vào câu lệnh.
[2026-06-17T03:45:05.785Z] worker: [BOT] ✅ Đã thêm ref_004.png bằng nút Tạo.
[2026-06-17T03:45:06.794Z] worker: [BOT] Attached all 5 required file(s) successfully.
[2026-06-17T03:45:06.795Z] worker: [BOT] ⏳ Đang chờ hệ thống xử lý ảnh vừa upload...
[2026-06-17T03:45:24.015Z] worker: [BOT] ⌨️ Đang gõ chữ tuần tự...
[2026-06-17T03:45:33.577Z] worker: Progress: filled prompt
[2026-06-17T03:45:35.204Z] worker: Progress: submitted prompt with keyboard
[2026-06-17T03:45:38.213Z] worker: [BOT] ⏳ Đã Submit, đang chờ image hoàn thành (tối đa 10 phút)...
[2026-06-17T03:45:38.214Z] worker: [BOT] ⏳ Chờ 20s cho chat load...
[2026-06-17T03:45:58.351Z] worker: [BOT] ⏳ Đã tìm thấy image mới, chờ thêm 15s để đảm bảo render 100% hoàn tất...
[2026-06-17T03:46:21.429Z] worker: [BOT] 💾 Đã lưu image qua DOM
[2026-06-17T03:46:21.429Z] event: image_done {"scene_index":1,"result_url":"http://localhost:3000/generated/FILM_scene_001_image_1781667874168.png","local_path":"D:\\workspace\\Python\\App\\make film\\ai-film-tool\\backend\\generated\\FILM_scene_001_image_1781667874168.png"}
[2026-06-17T03:46:21.430Z] worker: [BOT] 🎬 [2/2] Bắt đầu quá trình tạo Video từ Ảnh vừa tạo...
[2026-06-17T03:46:21.430Z] worker: [BOT] ⚙️ Đang cấu hình cài đặt cho video...
[2026-06-17T03:46:25.524Z] worker: [BOT] 🖼️ Sử dụng ảnh vừa tạo trong thư viện thay vì upload lại...
[2026-06-17T03:46:29.737Z] worker: [BOT] ⌨️ Đang gõ chữ tuần tự...
[2026-06-17T03:46:38.727Z] worker: Progress: filled prompt
