[2026-06-19T02:45:08.549Z] job started: type=scene, scene=2
[2026-06-19T02:45:08.550Z] spawn: D:\workspace\Python\App\make film\ai-film-tool\backend\venv\Scripts\python.exe D:\workspace\Python\App\make film\ai-film-tool\backend\python_workers\browser_automation.py --job D:\workspace\Python\App\make film\ai-film-tool\backend\tmp\jobs\-api-generate-flow-scene-stream-2-c10c8934-9b33-469f-b0a7-fe59d4782ca3.json
[2026-06-19T02:45:09.218Z] worker: [BOT] 🌐 Đang mở trang web Google Flow...
[2026-06-19T02:45:14.255Z] worker: Progress: opened https://labs.google/fx/vi/tools/flow/project/ed730d0f-d689-4b0e-8096-3315304f3bf4
[2026-06-19T02:45:14.568Z] worker: [FlowWorker] screenshot: D:\workspace\Python\App\make film\ai-film-tool\backend\generated\_debug\1781837108736_scene_002\02_opened.png
[2026-06-19T02:45:14.781Z] worker: Progress: composer already visible
[2026-06-19T02:45:14.822Z] worker: [BOT] 🎬 [1/2] Bắt đầu quá trình tạo Ảnh (Image Generation)...
[2026-06-19T02:45:14.823Z] worker: [BOT] ⚙️ Đang cấu hình cài đặt cho image...
[2026-06-19T02:45:17.543Z] worker: [BOT] ✅ Đã chọn Tab Hình ảnh
[2026-06-19T02:45:19.319Z] worker: [BOT] ☁️ Đang đính kèm lần lượt 6 ảnh vào ô chat...
[2026-06-19T02:45:21.497Z] worker: [BOT] ☁️ Đã gửi ref_000.png, đang chờ upload...
[2026-06-19T02:45:24.551Z] worker: [BOT] ⏳ Nút 'Thêm vào câu lệnh' chưa sáng, chờ thêm... (round 1)
[2026-06-19T02:45:27.608Z] worker: [BOT] ⏳ Nút 'Thêm vào câu lệnh' chưa sáng, chờ thêm... (round 2)
[2026-06-19T02:45:30.643Z] worker: [BOT] ⏳ Nút 'Thêm vào câu lệnh' chưa sáng, chờ thêm... (round 3)
[2026-06-19T02:45:34.007Z] worker: [BOT] ✅ Đã ấn 'Thêm vào câu lệnh' cho ref_000.png.
[2026-06-19T02:45:37.185Z] worker: [BOT] ☁️ Đã gửi ref_001.png, đang chờ upload...
[2026-06-19T02:45:40.204Z] worker: [BOT] ⏳ Nút 'Thêm vào câu lệnh' chưa sáng, chờ thêm... (round 1)
[2026-06-19T02:45:43.245Z] worker: [BOT] ⏳ Nút 'Thêm vào câu lệnh' chưa sáng, chờ thêm... (round 2)
[2026-06-19T02:45:46.264Z] worker: [BOT] ⏳ Nút 'Thêm vào câu lệnh' chưa sáng, chờ thêm... (round 3)
[2026-06-19T02:45:49.588Z] worker: [BOT] ✅ Đã ấn 'Thêm vào câu lệnh' cho ref_001.png.
[2026-06-19T02:45:52.715Z] worker: [BOT] ☁️ Đã gửi ref_002.png, đang chờ upload...
[2026-06-19T02:45:55.750Z] worker: [BOT] ⏳ Nút 'Thêm vào câu lệnh' chưa sáng, chờ thêm... (round 1)
[2026-06-19T02:45:58.797Z] worker: [BOT] ⏳ Nút 'Thêm vào câu lệnh' chưa sáng, chờ thêm... (round 2)
[2026-06-19T02:46:01.850Z] worker: [BOT] ⏳ Nút 'Thêm vào câu lệnh' chưa sáng, chờ thêm... (round 3)
[2026-06-19T02:46:05.213Z] worker: [BOT] ✅ Đã ấn 'Thêm vào câu lệnh' cho ref_002.png.
[2026-06-19T02:46:08.419Z] worker: [BOT] ☁️ Đã gửi ref_003.png, đang chờ upload...
[2026-06-19T02:46:11.457Z] worker: [BOT] ⏳ Nút 'Thêm vào câu lệnh' chưa sáng, chờ thêm... (round 1)
[2026-06-19T02:46:14.496Z] worker: [BOT] ⏳ Nút 'Thêm vào câu lệnh' chưa sáng, chờ thêm... (round 2)
[2026-06-19T02:46:17.539Z] worker: [BOT] ⏳ Nút 'Thêm vào câu lệnh' chưa sáng, chờ thêm... (round 3)
[2026-06-19T02:46:20.907Z] worker: [BOT] ✅ Đã ấn 'Thêm vào câu lệnh' cho ref_003.png.
[2026-06-19T02:46:24.115Z] worker: [BOT] ☁️ Đã gửi ref_004.png, đang chờ upload...
[2026-06-19T02:46:27.147Z] worker: [BOT] ⏳ Nút 'Thêm vào câu lệnh' chưa sáng, chờ thêm... (round 1)
[2026-06-19T02:46:30.200Z] worker: [BOT] ⏳ Nút 'Thêm vào câu lệnh' chưa sáng, chờ thêm... (round 2)
[2026-06-19T02:46:33.247Z] worker: [BOT] ⏳ Nút 'Thêm vào câu lệnh' chưa sáng, chờ thêm... (round 3)
[2026-06-19T02:46:36.620Z] worker: [BOT] ✅ Đã ấn 'Thêm vào câu lệnh' cho ref_004.png.
[2026-06-19T02:46:39.793Z] worker: [BOT] ☁️ Đã gửi FILM_scene_001_image_1781836797030.png, đang chờ upload...
[2026-06-19T02:46:42.824Z] worker: [BOT] ⏳ Nút 'Thêm vào câu lệnh' chưa sáng, chờ thêm... (round 1)
[2026-06-19T02:46:45.851Z] worker: [BOT] ⏳ Nút 'Thêm vào câu lệnh' chưa sáng, chờ thêm... (round 2)
[2026-06-19T02:46:49.213Z] worker: [BOT] ✅ Đã ấn 'Thêm vào câu lệnh' cho FILM_scene_001_image_1781836797030.png.
[2026-06-19T02:46:50.228Z] worker: [BOT] Attached 6/6 required file(s) successfully.
[2026-06-19T02:46:50.229Z] worker: [BOT] ⏳ Đang chờ hệ thống xử lý ảnh vừa upload...
[2026-06-19T02:47:07.309Z] worker: [BOT] ⌨️ Đang gõ chữ tuần tự...
[2026-06-19T02:47:13.527Z] worker: Progress: filled prompt
[2026-06-19T02:47:13.530Z] worker: [BOT] Baseline: 13 media identifiers đã lưu trước khi submit.
[2026-06-19T02:47:15.177Z] worker: Progress: submitted prompt with keyboard
[2026-06-19T02:47:18.190Z] worker: [BOT] ⏳ Đã Submit, đang chờ image hoàn thành...
[2026-06-19T02:47:23.202Z] worker: [BOT] ⏳ Chờ thêm 15s cho UI ổn định...
[2026-06-19T02:47:38.301Z] worker: [BOT] ⚠️ Cảnh báo: Phát hiện text nghi ngờ lỗi trên UI, nhưng vẫn tiếp tục chờ...
[2026-06-19T02:47:43.358Z] worker: [BOT] ⚠️ Cảnh báo: Phát hiện text nghi ngờ lỗi trên UI, nhưng vẫn tiếp tục chờ...
[2026-06-19T02:47:48.451Z] worker: [BOT] ⚠️ Cảnh báo: Phát hiện text nghi ngờ lỗi trên UI, nhưng vẫn tiếp tục chờ...
[2026-06-19T02:47:53.517Z] worker: [BOT] ⏳ Đã tìm thấy image mới do AI tạo ra, chờ thêm 5s để render 100%...
[2026-06-19T02:47:58.543Z] worker: [BOT] ✅ Đã phát hiện image mới.
[2026-06-19T02:47:58.543Z] worker: [BOT] 🔗 src URL: https://labs.google/fx/api/trpc/media.getMediaUrlRedirect?name=868eb0c3-06c2-4ec2-9f5c-e169cb59e2c6...
[2026-06-19T02:47:59.315Z] worker: [BOT] 💾 Đã tải image thành công (content-type: image/jpeg, size: 1031391 bytes).
[2026-06-19T02:47:59.315Z] event: image_done {"scene_index":2,"result_url":"http://localhost:3000/generated/FILM_scene_002_image_1781837114779.png","local_path":"D:\\workspace\\Python\\App\\make film\\ai-film-tool\\backend\\generated\\FILM_scene_002_image_1781837114779.png"}
[2026-06-19T02:47:59.316Z] worker: [BOT] 🎬 [2/2] Bắt đầu quá trình tạo Video từ Ảnh vừa tạo...
[2026-06-19T02:47:59.317Z] worker: [BOT] ⚙️ Đang cấu hình cài đặt cho video...
[2026-06-19T02:48:02.010Z] worker: [BOT] ✅ Đã chọn Tab Video
[2026-06-19T02:48:04.575Z] worker: [BOT] ☁️ Đang đính kèm lần lượt 1 ảnh vào ô chat...
[2026-06-19T02:48:06.738Z] worker: [BOT] ☁️ Đã gửi FILM_scene_002_image_1781837114779.png, đang chờ upload...
[2026-06-19T02:48:09.775Z] worker: [BOT] ⏳ Nút 'Thêm vào câu lệnh' chưa sáng, chờ thêm... (round 1)
[2026-06-19T02:48:12.799Z] worker: [BOT] ⏳ Nút 'Thêm vào câu lệnh' chưa sáng, chờ thêm... (round 2)
[2026-06-19T02:48:15.843Z] worker: [BOT] ⏳ Nút 'Thêm vào câu lệnh' chưa sáng, chờ thêm... (round 3)
[2026-06-19T02:48:19.252Z] worker: [BOT] ✅ Đã ấn 'Thêm vào câu lệnh' cho FILM_scene_002_image_1781837114779.png.
[2026-06-19T02:48:20.261Z] worker: [BOT] Attached 1/1 required file(s) successfully.
[2026-06-19T02:48:20.262Z] worker: [BOT] ⏳ Đang chờ hệ thống xử lý ảnh vừa upload...
[2026-06-19T02:48:37.301Z] worker: [BOT] ⌨️ Đang gõ chữ tuần tự...
[2026-06-19T02:48:43.656Z] worker: Progress: filled prompt
[2026-06-19T02:48:43.658Z] worker: [BOT] Baseline: 17 media identifiers đã lưu trước khi submit.
[2026-06-19T02:48:45.245Z] worker: Progress: submitted prompt with keyboard
[2026-06-19T02:48:48.253Z] worker: [BOT] ⏳ Đã Submit, đang chờ video hoàn thành...
[2026-06-19T02:48:53.271Z] worker: [BOT] ⏳ Chờ thêm 15s cho UI ổn định...
[2026-06-19T02:49:08.284Z] worker: [BOT] ⚠️ Cảnh báo: Phát hiện text nghi ngờ lỗi trên UI, nhưng vẫn tiếp tục chờ...
[2026-06-19T02:49:13.298Z] worker: [BOT] ⚠️ Cảnh báo: Phát hiện text nghi ngờ lỗi trên UI, nhưng vẫn tiếp tục chờ...
[2026-06-19T02:49:18.322Z] worker: [BOT] ⚠️ Cảnh báo: Phát hiện text nghi ngờ lỗi trên UI, nhưng vẫn tiếp tục chờ...
[2026-06-19T02:49:23.343Z] worker: [BOT] ⚠️ Cảnh báo: Phát hiện text nghi ngờ lỗi trên UI, nhưng vẫn tiếp tục chờ...
[2026-06-19T02:49:28.376Z] worker: [BOT] ⚠️ Cảnh báo: Phát hiện text nghi ngờ lỗi trên UI, nhưng vẫn tiếp tục chờ...
[2026-06-19T02:49:33.391Z] worker: [BOT] ⚠️ Cảnh báo: Phát hiện text nghi ngờ lỗi trên UI, nhưng vẫn tiếp tục chờ...
[2026-06-19T02:49:38.415Z] worker: [BOT] ⚠️ Cảnh báo: Phát hiện text nghi ngờ lỗi trên UI, nhưng vẫn tiếp tục chờ...
[2026-06-19T02:49:43.433Z] worker: [BOT] ⚠️ Cảnh báo: Phát hiện text nghi ngờ lỗi trên UI, nhưng vẫn tiếp tục chờ...
[2026-06-19T02:49:48.455Z] worker: [BOT] ⚠️ Cảnh báo: Phát hiện text nghi ngờ lỗi trên UI, nhưng vẫn tiếp tục chờ...
[2026-06-19T02:55:04.772Z] worker: [BOT] ⏳ Đã tìm thấy video mới do AI tạo ra, chờ thêm 5s để render 100%...
[2026-06-19T02:55:09.782Z] worker: [BOT] ✅ Đã phát hiện video mới.
[2026-06-19T02:55:09.783Z] worker: [BOT] 🔗 src URL: https://labs.google/fx/api/trpc/media.getMediaUrlRedirect?name=c0695b67-0b53-437b-877d-f5edcefadce0...
[2026-06-19T02:55:10.635Z] worker: [BOT] 💾 Đã tải video thành công (content-type: video/mp4, size: 1832318 bytes).
[2026-06-19T02:55:10.635Z] event: video_done {"scene_index":2,"result_url":"http://localhost:3000/generated/FILM_scene_002_video_1781837279314.mp4","local_path":"D:\\workspace\\Python\\App\\make film\\ai-film-tool\\backend\\generated\\FILM_scene_002_video_1781837279314.mp4"}
[2026-06-19T02:55:10.635Z] worker: [BOT] 🎊 Hoàn thành toàn bộ Scene!
[2026-06-19T02:55:10.636Z] event: scene_done {"scene_index":2,"result_url":"http://localhost:3000/generated/FILM_scene_002_video_1781837279314.mp4","image_result_url":"http://localhost:3000/generated/FILM_scene_002_image_1781837114779.png","image_local_path":"D:\\workspace\\Python\\App\\make film\\ai-film-tool\\backend\\generated\\FILM_scene_002_image_1781837114779.png","video_result_url":"http://localhost:3000/generated/FILM_scene_002_video_1781837279314.mp4","video_local_path":"D:\\workspace\\Python\\App\\make film\\ai-film-tool\\backend\\generated\\FILM_scene_002_video_1781837279314.mp4"}
[2026-06-19T02:55:10.805Z] result: {"status": "success", "type": "scene", "result_url": "http://localhost:3000/generated/FILM_scene_002_video_1781837279314.mp4", "image_result_url": "http://localhost:3000/generated/FILM_scene_002_image_1781837114779.png", "image_local_path": "D:\\workspace\\Python\\App\\make film\\ai-film-tool\\backend\\generated\\FILM_scene_002_image_1781837114779.png", "video_result_url": "http://localhost:3000/generated/FILM_scene_002_video_1781837279314.mp4", "video_local_path": "D:\\workspace\\Python\\App\\make film\\ai-film-tool\\backend\\generated\\FILM_scene_002_video_1781837279314.mp4", "project_url": "https://labs.google/fx/vi/tools/flow/project/ed730d0f-d689-4b0e-8096-3315304f3bf4", "prompt_hash": "d41d8cd98f00b204e9800998ecf8427e", "profile_used": "default", "debug_dir": "D:\\workspace\\Python\\App\\make film\\ai-film-tool\\backend\\generated\\_debug\\1781837108736_scene_002", "debug_steps": [{"message": "[BOT] 🌐 Đang mở trang web Google Flow..."}, {"message": "opened https://labs.google/fx/vi/tools/flow/project/ed730d0f-d689-4b0e-8096-3315304f3bf4"}, {"screenshot": "D:\\workspace\\Python\\App\\make film\\ai-film-tool\\backend\\generated\\_debug\\1781837108736_scene_002\\02_opened.png"}, {"message": "composer already visible"}, {"message": "[BOT] 🎬 [1/2] Bắt đầu quá trình tạo Ảnh (Image Generation)..."}, {"message": "[BOT] ⚙️ Đang cấu hình cài đặt cho image..."}, {"message": "[BOT] ✅ Đã chọn Tab Hình ảnh"}, {"message": "[BOT] ☁️ Đang đính kèm lần lượt 6 ảnh vào ô chat..."}, {"message": "[BOT] ☁️ Đã gửi ref_000.png, đang chờ upload..."}, {"message": "[BOT] ⏳ Nút 'Thêm vào câu lệnh' chưa sáng, chờ thêm... (round 1)"}, {"message": "[BOT] ⏳ Nút 'Thêm vào câu lệnh' chưa sáng, chờ thêm... (round 2)"}, {"message": "[BOT] ⏳ Nút 'Thêm vào câu lệnh' chưa sáng, chờ thêm... (round 3)"}, {"message": "[BOT] ✅ Đã ấn 'Thêm vào câu lệnh' cho ref_000.png."}, {"message": "[BOT] ☁️ Đã gửi ref_001.png, đang chờ upload..."}, {"message": "[BOT] ⏳ Nút 'Thêm vào câu lệnh' chưa sáng, chờ thêm... (round 1)"}, {"message": "[BOT] ⏳ Nút 'Thêm vào câu lệnh' chưa sáng, chờ thêm... (round 2)"}, {"message": "[BOT] ⏳ Nút 'Thêm vào câu lệnh' chưa sáng, chờ thêm... (round 3)"}, {"message": "[BOT] ✅ Đã ấn 'Thêm vào câu lệnh' cho ref_001.png."}, {"message": "[BOT] ☁️ Đã gửi ref_002.png, đang chờ upload..."}, {"message": "[BOT] ⏳ Nút 'Thêm vào câu lệnh' chưa sáng, chờ thêm... (round 1)"}, {"message": "[BOT] ⏳ Nút 'Thêm vào câu lệnh' chưa sáng, chờ thêm... (round 2)"}, {"message": "[BOT] ⏳ Nút 'Thêm vào câu lệnh' chưa sáng, chờ thêm... (round 3)"}, {"message": "[BOT] ✅ Đã ấn 'Thêm vào câu lệnh' cho ref_002.png."}, {"message": "[BOT] ☁️ Đã gửi ref_003.png, đang chờ upload..."}, {"message": "[BOT] ⏳ Nút 'Thêm vào câu lệnh' chưa sáng, chờ thêm... (round 1)"}, {"message": "[BOT] ⏳ Nút 'Thêm vào câu lệnh' chưa sáng, chờ thêm... (round 2)"}, {"message": "[BOT] ⏳ Nút 'Thêm vào câu lệnh' chưa sáng, chờ thêm... (round 3)"}, {"message": "[BOT] ✅ Đã ấn 'Thêm vào câu lệnh' cho ref_003.png."}, {"message": "[BOT] ☁️ Đã gửi ref_004.png, đang chờ upload..."}, {"message": "[BOT] ⏳ Nút 'Thêm vào câu lệnh' chưa sáng, chờ thêm... (round 1)"}, {"message": "[BOT] ⏳ Nút 'Thêm vào câu lệnh' chưa sáng, chờ thêm... (round 2)"}, {"message": "[BOT] ⏳ Nút 'Thêm vào câu lệnh' chưa sáng, chờ thêm... (round 3)"}, {"message": "[BOT] ✅ Đã ấn 'Thêm vào câu lệnh' cho ref_004.png."}, {"message": "[BOT] ☁️ Đã gửi FILM_scene_001_image_1781836797030.png, đang chờ upload..."}, {"message": "[BOT] ⏳ Nút 'Thêm vào câu lệnh' chưa sáng, chờ thêm... (round 1)"}, {"message": "[BOT] ⏳ Nút 'Thêm vào câu lệnh' chưa sáng, chờ thêm... (round 2)"}, {"message": "[BOT] ✅ Đã ấn 'Thêm vào câu lệnh' cho FILM_scene_001_image_1781836797030.png."}, {"message": "[BOT] Attached 6/6 required file(s) successfully."}, {"message": "[BOT] ⏳ Đang chờ hệ thống xử lý ảnh vừa upload..."}, {"message": "[BOT] ⌨️ Đang gõ chữ tuần tự..."}, {"message": "filled prompt"}, {"message": "[BOT] Baseline: 13 media identifiers đã lưu trước khi submit."}, {"message": "submitted prompt with keyboard"}, {"message": "[BOT] ⏳ Đã Submit, đang chờ image hoàn thành..."}, {"message": "[BOT] ⏳ Chờ thêm 15s cho UI ổn định..."}, {"message": "[BOT] ⚠️ Cảnh báo: Phát hiện text nghi ngờ lỗi trên UI, nhưng vẫn tiếp tục chờ..."}, {"message": "[BOT] ⚠️ Cảnh báo: Phát hiện text nghi ngờ lỗi trên UI, nhưng vẫn tiếp tục chờ..."}, {"message": "[BOT] ⚠️ Cảnh báo: Phát hiện text nghi ngờ lỗi trên UI, nhưng vẫn tiếp tục chờ..."}, {"message": "[BOT] ⏳ Đã tìm thấy image mới do AI tạo ra, chờ thêm 5s để render 100%..."}, {"message": "[BOT] ✅ Đã phát hiện image mới."}, {"message": "[BOT] 🔗 src URL: https://labs.google/fx/api/trpc/media.getMediaUrlRedirect?name=868eb0c3-06c2-4ec2-9f5c-e169cb59e2c6..."}, {"message": "[BOT] 💾 Đã tải image thành công (content-type: image/jpeg, size: 1031391 bytes)."}, {"message": "[BOT] 🎬 [2/2] Bắt đầu quá trình tạo Video từ Ảnh vừa tạo..."}, {"message": "[BOT] ⚙️ Đang cấu hình cài đặt cho video..."}, {"message": "[BOT] ✅ Đã chọn Tab Video"}, {"message": "[BOT] ☁️ Đang đính kèm lần lượt 1 ảnh vào ô chat..."}, {"message": "[BOT] ☁️ Đã gửi FILM_scene_002_image_1781837114779.png, đang chờ upload..."}, {"message": "[BOT] ⏳ Nút 'Thêm vào câu lệnh' chưa sáng, chờ thêm... (round 1)"}, {"message": "[BOT] ⏳ Nút 'Thêm vào câu lệnh' chưa sáng, chờ thêm... (round 2)"}, {"message": "[BOT] ⏳ Nút 'Thêm vào câu lệnh' chưa sáng, chờ thêm... (round 3)"}, {"message": "[BOT] ✅ Đã ấn 'Thêm vào câu lệnh' cho FILM_scene_002_image_1781837114779.png."}, {"message": "[BOT] Attached 1/1 required file(s) successfully."}, {"message": "[BOT] ⏳ Đang chờ hệ thống xử lý ảnh vừa upload..."}, {"message": "[BOT] ⌨️ Đang gõ chữ tuần tự..."}, {"message": "filled prompt"}, {"message": "[BOT] Baseline: 17 media identifiers đã lưu trước khi submit."}, {"message": "submitted prompt with keyboard"}, {"message": "[BOT] ⏳ Đã Submit, đang chờ video hoàn thành..."}, {"message": "[BOT] ⏳ Chờ thêm 15s cho UI ổn định..."}, {"message": "[BOT] ⚠️ Cảnh báo: Phát hiện text nghi ngờ lỗi trên UI, nhưng vẫn tiếp tục chờ..."}, {"message": "[BOT] ⚠️ Cảnh báo: Phát hiện text nghi ngờ lỗi trên UI, nhưng vẫn tiếp tục chờ..."}, {"message": "[BOT] ⚠️ Cảnh báo: Phát hiện text nghi ngờ lỗi trên UI, nhưng vẫn tiếp tục chờ..."}, {"message": "[BOT] ⚠️ Cảnh báo: Phát hiện text nghi ngờ lỗi trên UI, nhưng vẫn tiếp tục chờ..."}, {"message": "[BOT] ⚠️ Cảnh báo: Phát hiện text nghi ngờ lỗi trên UI, nhưng vẫn tiếp tục chờ..."}, {"message": "[BOT] ⚠️ Cảnh báo: Phát hiện text nghi ngờ lỗi trên UI, nhưng vẫn tiếp tục chờ..."}, {"message": "[BOT] ⚠️ Cảnh báo: Phát hiện text nghi ngờ lỗi trên UI, nhưng vẫn tiếp tục chờ..."}, {"message": "[BOT] ⚠️ Cảnh báo: Phát hiện text nghi ngờ lỗi trên UI, nhưng vẫn tiếp tục chờ..."}, {"message": "[BOT] ⚠️ Cảnh báo: Phát hiện text nghi ngờ lỗi trên UI, nhưng vẫn tiếp tục chờ..."}, {"message": "[BOT] ⏳ Đã tìm thấy video mới do AI tạo ra, chờ thêm 5s để render 100%..."}, {"message": "[BOT] ✅ Đã phát hiện video mới."}, {"message": "[BOT] 🔗 src URL: https://labs.google/fx/api/trpc/media.getMediaUrlRedirect?name=c0695b67-0b53-437b-877d-f5edcefadce0..."}, {"message": "[BOT] 💾 Đã tải video thành công (content-type: video/mp4, size: 1832318 bytes)."}, {"message": "[BOT] 🎊 Hoàn thành toàn bộ Scene!"}]}
[2026-06-19T02:55:10.825Z] job completed successfully
