[2026-06-17T06:07:39.065Z] job started: type=scene, scene=1
[2026-06-17T06:07:39.066Z] spawn: D:\workspace\Python\App\make film\ai-film-tool\backend\venv\Scripts\python.exe D:\workspace\Python\App\make film\ai-film-tool\backend\python_workers\browser_automation.py --job D:\workspace\Python\App\make film\ai-film-tool\backend\tmp\jobs\-api-generate-flow-scene-stream-1-ffc9332c-8a00-4052-8ee7-1509f01b405d.json
[2026-06-17T06:07:39.811Z] worker: [BOT] 🌐 Đang mở trang web Google Flow...
[2026-06-17T06:07:44.893Z] worker: Progress: opened https://labs.google/fx/vi/tools/flow
[2026-06-17T06:07:45.354Z] worker: [FlowWorker] screenshot: D:\workspace\Python\App\make film\ai-film-tool\backend\generated\_debug\1781676459271_scene_001\02_opened.png
[2026-06-17T06:07:45.943Z] worker: Progress: clicked entry button: Dự án mới
[2026-06-17T06:07:49.346Z] worker: [FlowWorker] screenshot: D:\workspace\Python\App\make film\ai-film-tool\backend\generated\_debug\1781676459271_scene_001\04_after_D_n_m_i.png
[2026-06-17T06:07:49.536Z] worker: Progress: new project control not found; continuing in current Flow workspace
[2026-06-17T06:07:49.572Z] worker: [BOT] 🎬 [1/2] Bắt đầu quá trình tạo Ảnh (Image Generation)...
[2026-06-17T06:07:49.573Z] worker: [BOT] ⚙️ Đang cấu hình cài đặt cho image...
[2026-06-17T06:07:52.247Z] worker: [BOT] ✅ Đã chọn Tab Hình ảnh
[2026-06-17T06:07:53.988Z] worker: [BOT] ☁️ Đang đính kèm lần lượt 5 ảnh vào ô chat...
[2026-06-17T06:07:56.122Z] worker: [BOT] ☁️ Đã gửi ref_000.png, đang chờ upload...
[2026-06-17T06:07:59.157Z] worker: [BOT] ⏳ Nút 'Thêm vào câu lệnh' chưa sáng, chờ thêm... (round 1)
[2026-06-17T06:08:02.200Z] worker: [BOT] ⏳ Nút 'Thêm vào câu lệnh' chưa sáng, chờ thêm... (round 2)
[2026-06-17T06:08:05.239Z] worker: [BOT] ⏳ Nút 'Thêm vào câu lệnh' chưa sáng, chờ thêm... (round 3)
[2026-06-17T06:08:08.633Z] worker: [BOT] ✅ Đã ấn 'Thêm vào câu lệnh' cho ref_000.png.
[2026-06-17T06:08:11.781Z] worker: [BOT] ☁️ Đã gửi ref_001.png, đang chờ upload...
[2026-06-17T06:08:14.810Z] worker: [BOT] ⏳ Nút 'Thêm vào câu lệnh' chưa sáng, chờ thêm... (round 1)
[2026-06-17T06:08:17.848Z] worker: [BOT] ⏳ Nút 'Thêm vào câu lệnh' chưa sáng, chờ thêm... (round 2)
[2026-06-17T06:08:20.895Z] worker: [BOT] ⏳ Nút 'Thêm vào câu lệnh' chưa sáng, chờ thêm... (round 3)
[2026-06-17T06:08:24.240Z] worker: [BOT] ✅ Đã ấn 'Thêm vào câu lệnh' cho ref_001.png.
[2026-06-17T06:08:27.355Z] worker: [BOT] ☁️ Đã gửi ref_002.png, đang chờ upload...
[2026-06-17T06:08:30.392Z] worker: [BOT] ⏳ Nút 'Thêm vào câu lệnh' chưa sáng, chờ thêm... (round 1)
[2026-06-17T06:08:33.431Z] worker: [BOT] ⏳ Nút 'Thêm vào câu lệnh' chưa sáng, chờ thêm... (round 2)
[2026-06-17T06:08:36.472Z] worker: [BOT] ⏳ Nút 'Thêm vào câu lệnh' chưa sáng, chờ thêm... (round 3)
[2026-06-17T06:08:39.837Z] worker: [BOT] ✅ Đã ấn 'Thêm vào câu lệnh' cho ref_002.png.
[2026-06-17T06:08:42.999Z] worker: [BOT] ☁️ Đã gửi ref_003.png, đang chờ upload...
[2026-06-17T06:08:46.029Z] worker: [BOT] ⏳ Nút 'Thêm vào câu lệnh' chưa sáng, chờ thêm... (round 1)
[2026-06-17T06:08:49.059Z] worker: [BOT] ⏳ Nút 'Thêm vào câu lệnh' chưa sáng, chờ thêm... (round 2)
[2026-06-17T06:08:52.087Z] worker: [BOT] ⏳ Nút 'Thêm vào câu lệnh' chưa sáng, chờ thêm... (round 3)
[2026-06-17T06:08:55.431Z] worker: [BOT] ✅ Đã ấn 'Thêm vào câu lệnh' cho ref_003.png.
[2026-06-17T06:08:58.551Z] worker: [BOT] ☁️ Đã gửi ref_004.png, đang chờ upload...
[2026-06-17T06:09:01.602Z] worker: [BOT] ⏳ Nút 'Thêm vào câu lệnh' chưa sáng, chờ thêm... (round 1)
[2026-06-17T06:09:04.655Z] worker: [BOT] ⏳ Nút 'Thêm vào câu lệnh' chưa sáng, chờ thêm... (round 2)
[2026-06-17T06:09:07.705Z] worker: [BOT] ⏳ Nút 'Thêm vào câu lệnh' chưa sáng, chờ thêm... (round 3)
[2026-06-17T06:09:11.080Z] worker: [BOT] ✅ Đã ấn 'Thêm vào câu lệnh' cho ref_004.png.
[2026-06-17T06:09:12.093Z] worker: [BOT] Attached 5/5 required file(s) successfully.
[2026-06-17T06:09:12.094Z] worker: [BOT] ⏳ Đang chờ hệ thống xử lý ảnh vừa upload...
[2026-06-17T06:09:29.121Z] worker: [BOT] ⌨️ Đang gõ chữ tuần tự...
[2026-06-17T06:09:36.738Z] worker: Progress: filled prompt
[2026-06-17T06:09:36.742Z] worker: [BOT] Baseline: 11 media identifiers đã lưu trước khi submit.
[2026-06-17T06:09:38.376Z] worker: Progress: submitted prompt with keyboard
[2026-06-17T06:09:41.391Z] worker: [BOT] ⏳ Đã Submit, đang chờ image hoàn thành...
[2026-06-17T06:09:46.404Z] worker: [BOT] ⏳ Chờ thêm 15s cho UI ổn định...
[2026-06-17T06:10:01.496Z] worker: [BOT] ⚠️ Cảnh báo: Phát hiện text nghi ngờ lỗi trên UI, nhưng vẫn tiếp tục chờ...
[2026-06-17T06:10:06.556Z] worker: [BOT] ⚠️ Cảnh báo: Phát hiện text nghi ngờ lỗi trên UI, nhưng vẫn tiếp tục chờ...
[2026-06-17T06:10:11.656Z] worker: [BOT] ⚠️ Cảnh báo: Phát hiện text nghi ngờ lỗi trên UI, nhưng vẫn tiếp tục chờ...
[2026-06-17T06:10:16.716Z] worker: [BOT] ⚠️ Cảnh báo: Phát hiện text nghi ngờ lỗi trên UI, nhưng vẫn tiếp tục chờ...
[2026-06-17T06:10:21.767Z] worker: [BOT] ⏳ Đã tìm thấy image mới do AI tạo ra, chờ thêm 5s để render 100%...
[2026-06-17T06:10:26.791Z] worker: [BOT] ✅ Đã phát hiện image mới.
[2026-06-17T06:10:26.791Z] worker: [BOT] 🔗 src URL: https://labs.google/fx/api/trpc/media.getMediaUrlRedirect?name=98456027-3e91-4e7b-a52a-25ab56f816fa...
[2026-06-17T06:10:27.765Z] worker: [BOT] 💾 Đã tải image thành công (content-type: image/jpeg, size: 999633 bytes).
[2026-06-17T06:10:27.765Z] event: image_done {"scene_index":1,"result_url":"http://localhost:3000/generated/FILM_scene_001_image_1781676469536.png","local_path":"D:\\workspace\\Python\\App\\make film\\ai-film-tool\\backend\\generated\\FILM_scene_001_image_1781676469536.png"}
[2026-06-17T06:10:27.766Z] worker: [BOT] 🎬 [2/2] Bắt đầu quá trình tạo Video từ Ảnh vừa tạo...
[2026-06-17T06:10:27.766Z] worker: [BOT] ⚙️ Đang cấu hình cài đặt cho video...
[2026-06-17T06:10:30.458Z] worker: [BOT] ✅ Đã chọn Tab Video
[2026-06-17T06:10:33.047Z] worker: [BOT] ☁️ Đang đính kèm lần lượt 1 ảnh vào ô chat...
[2026-06-17T06:10:35.191Z] worker: [BOT] ☁️ Đã gửi FILM_scene_001_image_1781676469536.png, đang chờ upload...
[2026-06-17T06:10:38.228Z] worker: [BOT] ⏳ Nút 'Thêm vào câu lệnh' chưa sáng, chờ thêm... (round 1)
[2026-06-17T06:10:38.231Z] worker: [BOT] ✅ FILM_scene_001_image_1781676469536.png đã được tự động đính kèm vào prompt (0 → 7).
[2026-06-17T06:10:38.232Z] worker: [BOT] Attached 1/1 required file(s) successfully.
[2026-06-17T06:10:38.233Z] worker: [BOT] ⏳ Đang chờ hệ thống xử lý ảnh vừa upload...
[2026-06-17T06:10:55.279Z] worker: [BOT] ⌨️ Đang gõ chữ tuần tự...
[2026-06-17T06:11:02.609Z] worker: Progress: filled prompt
[2026-06-17T06:11:02.611Z] worker: [BOT] Baseline: 15 media identifiers đã lưu trước khi submit.
[2026-06-17T06:11:02.620Z] worker: Progress: clicked composer submit button
[2026-06-17T06:11:05.626Z] worker: [BOT] ⏳ Đã Submit, đang chờ video hoàn thành...
[2026-06-17T06:11:10.645Z] worker: [BOT] ⏳ Chờ thêm 15s cho UI ổn định...
