[2026-06-15T06:28:56.988Z] job started: type=scene, scene=1
[2026-06-15T06:28:56.989Z] spawn: D:\workspace\Python\App\make film\ai-film-tool\backend\venv\Scripts\python.exe D:\workspace\Python\App\make film\ai-film-tool\backend\python_workers\browser_automation.py --job D:\workspace\Python\App\make film\ai-film-tool\backend\tmp\jobs\-api-generate-flow-scene-1-54027e9c-f01c-4145-9ed4-52b0f01195af.json
[2026-06-15T06:28:57.785Z] worker: [BOT] 🌐 Đang mở trang web Google Flow...
[2026-06-15T06:29:02.905Z] worker: Progress: opened https://labs.google/fx/vi/tools/flow
[2026-06-15T06:29:03.247Z] worker: [FlowWorker] screenshot: D:\workspace\Python\App\make film\ai-film-tool\backend\generated\_debug\1781504937205_scene_001\02_opened.png
[2026-06-15T06:29:03.696Z] worker: Progress: clicked entry button: Dự án mới
[2026-06-15T06:29:06.253Z] worker: [FlowWorker] screenshot: D:\workspace\Python\App\make film\ai-film-tool\backend\generated\_debug\1781504937205_scene_001\04_after_D_n_m_i.png
[2026-06-15T06:29:10.828Z] worker: Progress: new project control not found; continuing in current Flow workspace
[2026-06-15T06:29:10.861Z] worker: [BOT] 🎬 [1/2] Bắt đầu quá trình tạo Ảnh (Image Generation)...
[2026-06-15T06:29:10.862Z] worker: [BOT] ⚙️ Đang cấu hình cài đặt cho image...
[2026-06-15T06:29:13.681Z] worker: [BOT] ☁️ Đã đẩy 5 file lên hệ thống ngầm.
[2026-06-15T06:29:13.682Z] worker: [BOT] ⏳ Đang chờ 30 giây để đảm bảo tất cả ảnh được tải lên thành công...
[2026-06-15T06:29:43.691Z] worker: [BOT] ☁️ Đang đính kèm lần lượt 5 ảnh vào ô chat...
[2026-06-15T06:29:46.144Z] worker: [BOT] ✅ Đã thêm ref_000.png vào câu lệnh.
[2026-06-15T06:29:49.566Z] worker: [BOT] ✅ Đã thêm ref_001.png vào câu lệnh.
[2026-06-15T06:29:52.996Z] worker: [BOT] ✅ Đã thêm ref_002.png vào câu lệnh.
[2026-06-15T06:29:56.407Z] worker: [BOT] ✅ Đã thêm ref_003.png vào câu lệnh.
[2026-06-15T06:30:02.821Z] worker: [BOT] ⚠️ Không tìm thấy nút 'Thêm vào câu lệnh' cho ref_004.png.
[2026-06-15T06:30:02.821Z] worker: [BOT] ✅ Đính kèm tất cả file thành công!
[2026-06-15T06:30:03.691Z] worker: Progress: filled prompt
[2026-06-15T06:30:05.263Z] worker: Progress: submitted prompt with keyboard
[2026-06-15T06:30:08.430Z] worker: [FlowWorker] screenshot: D:\workspace\Python\App\make film\ai-film-tool\backend\generated\_debug\1781504937205_scene_001\19_after_submit_image.png
[2026-06-15T06:30:08.591Z] worker: Progress: found generated image
[2026-06-15T06:30:16.648Z] worker: Progress: saved image to D:\workspace\Python\App\make film\ai-film-tool\backend\generated\FILM_scene_001_image_1781504950827.png
[2026-06-15T06:30:16.649Z] worker: [BOT] 🎬 [2/2] Bắt đầu quá trình tạo Video từ Ảnh vừa tạo...
[2026-06-15T06:30:16.650Z] worker: [BOT] ⚙️ Đang cấu hình cài đặt cho video...
[2026-06-15T06:30:20.291Z] worker: [BOT] ☁️ Đã đẩy 1 file lên hệ thống ngầm.
[2026-06-15T06:30:20.294Z] worker: [BOT] ⏳ Đang chờ 30 giây để đảm bảo tất cả ảnh được tải lên thành công...
[2026-06-15T06:30:50.309Z] worker: [BOT] ☁️ Đang đính kèm lần lượt 1 ảnh vào ô chat...
[2026-06-15T06:30:55.745Z] worker: [BOT] ⚠️ Không tìm thấy nút 'Thêm vào câu lệnh' cho FILM_scene_001_image_1781504950827.png.
[2026-06-15T06:30:55.746Z] worker: [BOT] ✅ Đính kèm tất cả file thành công!
[2026-06-15T06:30:56.597Z] worker: Progress: filled prompt
[2026-06-15T06:30:56.611Z] worker: Progress: clicked composer submit button
[2026-06-15T06:30:59.764Z] worker: [FlowWorker] screenshot: D:\workspace\Python\App\make film\ai-film-tool\backend\generated\_debug\1781504937205_scene_001\31_after_submit_video.png
