[2026-06-17T03:14:42.508Z] job started: type=scene, scene=1
[2026-06-17T03:14:42.510Z] spawn: D:\workspace\Python\App\make film\ai-film-tool\backend\venv\Scripts\python.exe D:\workspace\Python\App\make film\ai-film-tool\backend\python_workers\browser_automation.py --job D:\workspace\Python\App\make film\ai-film-tool\backend\tmp\jobs\-api-generate-flow-scene-stream-1-7c8bcd5c-0444-4587-bb45-9fc08acfe5ac.json
[2026-06-17T03:14:43.361Z] worker: [BOT] 🌐 Đang mở trang web Google Flow...
[2026-06-17T03:14:48.377Z] worker: Progress: opened https://labs.google/fx/vi/tools/flow
[2026-06-17T03:14:48.757Z] worker: [FlowWorker] screenshot: D:\workspace\Python\App\make film\ai-film-tool\backend\generated\_debug\1781666082750_scene_001\02_opened.png
[2026-06-17T03:14:49.251Z] worker: Progress: clicked entry button: Dự án mới
[2026-06-17T03:14:51.831Z] worker: [FlowWorker] screenshot: D:\workspace\Python\App\make film\ai-film-tool\backend\generated\_debug\1781666082750_scene_001\04_after_D_n_m_i.png
[2026-06-17T03:14:51.986Z] worker: Progress: new project control not found; continuing in current Flow workspace
[2026-06-17T03:14:52.022Z] worker: [BOT] 🎬 [1/2] Bắt đầu quá trình tạo Ảnh (Image Generation)...
[2026-06-17T03:14:52.023Z] worker: [BOT] ⚙️ Đang cấu hình cài đặt cho image...
[2026-06-17T03:15:13.697Z] worker: [BOT] ☁️ Đã đẩy 5 file lên hệ thống ngầm (Bulk Upload).
[2026-06-17T03:15:13.697Z] worker: [BOT] ⏳ Đang chờ 10 giây để ảnh tải lên thư viện...
[2026-06-17T03:15:25.081Z] worker: [BOT] ☁️ Đang chọn lần lượt 5 ảnh trong thư viện...
[2026-06-17T03:15:25.361Z] worker: [BOT] ☑️ Đã tick chọn ảnh ref_000.png.
[2026-06-17T03:15:26.154Z] worker: [BOT] ☑️ Đã tick chọn ảnh ref_001.png.
[2026-06-17T03:15:26.950Z] worker: [BOT] ☑️ Đã tick chọn ảnh ref_002.png.
[2026-06-17T03:15:27.761Z] worker: [BOT] ☑️ Đã tick chọn ảnh ref_003.png.
[2026-06-17T03:15:28.552Z] worker: [BOT] ☑️ Đã tick chọn ảnh ref_004.png.
[2026-06-17T03:15:29.360Z] worker: [BOT] ✅ Đã ấn xác nhận Thêm 5 ảnh vào câu lệnh.
[2026-06-17T03:15:30.376Z] worker: [BOT] Attached all 5 required file(s) successfully.
[2026-06-17T03:15:30.377Z] worker: [BOT] ⏳ Đang chờ hệ thống xử lý ảnh vừa upload...
[2026-06-17T03:15:47.432Z] worker: [BOT] ⌨️ Đang gõ chữ tuần tự...
[2026-06-17T03:15:57.033Z] worker: Progress: filled prompt
[2026-06-17T03:15:58.618Z] worker: Progress: submitted prompt with keyboard
[2026-06-17T03:16:01.628Z] worker: [BOT] ⏳ Đã Submit, đang chờ image hoàn thành (tối đa 10 phút)...
[2026-06-17T03:16:01.628Z] worker: [BOT] ⏳ Chờ 20s cho chat load...
[2026-06-17T03:16:57.992Z] worker: [FlowWorker] screenshot failed: Page.screenshot: Target page, context or browser has been closed
[2026-06-17T03:16:58.221Z] worker: [FlowWorker] screenshot failed: Event loop is closed! Is Playwright already stopped?
[2026-06-17T03:16:58.222Z] result: {"status": "error", "message": "[BOT] Lỗi khi chờ image tạo xong: Page.wait_for_timeout: Target page, context or browser has been closed. Debug: D:\\workspace\\Python\\App\\make film\\ai-film-tool\\backend\\generated\\_debug\\1781666082750_scene_001"}
[2026-06-17T03:16:58.286Z] failed: [BOT] Lỗi khi chờ image tạo xong: Page.wait_for_timeout: Target page, context or browser has been closed. Debug: D:\workspace\Python\App\make film\ai-film-tool\backend\generated\_debug\1781666082750_scene_001
[2026-06-17T03:16:58.287Z] spawn: python D:\workspace\Python\App\make film\ai-film-tool\backend\python_workers\browser_automation.py --job D:\workspace\Python\App\make film\ai-film-tool\backend\tmp\jobs\-api-generate-flow-scene-stream-1-7c8bcd5c-0444-4587-bb45-9fc08acfe5ac.json
[2026-06-17T03:16:59.038Z] worker: [BOT] 🌐 Đang mở trang web Google Flow...
