[2026-06-17T03:08:09.481Z] job started: type=scene, scene=1
[2026-06-17T03:08:09.483Z] spawn: D:\workspace\Python\App\make film\ai-film-tool\backend\venv\Scripts\python.exe D:\workspace\Python\App\make film\ai-film-tool\backend\python_workers\browser_automation.py --job D:\workspace\Python\App\make film\ai-film-tool\backend\tmp\jobs\-api-generate-flow-scene-stream-1-dd1bfe2d-f6bc-45b7-8463-04fab93620d9.json
[2026-06-17T03:08:10.258Z] worker: [BOT] 🌐 Đang mở trang web Google Flow...
[2026-06-17T03:08:15.089Z] worker: Progress: opened https://labs.google/fx/vi/tools/flow
[2026-06-17T03:08:15.439Z] worker: [FlowWorker] screenshot: D:\workspace\Python\App\make film\ai-film-tool\backend\generated\_debug\1781665689699_scene_001\02_opened.png
[2026-06-17T03:08:15.975Z] worker: Progress: clicked entry button: Dự án mới
[2026-06-17T03:08:18.551Z] worker: [FlowWorker] screenshot: D:\workspace\Python\App\make film\ai-film-tool\backend\generated\_debug\1781665689699_scene_001\04_after_D_n_m_i.png
[2026-06-17T03:08:18.716Z] worker: Progress: new project control not found; continuing in current Flow workspace
[2026-06-17T03:08:18.739Z] worker: [BOT] 🎬 [1/2] Bắt đầu quá trình tạo Ảnh (Image Generation)...
[2026-06-17T03:08:18.740Z] worker: [BOT] ⚙️ Đang cấu hình cài đặt cho image...
[2026-06-17T03:08:21.899Z] worker: [BOT] ☁️ Đang đính kèm lần lượt 5 ảnh vào ô chat...
[2026-06-17T03:08:23.276Z] worker: [BOT] ☁️ Không thấy ref_000.png trong thư viện, tiến hành upload...
[2026-06-17T03:08:34.837Z] worker: [BOT] Attached ref_000.png through active file input.
[2026-06-17T03:08:36.194Z] worker: [BOT] ☁️ Không thấy ref_001.png trong thư viện, tiến hành upload...
[2026-06-17T03:08:52.948Z] worker: [BOT] Attached ref_001.png through active file input.
[2026-06-17T03:08:54.333Z] worker: [BOT] ☁️ Không thấy ref_002.png trong thư viện, tiến hành upload...
[2026-06-17T03:09:15.202Z] worker: [BOT] ❌ Lỗi: Không tìm thấy ảnh ref_002.png trong thư viện sau khi upload. Bỏ qua.
[2026-06-17T03:09:16.577Z] worker: [BOT] ☁️ Không thấy ref_003.png trong thư viện, tiến hành upload...
[2026-06-17T03:09:27.145Z] worker: [BOT] Attached ref_003.png through active file input.
[2026-06-17T03:09:28.523Z] worker: [BOT] ☁️ Không thấy ref_004.png trong thư viện, tiến hành upload...
[2026-06-17T03:09:49.396Z] worker: [BOT] ❌ Lỗi: Không tìm thấy ảnh ref_004.png trong thư viện sau khi upload. Bỏ qua.
[2026-06-17T03:09:49.573Z] worker: [FlowWorker] screenshot: D:\workspace\Python\App\make film\ai-film-tool\backend\generated\_debug\1781665689699_scene_001\19_upload_attach_failed.png
[2026-06-17T03:09:49.798Z] worker: [FlowWorker] screenshot failed: Event loop is closed! Is Playwright already stopped?
[2026-06-17T03:09:49.800Z] result: {"status": "error", "message": "[BOT] Failed to attach 2/5 required image file(s) to the Flow composer.. Debug: D:\\workspace\\Python\\App\\make film\\ai-film-tool\\backend\\generated\\_debug\\1781665689699_scene_001"}
[2026-06-17T03:09:49.832Z] failed: [BOT] Failed to attach 2/5 required image file(s) to the Flow composer.. Debug: D:\workspace\Python\App\make film\ai-film-tool\backend\generated\_debug\1781665689699_scene_001
[2026-06-17T03:09:49.832Z] spawn: python D:\workspace\Python\App\make film\ai-film-tool\backend\python_workers\browser_automation.py --job D:\workspace\Python\App\make film\ai-film-tool\backend\tmp\jobs\-api-generate-flow-scene-stream-1-dd1bfe2d-f6bc-45b7-8463-04fab93620d9.json
[2026-06-17T03:09:50.569Z] worker: [BOT] 🌐 Đang mở trang web Google Flow...
[2026-06-17T03:09:55.497Z] worker: Progress: opened https://labs.google/fx/vi/tools/flow
[2026-06-17T03:09:55.888Z] worker: [FlowWorker] screenshot: D:\workspace\Python\App\make film\ai-film-tool\backend\generated\_debug\1781665790056_scene_001\02_opened.png
[2026-06-17T03:09:56.379Z] worker: Progress: clicked entry button: Dự án mới
[2026-06-17T03:09:59.056Z] worker: [FlowWorker] screenshot: D:\workspace\Python\App\make film\ai-film-tool\backend\generated\_debug\1781665790056_scene_001\04_after_D_n_m_i.png
[2026-06-17T03:09:59.301Z] worker: Progress: new project control not found; continuing in current Flow workspace
[2026-06-17T03:09:59.351Z] worker: [BOT] 🎬 [1/2] Bắt đầu quá trình tạo Ảnh (Image Generation)...
[2026-06-17T03:09:59.352Z] worker: [BOT] ⚙️ Đang cấu hình cài đặt cho image...
