[2026-06-17T05:55:20.321Z] job started: type=scene, scene=1
[2026-06-17T05:55:20.322Z] spawn: D:\workspace\Python\App\make film\ai-film-tool\backend\venv\Scripts\python.exe D:\workspace\Python\App\make film\ai-film-tool\backend\python_workers\browser_automation.py --job D:\workspace\Python\App\make film\ai-film-tool\backend\tmp\jobs\-api-generate-flow-scene-stream-1-4fa2d8a1-3fba-4ea2-aaf1-2275f671bb12.json
[2026-06-17T05:55:21.153Z] worker: [BOT] 🌐 Đang mở trang web Google Flow...
[2026-06-17T05:55:26.124Z] worker: Progress: opened https://labs.google/fx/vi/tools/flow
[2026-06-17T05:55:26.681Z] worker: [FlowWorker] screenshot: D:\workspace\Python\App\make film\ai-film-tool\backend\generated\_debug\1781675720544_scene_001\02_opened.png
[2026-06-17T05:55:27.226Z] worker: Progress: clicked entry button: Dự án mới
[2026-06-17T05:55:30.605Z] worker: [FlowWorker] screenshot: D:\workspace\Python\App\make film\ai-film-tool\backend\generated\_debug\1781675720544_scene_001\04_after_D_n_m_i.png
[2026-06-17T05:55:30.955Z] worker: Progress: new project control not found; continuing in current Flow workspace
[2026-06-17T05:55:30.978Z] worker: [BOT] 🎬 [1/2] Bắt đầu quá trình tạo Ảnh (Image Generation)...
[2026-06-17T05:55:30.979Z] worker: [BOT] ⚙️ Đang cấu hình cài đặt cho image...
[2026-06-17T05:55:31.974Z] worker: [BOT] ☁️ Đang đính kèm lần lượt 5 ảnh vào ô chat...
[2026-06-17T05:55:34.134Z] worker: [BOT] ☁️ Đã gửi ref_000.png, đang chờ upload...
[2026-06-17T05:55:37.159Z] worker: [BOT] ⏳ Nút 'Thêm vào câu lệnh' chưa sáng, chờ thêm... (round 1)
[2026-06-17T05:55:40.181Z] worker: [BOT] ⏳ Nút 'Thêm vào câu lệnh' chưa sáng, chờ thêm... (round 2)
[2026-06-17T05:55:43.215Z] worker: [BOT] ⏳ Nút 'Thêm vào câu lệnh' chưa sáng, chờ thêm... (round 3)
[2026-06-17T05:55:46.569Z] worker: [BOT] ✅ Đã ấn 'Thêm vào câu lệnh' cho ref_000.png.
[2026-06-17T05:55:49.753Z] worker: [BOT] ☁️ Đã gửi ref_001.png, đang chờ upload...
[2026-06-17T05:55:52.782Z] worker: [BOT] ⏳ Nút 'Thêm vào câu lệnh' chưa sáng, chờ thêm... (round 1)
[2026-06-17T05:55:55.819Z] worker: [BOT] ⏳ Nút 'Thêm vào câu lệnh' chưa sáng, chờ thêm... (round 2)
[2026-06-17T05:55:59.177Z] worker: [BOT] ✅ Đã ấn 'Thêm vào câu lệnh' cho ref_001.png.
[2026-06-17T05:56:02.344Z] worker: [BOT] ☁️ Đã gửi ref_002.png, đang chờ upload...
[2026-06-17T05:56:05.373Z] worker: [BOT] ⏳ Nút 'Thêm vào câu lệnh' chưa sáng, chờ thêm... (round 1)
[2026-06-17T05:56:08.409Z] worker: [BOT] ⏳ Nút 'Thêm vào câu lệnh' chưa sáng, chờ thêm... (round 2)
[2026-06-17T05:56:11.445Z] worker: [BOT] ⏳ Nút 'Thêm vào câu lệnh' chưa sáng, chờ thêm... (round 3)
[2026-06-17T05:56:14.791Z] worker: [BOT] ✅ Đã ấn 'Thêm vào câu lệnh' cho ref_002.png.
[2026-06-17T05:56:17.978Z] worker: [BOT] ☁️ Đã gửi ref_003.png, đang chờ upload...
[2026-06-17T05:56:20.996Z] worker: [BOT] ⏳ Nút 'Thêm vào câu lệnh' chưa sáng, chờ thêm... (round 1)
[2026-06-17T05:56:24.017Z] worker: [BOT] ⏳ Nút 'Thêm vào câu lệnh' chưa sáng, chờ thêm... (round 2)
[2026-06-17T05:56:27.038Z] worker: [BOT] ⏳ Nút 'Thêm vào câu lệnh' chưa sáng, chờ thêm... (round 3)
[2026-06-17T05:56:30.383Z] worker: [BOT] ✅ Đã ấn 'Thêm vào câu lệnh' cho ref_003.png.
[2026-06-17T05:56:33.506Z] worker: [BOT] ☁️ Đã gửi ref_004.png, đang chờ upload...
[2026-06-17T05:56:36.560Z] worker: [BOT] ⏳ Nút 'Thêm vào câu lệnh' chưa sáng, chờ thêm... (round 1)
[2026-06-17T05:56:39.596Z] worker: [BOT] ⏳ Nút 'Thêm vào câu lệnh' chưa sáng, chờ thêm... (round 2)
[2026-06-17T05:56:42.634Z] worker: [BOT] ⏳ Nút 'Thêm vào câu lệnh' chưa sáng, chờ thêm... (round 3)
[2026-06-17T05:56:45.993Z] worker: [BOT] ✅ Đã ấn 'Thêm vào câu lệnh' cho ref_004.png.
[2026-06-17T05:56:46.997Z] worker: [BOT] Attached 5/5 required file(s) successfully.
[2026-06-17T05:56:46.997Z] worker: [BOT] ⏳ Đang chờ hệ thống xử lý ảnh vừa upload...
[2026-06-17T05:57:04.006Z] worker: [BOT] ⌨️ Đang gõ chữ tuần tự...
[2026-06-17T05:57:11.587Z] worker: Progress: filled prompt
[2026-06-17T05:57:11.593Z] worker: [BOT] Baseline: 11 media identifiers đã lưu trước khi submit.
[2026-06-17T05:57:13.210Z] worker: Progress: submitted prompt with keyboard
[2026-06-17T05:57:16.219Z] worker: [BOT] ⏳ Đã Submit, đang chờ image hoàn thành...
[2026-06-17T05:57:21.234Z] worker: [BOT] ⏳ Chờ thêm 15s cho UI ổn định...
[2026-06-17T05:57:36.294Z] worker: [BOT] ⚠️ Cảnh báo: Phát hiện text nghi ngờ lỗi trên UI, nhưng vẫn tiếp tục chờ...
[2026-06-17T05:57:41.346Z] worker: [BOT] ⚠️ Cảnh báo: Phát hiện text nghi ngờ lỗi trên UI, nhưng vẫn tiếp tục chờ...
[2026-06-17T05:57:46.397Z] worker: [BOT] ⚠️ Cảnh báo: Phát hiện text nghi ngờ lỗi trên UI, nhưng vẫn tiếp tục chờ...
[2026-06-17T05:57:51.448Z] worker: [BOT] ⏳ Đã tìm thấy image mới do AI tạo ra, chờ thêm 5s để render 100%...
[2026-06-17T05:57:56.467Z] worker: [BOT] ✅ Đã phát hiện image mới.
[2026-06-17T05:57:56.468Z] worker: [BOT] 🔗 src URL: https://labs.google/fx/api/trpc/media.getMediaUrlRedirect?name=a7ca8460-1515-44e0-a33d-e9b843d9835d...
[2026-06-17T05:57:57.426Z] worker: [BOT] 💾 Đã tải image thành công (content-type: image/jpeg, size: 1021034 bytes).
[2026-06-17T05:57:57.427Z] event: image_done {"scene_index":1,"result_url":"http://localhost:3000/generated/FILM_scene_001_image_1781675730955.png","local_path":"D:\\workspace\\Python\\App\\make film\\ai-film-tool\\backend\\generated\\FILM_scene_001_image_1781675730955.png"}
[2026-06-17T05:57:57.428Z] worker: [BOT] 🎬 [2/2] Bắt đầu quá trình tạo Video từ Ảnh vừa tạo...
[2026-06-17T05:57:57.429Z] worker: [BOT] ⚙️ Đang cấu hình cài đặt cho video...
[2026-06-17T05:57:57.628Z] worker: [BOT] ☁️ Đang đính kèm lần lượt 1 ảnh vào ô chat...
[2026-06-17T05:57:59.798Z] worker: [BOT] ☁️ Đã gửi FILM_scene_001_image_1781675730955.png, đang chờ upload...
[2026-06-17T05:58:02.830Z] worker: [BOT] ⏳ Nút 'Thêm vào câu lệnh' chưa sáng, chờ thêm... (round 1)
[2026-06-17T05:58:02.832Z] worker: [BOT] ✅ FILM_scene_001_image_1781675730955.png đã được tự động đính kèm vào prompt (0 → 7).
[2026-06-17T05:58:02.833Z] worker: [BOT] Attached 1/1 required file(s) successfully.
[2026-06-17T05:58:02.833Z] worker: [BOT] ⏳ Đang chờ hệ thống xử lý ảnh vừa upload...
[2026-06-17T05:58:19.887Z] worker: [BOT] ⌨️ Đang gõ chữ tuần tự...
[2026-06-17T05:58:27.697Z] worker: Progress: filled prompt
[2026-06-17T05:58:27.700Z] worker: [BOT] Baseline: 15 media identifiers đã lưu trước khi submit.
[2026-06-17T05:58:29.246Z] worker: Progress: submitted prompt with keyboard
[2026-06-17T05:58:32.263Z] worker: [BOT] ⏳ Đã Submit, đang chờ video hoàn thành...
[2026-06-17T05:58:37.285Z] worker: [BOT] ⏳ Chờ thêm 15s cho UI ổn định...
[2026-06-17T05:58:52.340Z] worker: [BOT] ⚠️ Cảnh báo: Phát hiện text nghi ngờ lỗi trên UI, nhưng vẫn tiếp tục chờ...
[2026-06-17T05:58:57.412Z] worker: [BOT] ⚠️ Cảnh báo: Phát hiện text nghi ngờ lỗi trên UI, nhưng vẫn tiếp tục chờ...
[2026-06-17T05:59:12.571Z] worker: [BOT] ⚠️ Cảnh báo: Phát hiện text nghi ngờ lỗi trên UI, nhưng vẫn tiếp tục chờ...
[2026-06-17T05:59:17.612Z] worker: [BOT] ⚠️ Cảnh báo: Phát hiện text nghi ngờ lỗi trên UI, nhưng vẫn tiếp tục chờ...
[2026-06-17T05:59:22.659Z] worker: [BOT] ⚠️ Cảnh báo: Phát hiện text nghi ngờ lỗi trên UI, nhưng vẫn tiếp tục chờ...
[2026-06-17T05:59:27.750Z] worker: [BOT] ⚠️ Cảnh báo: Phát hiện text nghi ngờ lỗi trên UI, nhưng vẫn tiếp tục chờ...
[2026-06-17T05:59:32.829Z] worker: [BOT] ⚠️ Cảnh báo: Phát hiện text nghi ngờ lỗi trên UI, nhưng vẫn tiếp tục chờ...
[2026-06-17T05:59:37.899Z] worker: [BOT] ⚠️ Cảnh báo: Phát hiện text nghi ngờ lỗi trên UI, nhưng vẫn tiếp tục chờ...
