[2026-06-15T06:13:59.506Z] job started: type=scene, scene=1
[2026-06-15T06:13:59.508Z] spawn: D:\workspace\Python\App\make film\ai-film-tool\backend\venv\Scripts\python.exe D:\workspace\Python\App\make film\ai-film-tool\backend\python_workers\browser_automation.py --job D:\workspace\Python\App\make film\ai-film-tool\backend\tmp\jobs\-api-generate-flow-scene-1-5d637a4b-f2e1-463f-bbbe-e31eee544219.json
[2026-06-15T06:14:00.273Z] worker: [BOT] 🌐 Đang mở trang web Google Flow...
[2026-06-15T06:14:05.242Z] worker: Progress: opened https://labs.google/fx/vi/tools/flow
[2026-06-15T06:14:05.591Z] worker: [FlowWorker] screenshot: D:\workspace\Python\App\make film\ai-film-tool\backend\generated\_debug\1781504039725_scene_001\02_opened.png
[2026-06-15T06:14:06.951Z] worker: Progress: clicked entry button: Dự án mới
[2026-06-15T06:14:08.624Z] worker: [FlowWorker] screenshot: D:\workspace\Python\App\make film\ai-film-tool\backend\generated\_debug\1781504039725_scene_001\04_after_D_n_m_i.png
[2026-06-15T06:14:08.849Z] worker: Progress: new project control not found; continuing in current Flow workspace
[2026-06-15T06:14:08.895Z] worker: [BOT] 🎬 [1/2] Bắt đầu quá trình tạo Ảnh (Image Generation)...
[2026-06-15T06:14:08.897Z] worker: [BOT] ⚙️ Đang cấu hình cài đặt cho image...
[2026-06-15T06:14:11.681Z] worker: [BOT] ☁️ Đã đẩy 5 file lên hệ thống ngầm.
[2026-06-15T06:14:11.682Z] worker: [BOT] ⏳ Đang chờ 30 giây để đảm bảo tất cả ảnh được tải lên thành công...
[2026-06-15T06:14:41.687Z] worker: [BOT] ☁️ Đang đính kèm lần lượt 5 ảnh vào ô chat...
[2026-06-15T06:14:44.156Z] worker: [BOT] ✅ Đã thêm ref_000.png vào câu lệnh.
[2026-06-15T06:14:47.652Z] worker: [BOT] ✅ Đã thêm ref_001.png vào câu lệnh.
[2026-06-15T06:14:51.134Z] worker: [BOT] ✅ Đã thêm ref_002.png vào câu lệnh.
[2026-06-15T06:14:54.598Z] worker: [BOT] ✅ Đã thêm ref_003.png vào câu lệnh.
[2026-06-15T06:15:01.095Z] worker: [BOT] ⚠️ Không tìm thấy nút 'Thêm vào câu lệnh' cho ref_004.png.
[2026-06-15T06:15:01.097Z] worker: [BOT] ✅ Đính kèm tất cả file thành công!
[2026-06-15T06:15:01.867Z] worker: Progress: filled prompt
[2026-06-15T06:15:01.917Z] worker: Progress: clicked composer submit button
[2026-06-15T06:15:05.177Z] worker: [FlowWorker] screenshot: D:\workspace\Python\App\make film\ai-film-tool\backend\generated\_debug\1781504039725_scene_001\19_after_submit_image.png
[2026-06-15T06:15:05.460Z] worker: Progress: found generated image
[2026-06-15T06:15:13.523Z] worker: Progress: saved image to D:\workspace\Python\App\make film\ai-film-tool\backend\generated\FILM_scene_001_image_1781504048849.png
[2026-06-15T06:15:13.524Z] worker: [BOT] 🎬 [2/2] Bắt đầu quá trình tạo Video từ Ảnh vừa tạo...
[2026-06-15T06:15:13.524Z] worker: [BOT] ⚙️ Đang cấu hình cài đặt cho video...
[2026-06-15T06:15:18.119Z] worker: [BOT] ☁️ Đã đẩy 1 file lên hệ thống ngầm.
[2026-06-15T06:15:18.120Z] worker: [BOT] ⏳ Đang chờ 30 giây để đảm bảo tất cả ảnh được tải lên thành công...
[2026-06-15T06:15:48.139Z] worker: [BOT] ☁️ Đang đính kèm lần lượt 1 ảnh vào ô chat...
[2026-06-15T06:15:51.751Z] worker: [BOT] ✅ Đã thêm FILM_scene_001_image_1781504048849.png vào câu lệnh.
[2026-06-15T06:15:52.770Z] worker: [BOT] ✅ Đính kèm tất cả file thành công!
[2026-06-15T06:15:54.920Z] worker: Progress: filled prompt
[2026-06-15T06:15:54.962Z] worker: Progress: clicked composer submit button
[2026-06-15T06:15:59.647Z] worker: [FlowWorker] screenshot: D:\workspace\Python\App\make film\ai-film-tool\backend\generated\_debug\1781504039725_scene_001\31_after_submit_video.png
