[2026-06-17T04:20:11.933Z] job started: type=scene, scene=1
[2026-06-17T04:20:11.935Z] spawn: D:\workspace\Python\App\make film\ai-film-tool\backend\venv\Scripts\python.exe D:\workspace\Python\App\make film\ai-film-tool\backend\python_workers\browser_automation.py --job D:\workspace\Python\App\make film\ai-film-tool\backend\tmp\jobs\-api-generate-flow-scene-stream-1-5a340540-6c94-4358-b292-460dc949c957.json
[2026-06-17T04:20:12.717Z] worker: [BOT] 🌐 Đang mở trang web Google Flow...
[2026-06-17T04:20:17.744Z] worker: Progress: opened https://labs.google/fx/vi/tools/flow
[2026-06-17T04:20:18.157Z] worker: [FlowWorker] screenshot: D:\workspace\Python\App\make film\ai-film-tool\backend\generated\_debug\1781670012156_scene_001\02_opened.png
[2026-06-17T04:20:18.632Z] worker: Progress: clicked entry button: Dự án mới
[2026-06-17T04:20:22.070Z] worker: [FlowWorker] screenshot: D:\workspace\Python\App\make film\ai-film-tool\backend\generated\_debug\1781670012156_scene_001\04_after_D_n_m_i.png
[2026-06-17T04:20:22.361Z] worker: Progress: new project control not found; continuing in current Flow workspace
[2026-06-17T04:20:22.400Z] worker: [BOT] 🎬 [1/2] Bắt đầu quá trình tạo Ảnh (Image Generation)...
[2026-06-17T04:20:22.401Z] worker: [BOT] ⚙️ Đang cấu hình cài đặt cho image...
[2026-06-17T04:20:27.037Z] worker: [BOT] ☁️ Đã đẩy 5 file lên thư viện cùng lúc (Bulk Upload).
[2026-06-17T04:20:27.038Z] worker: [BOT] ⏳ Đang chờ 25 giây để hệ thống upload xong toàn bộ ảnh...
[2026-06-17T04:20:52.048Z] worker: [BOT] ☁️ Đang đính kèm lần lượt 5 ảnh vào ô chat...
[2026-06-17T04:20:53.878Z] worker: [BOT] ❌ Không tìm thấy ảnh ref_000.png trong thư viện.
[2026-06-17T04:21:02.326Z] worker: [BOT] ✅ Đã ấn xác nhận Thêm ref_001.png vào câu lệnh.
[2026-06-17T04:21:06.737Z] worker: [BOT] ✅ Đã ấn xác nhận Thêm ref_002.png vào câu lệnh.
[2026-06-17T04:21:11.163Z] worker: [BOT] ✅ Đã ấn xác nhận Thêm ref_003.png vào câu lệnh.
[2026-06-17T04:21:15.317Z] worker: [BOT] ⚠️ Không tìm thấy nút 'Thêm vào câu lệnh' cho ref_004.png.
[2026-06-17T04:21:15.318Z] worker: [BOT] ⚠️ Cảnh báo: Chỉ đính kèm được 3/5 ảnh. Vẫn tiếp tục tạo...
[2026-06-17T04:21:15.318Z] worker: [BOT] Attached 3/5 required file(s) successfully.
[2026-06-17T04:21:15.319Z] worker: [BOT] ⏳ Đang chờ hệ thống xử lý ảnh vừa upload...
[2026-06-17T04:21:32.387Z] worker: [BOT] ⌨️ Đang gõ chữ tuần tự...
[2026-06-17T04:21:40.191Z] worker: Progress: filled prompt
[2026-06-17T04:21:41.828Z] worker: Progress: submitted prompt with keyboard
[2026-06-17T04:21:44.835Z] worker: [BOT] ⏳ Đã Submit, đang chờ image hoàn thành...
[2026-06-17T04:21:44.835Z] worker: [BOT] ⏳ Chờ 20s cho chat load...
[2026-06-17T04:22:05.078Z] worker: [BOT] ⏳ Đã tìm thấy image mới, chờ thêm 15s để đảm bảo render 100% hoàn tất...
[2026-06-17T04:22:21.731Z] worker: [BOT] 💾 Đã tải image qua nút Download
[2026-06-17T04:22:21.732Z] event: image_done {"scene_index":1,"result_url":"http://localhost:3000/generated/FILM_scene_001_image_1781670022360.png","local_path":"D:\\workspace\\Python\\App\\make film\\ai-film-tool\\backend\\generated\\FILM_scene_001_image_1781670022360.png"}
[2026-06-17T04:22:21.733Z] worker: [BOT] 🎬 [2/2] Bắt đầu quá trình tạo Video từ Ảnh vừa tạo...
[2026-06-17T04:22:21.733Z] worker: [BOT] ⚙️ Đang cấu hình cài đặt cho video...
[2026-06-17T04:22:25.495Z] worker: [BOT] 🖼️ Sử dụng ảnh vừa tạo trong thư viện thay vì upload lại...
[2026-06-17T04:22:28.752Z] worker: [BOT] Đã click chọn ảnh đầu tiên trong thư viện.
[2026-06-17T04:22:29.045Z] worker: [BOT] ✅ Đã thêm ảnh từ thư viện vào câu lệnh.
[2026-06-17T04:22:32.084Z] worker: [BOT] ⌨️ Đang gõ chữ tuần tự...
[2026-06-17T04:22:39.348Z] worker: Progress: filled prompt
[2026-06-17T04:22:41.001Z] worker: Progress: submitted prompt with keyboard
[2026-06-17T04:22:44.006Z] worker: [BOT] ⏳ Đã Submit, đang chờ video hoàn thành...
[2026-06-17T04:22:44.006Z] worker: [BOT] ⏳ Chờ 20s cho chat load...
[2026-06-17T04:22:58.834Z] worker: [FlowWorker] screenshot failed: Event loop is closed! Is Playwright already stopped?
[2026-06-17T04:22:58.835Z] result: {"status": "error", "message": "Page.wait_for_timeout: Target page, context or browser has been closed. Debug: D:\\workspace\\Python\\App\\make film\\ai-film-tool\\backend\\generated\\_debug\\1781670012156_scene_001"}
[2026-06-17T04:22:58.860Z] failed: Page.wait_for_timeout: Target page, context or browser has been closed. Debug: D:\workspace\Python\App\make film\ai-film-tool\backend\generated\_debug\1781670012156_scene_001
[2026-06-17T04:22:58.860Z] spawn: python D:\workspace\Python\App\make film\ai-film-tool\backend\python_workers\browser_automation.py --job D:\workspace\Python\App\make film\ai-film-tool\backend\tmp\jobs\-api-generate-flow-scene-stream-1-5a340540-6c94-4358-b292-460dc949c957.json
[2026-06-17T04:22:59.660Z] worker: [BOT] 🌐 Đang mở trang web Google Flow...
