[2026-06-17T04:39:57.247Z] job started: type=scene, scene=1
[2026-06-17T04:39:57.248Z] spawn: D:\workspace\Python\App\make film\ai-film-tool\backend\venv\Scripts\python.exe D:\workspace\Python\App\make film\ai-film-tool\backend\python_workers\browser_automation.py --job D:\workspace\Python\App\make film\ai-film-tool\backend\tmp\jobs\-api-generate-flow-scene-stream-1-0263e6ea-ad71-4642-9c91-e5edbd7dd755.json
[2026-06-17T04:39:58.024Z] worker: [BOT] 🌐 Đang mở trang web Google Flow...
[2026-06-17T04:40:03.107Z] worker: Progress: opened https://labs.google/fx/vi/tools/flow
[2026-06-17T04:40:03.493Z] worker: [FlowWorker] screenshot: D:\workspace\Python\App\make film\ai-film-tool\backend\generated\_debug\1781671197464_scene_001\02_opened.png
[2026-06-17T04:40:03.993Z] worker: Progress: clicked entry button: Dự án mới
[2026-06-17T04:40:07.393Z] worker: [FlowWorker] screenshot: D:\workspace\Python\App\make film\ai-film-tool\backend\generated\_debug\1781671197464_scene_001\04_after_D_n_m_i.png
[2026-06-17T04:40:07.658Z] worker: Progress: new project control not found; continuing in current Flow workspace
[2026-06-17T04:40:08.522Z] worker: [BOT] 🎬 [1/2] Bắt đầu quá trình tạo Ảnh (Image Generation)...
[2026-06-17T04:40:08.523Z] worker: [BOT] ⚙️ Đang cấu hình cài đặt cho image...
[2026-06-17T04:40:11.191Z] worker: [BOT] Đã bật lại nút Tác nhân.
[2026-06-17T04:40:14.942Z] worker: [BOT] ☁️ Đã đẩy 5 file lên thư viện cùng lúc (Bulk Upload).
[2026-06-17T04:40:14.942Z] worker: [BOT] ⏳ Đang chờ 25 giây để hệ thống upload xong toàn bộ ảnh...
[2026-06-17T04:40:39.954Z] worker: [BOT] ☁️ Đang đính kèm lần lượt 5 ảnh vào ô chat...
[2026-06-17T04:40:43.826Z] worker: [BOT] ❌ Không tìm thấy ảnh ref_000.png trong thư viện.
[2026-06-17T04:40:47.292Z] worker: [BOT] ✅ Đã ấn xác nhận Thêm ref_001.png vào câu lệnh.
[2026-06-17T04:40:51.805Z] worker: [BOT] ✅ Đã ấn xác nhận Thêm ref_002.png vào câu lệnh.
[2026-06-17T04:40:56.286Z] worker: [BOT] ✅ Đã ấn xác nhận Thêm ref_003.png vào câu lệnh.
[2026-06-17T04:41:00.456Z] worker: [BOT] ⚠️ Không thấy nút 'Thêm', thử click lại option ref_004.png...
[2026-06-17T04:41:00.464Z] worker: [BOT] ⚠️ Cảnh báo: Chỉ đính kèm được 3/5 ảnh. Vẫn tiếp tục tạo...
[2026-06-17T04:41:00.465Z] worker: [BOT] Attached 3/5 required file(s) successfully.
[2026-06-17T04:41:00.466Z] worker: [BOT] ⏳ Đang chờ hệ thống xử lý ảnh vừa upload...
[2026-06-17T04:41:17.524Z] worker: [BOT] ⌨️ Đang gõ chữ tuần tự...
[2026-06-17T04:41:25.352Z] worker: Progress: filled prompt
[2026-06-17T04:41:26.908Z] worker: Progress: submitted prompt with keyboard
[2026-06-17T04:41:29.913Z] worker: [BOT] ⏳ Đã Submit, đang chờ image hoàn thành...
[2026-06-17T04:41:29.915Z] worker: [BOT] ⏳ Chờ 20s cho chat load...
