[2026-06-15T06:07:13.759Z] job started: type=scene, scene=1
[2026-06-15T06:07:13.760Z] spawn: D:\workspace\Python\App\make film\ai-film-tool\backend\venv\Scripts\python.exe D:\workspace\Python\App\make film\ai-film-tool\backend\python_workers\browser_automation.py --job D:\workspace\Python\App\make film\ai-film-tool\backend\tmp\jobs\-api-generate-flow-scene-1-c7c05e79-2f14-43eb-8f56-8a4bb71cfe7e.json
[2026-06-15T06:07:14.558Z] worker: [BOT] 🌐 Đang mở trang web Google Flow...
[2026-06-15T06:07:19.873Z] worker: Progress: opened https://labs.google/fx/vi/tools/flow
[2026-06-15T06:07:20.207Z] worker: [FlowWorker] screenshot: D:\workspace\Python\App\make film\ai-film-tool\backend\generated\_debug\1781503633989_scene_001\02_opened.png
[2026-06-15T06:07:20.652Z] worker: Progress: clicked entry button: Dự án mới
[2026-06-15T06:07:23.247Z] worker: [FlowWorker] screenshot: D:\workspace\Python\App\make film\ai-film-tool\backend\generated\_debug\1781503633989_scene_001\04_after_D_n_m_i.png
[2026-06-15T06:07:23.537Z] worker: Progress: new project control not found; continuing in current Flow workspace
[2026-06-15T06:07:23.567Z] worker: [BOT] 🎬 [1/2] Bắt đầu quá trình tạo Ảnh (Image Generation)...
[2026-06-15T06:07:23.568Z] worker: [BOT] ⚙️ Đang cấu hình cài đặt cho image...
[2026-06-15T06:07:26.204Z] worker: [BOT] ☁️ Đang đính kèm 5 ảnh vào ô chat (sẽ chờ nếu ảnh đang tải lên)...
[2026-06-15T06:07:27.576Z] worker: [BOT] ⏳ Đang tải ref_000.png lên thư viện (có thể mất 10-20s)...
[2026-06-15T06:07:57.789Z] worker: [FlowWorker] screenshot failed: Event loop is closed! Is Playwright already stopped?
[2026-06-15T06:07:57.790Z] result: {"status": "error", "message": "Timeout 30000ms exceeded while waiting for event \"filechooser\"\n=========================== logs ===========================\nwaiting for event \"filechooser\"\n============================================================. Debug: D:\\workspace\\Python\\App\\make film\\ai-film-tool\\backend\\generated\\_debug\\1781503633989_scene_001"}
[2026-06-15T06:07:57.824Z] failed: Timeout 30000ms exceeded while waiting for event "filechooser"
=========================== logs ===========================
waiting for event "filechooser"
============================================================. Debug: D:\workspace\Python\App\make film\ai-film-tool\backend\generated\_debug\1781503633989_scene_001
[2026-06-15T06:07:57.826Z] spawn: python D:\workspace\Python\App\make film\ai-film-tool\backend\python_workers\browser_automation.py --job D:\workspace\Python\App\make film\ai-film-tool\backend\tmp\jobs\-api-generate-flow-scene-1-c7c05e79-2f14-43eb-8f56-8a4bb71cfe7e.json
[2026-06-15T06:07:58.668Z] worker: [BOT] 🌐 Đang mở trang web Google Flow...
