[2026-06-17T06:19:52.691Z] job started: type=scene, scene=1
[2026-06-17T06:19:52.693Z] spawn: D:\workspace\Python\App\make film\ai-film-tool\backend\venv\Scripts\python.exe D:\workspace\Python\App\make film\ai-film-tool\backend\python_workers\browser_automation.py --job D:\workspace\Python\App\make film\ai-film-tool\backend\tmp\jobs\-api-generate-flow-scene-stream-1-c5eb77c1-4390-41f0-b7b1-4d46e2f71faa.json
[2026-06-17T06:19:53.406Z] worker: [BOT] 🌐 Đang mở trang web Google Flow...
[2026-06-17T06:19:58.387Z] worker: Progress: opened https://labs.google/fx/vi/tools/flow
[2026-06-17T06:19:58.778Z] worker: [FlowWorker] screenshot: D:\workspace\Python\App\make film\ai-film-tool\backend\generated\_debug\1781677192885_scene_001\02_opened.png
[2026-06-17T06:19:59.274Z] worker: Progress: clicked entry button: Dự án mới
[2026-06-17T06:20:02.635Z] worker: [FlowWorker] screenshot: D:\workspace\Python\App\make film\ai-film-tool\backend\generated\_debug\1781677192885_scene_001\04_after_D_n_m_i.png
[2026-06-17T06:20:02.848Z] worker: Progress: new project control not found; continuing in current Flow workspace
[2026-06-17T06:20:02.871Z] worker: [BOT] 🎬 [1/2] Bắt đầu quá trình tạo Ảnh (Image Generation)...
[2026-06-17T06:20:02.872Z] worker: [BOT] ⚙️ Đang cấu hình cài đặt cho image...
[2026-06-17T06:20:05.505Z] worker: [BOT] ✅ Đã chọn Tab Hình ảnh
[2026-06-17T06:20:07.292Z] worker: [BOT] ☁️ Đang đính kèm lần lượt 5 ảnh vào ô chat...
[2026-06-17T06:20:09.446Z] worker: [BOT] ☁️ Đã gửi ref_000.png, đang chờ upload...
[2026-06-17T06:20:12.498Z] worker: [BOT] ⏳ Nút 'Thêm vào câu lệnh' chưa sáng, chờ thêm... (round 1)
[2026-06-17T06:20:15.529Z] worker: [BOT] ⏳ Nút 'Thêm vào câu lệnh' chưa sáng, chờ thêm... (round 2)
[2026-06-17T06:20:18.565Z] worker: [BOT] ⏳ Nút 'Thêm vào câu lệnh' chưa sáng, chờ thêm... (round 3)
[2026-06-17T06:20:21.980Z] worker: [BOT] ✅ Đã ấn 'Thêm vào câu lệnh' cho ref_000.png.
[2026-06-17T06:20:25.166Z] worker: [BOT] ☁️ Đã gửi ref_001.png, đang chờ upload...
[2026-06-17T06:20:28.197Z] worker: [BOT] ⏳ Nút 'Thêm vào câu lệnh' chưa sáng, chờ thêm... (round 1)
[2026-06-17T06:20:31.243Z] worker: [BOT] ⏳ Nút 'Thêm vào câu lệnh' chưa sáng, chờ thêm... (round 2)
[2026-06-17T06:20:34.284Z] worker: [BOT] ⏳ Nút 'Thêm vào câu lệnh' chưa sáng, chờ thêm... (round 3)
[2026-06-17T06:20:37.673Z] worker: [BOT] ✅ Đã ấn 'Thêm vào câu lệnh' cho ref_001.png.
[2026-06-17T06:20:40.970Z] worker: [BOT] ☁️ Đã gửi ref_002.png, đang chờ upload...
[2026-06-17T06:20:44.012Z] worker: [BOT] ⏳ Nút 'Thêm vào câu lệnh' chưa sáng, chờ thêm... (round 1)
[2026-06-17T06:20:47.061Z] worker: [BOT] ⏳ Nút 'Thêm vào câu lệnh' chưa sáng, chờ thêm... (round 2)
[2026-06-17T06:20:50.096Z] worker: [BOT] ⏳ Nút 'Thêm vào câu lệnh' chưa sáng, chờ thêm... (round 3)
[2026-06-17T06:20:53.439Z] worker: [BOT] ✅ Đã ấn 'Thêm vào câu lệnh' cho ref_002.png.
[2026-06-17T06:20:56.655Z] worker: [BOT] ☁️ Đã gửi ref_003.png, đang chờ upload...
[2026-06-17T06:20:59.697Z] worker: [BOT] ⏳ Nút 'Thêm vào câu lệnh' chưa sáng, chờ thêm... (round 1)
[2026-06-17T06:21:02.741Z] worker: [BOT] ⏳ Nút 'Thêm vào câu lệnh' chưa sáng, chờ thêm... (round 2)
[2026-06-17T06:21:05.774Z] worker: [BOT] ⏳ Nút 'Thêm vào câu lệnh' chưa sáng, chờ thêm... (round 3)
[2026-06-17T06:21:09.143Z] worker: [BOT] ✅ Đã ấn 'Thêm vào câu lệnh' cho ref_003.png.
[2026-06-17T06:21:12.298Z] worker: [BOT] ☁️ Đã gửi ref_004.png, đang chờ upload...
[2026-06-17T06:21:15.340Z] worker: [BOT] ⏳ Nút 'Thêm vào câu lệnh' chưa sáng, chờ thêm... (round 1)
[2026-06-17T06:21:18.377Z] worker: [BOT] ⏳ Nút 'Thêm vào câu lệnh' chưa sáng, chờ thêm... (round 2)
[2026-06-17T06:21:21.408Z] worker: [BOT] ⏳ Nút 'Thêm vào câu lệnh' chưa sáng, chờ thêm... (round 3)
[2026-06-17T06:21:24.743Z] worker: [BOT] ✅ Đã ấn 'Thêm vào câu lệnh' cho ref_004.png.
[2026-06-17T06:21:25.752Z] worker: [BOT] Attached 5/5 required file(s) successfully.
[2026-06-17T06:21:25.753Z] worker: [BOT] ⏳ Đang chờ hệ thống xử lý ảnh vừa upload...
[2026-06-17T06:21:42.761Z] worker: [BOT] ⌨️ Đang gõ chữ tuần tự...
[2026-06-17T06:21:50.284Z] worker: Progress: filled prompt
[2026-06-17T06:21:50.287Z] worker: [BOT] Baseline: 11 media identifiers đã lưu trước khi submit.
[2026-06-17T06:21:51.931Z] worker: Progress: submitted prompt with keyboard
[2026-06-17T06:21:54.940Z] worker: [BOT] ⏳ Đã Submit, đang chờ image hoàn thành...
[2026-06-17T06:21:59.959Z] worker: [BOT] ⏳ Chờ thêm 15s cho UI ổn định...
[2026-06-17T06:22:15.014Z] worker: [BOT] ⚠️ Cảnh báo: Phát hiện text nghi ngờ lỗi trên UI, nhưng vẫn tiếp tục chờ...
[2026-06-17T06:22:20.053Z] worker: [BOT] ⚠️ Cảnh báo: Phát hiện text nghi ngờ lỗi trên UI, nhưng vẫn tiếp tục chờ...
[2026-06-17T06:22:25.112Z] worker: [BOT] ⚠️ Cảnh báo: Phát hiện text nghi ngờ lỗi trên UI, nhưng vẫn tiếp tục chờ...
[2026-06-17T06:22:30.158Z] worker: [BOT] ⚠️ Cảnh báo: Phát hiện text nghi ngờ lỗi trên UI, nhưng vẫn tiếp tục chờ...
[2026-06-17T06:22:35.212Z] worker: [BOT] ⚠️ Cảnh báo: Phát hiện text nghi ngờ lỗi trên UI, nhưng vẫn tiếp tục chờ...
[2026-06-17T06:22:40.268Z] worker: [BOT] ⚠️ Cảnh báo: Phát hiện text nghi ngờ lỗi trên UI, nhưng vẫn tiếp tục chờ...
[2026-06-17T06:22:45.312Z] worker: [BOT] ⏳ Đã tìm thấy image mới do AI tạo ra, chờ thêm 5s để render 100%...
[2026-06-17T06:22:50.336Z] worker: [BOT] ✅ Đã phát hiện image mới.
[2026-06-17T06:22:50.337Z] worker: [BOT] 🔗 src URL: https://labs.google/fx/api/trpc/media.getMediaUrlRedirect?name=61b74e2d-6d1f-407e-b0bd-a7a0dce552dd...
[2026-06-17T06:22:51.142Z] worker: [BOT] 💾 Đã tải image thành công (content-type: image/jpeg, size: 948965 bytes).
[2026-06-17T06:22:51.143Z] event: image_done {"scene_index":1,"result_url":"http://localhost:3000/generated/FILM_scene_001_image_1781677202848.png","local_path":"D:\\workspace\\Python\\App\\make film\\ai-film-tool\\backend\\generated\\FILM_scene_001_image_1781677202848.png"}
[2026-06-17T06:22:51.144Z] worker: [BOT] 🎬 [2/2] Bắt đầu quá trình tạo Video từ Ảnh vừa tạo...
[2026-06-17T06:22:51.144Z] worker: [BOT] ⚙️ Đang cấu hình cài đặt cho video...
[2026-06-17T06:22:53.799Z] worker: [BOT] ✅ Đã chọn Tab Video
[2026-06-17T06:22:57.108Z] worker: [BOT] ☁️ Đang đính kèm lần lượt 1 ảnh vào ô chat...
[2026-06-17T06:22:59.250Z] worker: [BOT] ☁️ Đã gửi FILM_scene_001_image_1781677202848.png, đang chờ upload...
[2026-06-17T06:23:02.273Z] worker: [BOT] ⏳ Nút 'Thêm vào câu lệnh' chưa sáng, chờ thêm... (round 1)
[2026-06-17T06:23:05.303Z] worker: [BOT] ⏳ Nút 'Thêm vào câu lệnh' chưa sáng, chờ thêm... (round 2)
[2026-06-17T06:23:08.697Z] worker: [BOT] ✅ Đã ấn 'Thêm vào câu lệnh' cho FILM_scene_001_image_1781677202848.png.
[2026-06-17T06:23:09.702Z] worker: [BOT] Attached 1/1 required file(s) successfully.
[2026-06-17T06:23:09.702Z] worker: [BOT] ⏳ Đang chờ hệ thống xử lý ảnh vừa upload...
[2026-06-17T06:23:26.741Z] worker: [BOT] ⌨️ Đang gõ chữ tuần tự...
[2026-06-17T06:23:34.113Z] worker: Progress: filled prompt
[2026-06-17T06:23:34.115Z] worker: [BOT] Baseline: 15 media identifiers đã lưu trước khi submit.
[2026-06-17T06:23:35.710Z] worker: Progress: submitted prompt with keyboard
[2026-06-17T06:23:38.724Z] worker: [BOT] ⏳ Đã Submit, đang chờ video hoàn thành...
[2026-06-17T06:23:43.741Z] worker: [BOT] ⏳ Chờ thêm 15s cho UI ổn định...
[2026-06-17T06:23:58.814Z] worker: [BOT] ⚠️ Cảnh báo: Phát hiện text nghi ngờ lỗi trên UI, nhưng vẫn tiếp tục chờ...
[2026-06-17T06:24:03.899Z] worker: [BOT] ⚠️ Cảnh báo: Phát hiện text nghi ngờ lỗi trên UI, nhưng vẫn tiếp tục chờ...
[2026-06-17T06:24:09.001Z] worker: [BOT] ⚠️ Cảnh báo: Phát hiện text nghi ngờ lỗi trên UI, nhưng vẫn tiếp tục chờ...
[2026-06-17T06:24:14.060Z] worker: [BOT] ⚠️ Cảnh báo: Phát hiện text nghi ngờ lỗi trên UI, nhưng vẫn tiếp tục chờ...
[2026-06-17T06:24:19.150Z] worker: [BOT] ⚠️ Cảnh báo: Phát hiện text nghi ngờ lỗi trên UI, nhưng vẫn tiếp tục chờ...
[2026-06-17T06:24:24.212Z] worker: [BOT] ⚠️ Cảnh báo: Phát hiện text nghi ngờ lỗi trên UI, nhưng vẫn tiếp tục chờ...
[2026-06-17T06:24:29.281Z] worker: [BOT] ⚠️ Cảnh báo: Phát hiện text nghi ngờ lỗi trên UI, nhưng vẫn tiếp tục chờ...
[2026-06-17T06:24:34.347Z] worker: [BOT] ⚠️ Cảnh báo: Phát hiện text nghi ngờ lỗi trên UI, nhưng vẫn tiếp tục chờ...
[2026-06-17T06:24:39.408Z] worker: [BOT] ⚠️ Cảnh báo: Phát hiện text nghi ngờ lỗi trên UI, nhưng vẫn tiếp tục chờ...
