[2026-06-15T06:09:49.901Z] job started: type=scene, scene=1
[2026-06-15T06:09:49.902Z] spawn: D:\workspace\Python\App\make film\ai-film-tool\backend\venv\Scripts\python.exe D:\workspace\Python\App\make film\ai-film-tool\backend\python_workers\browser_automation.py --job D:\workspace\Python\App\make film\ai-film-tool\backend\tmp\jobs\-api-generate-flow-scene-1-3e832c95-ce44-4c11-a988-e426ee8f6dfd.json
[2026-06-15T06:09:50.688Z] worker: [BOT] 🌐 Đang mở trang web Google Flow...
[2026-06-15T06:09:55.553Z] worker: Progress: opened https://labs.google/fx/vi/tools/flow
[2026-06-15T06:09:56.008Z] worker: [FlowWorker] screenshot: D:\workspace\Python\App\make film\ai-film-tool\backend\generated\_debug\1781503790126_scene_001\02_opened.png
[2026-06-15T06:09:56.617Z] worker: Progress: clicked entry button: Dự án mới
[2026-06-15T06:09:59.232Z] worker: [FlowWorker] screenshot: D:\workspace\Python\App\make film\ai-film-tool\backend\generated\_debug\1781503790126_scene_001\04_after_D_n_m_i.png
[2026-06-15T06:09:59.545Z] worker: Progress: new project control not found; continuing in current Flow workspace
[2026-06-15T06:09:59.574Z] worker: [BOT] 🎬 [1/2] Bắt đầu quá trình tạo Ảnh (Image Generation)...
[2026-06-15T06:09:59.575Z] worker: [BOT] ⚙️ Đang cấu hình cài đặt cho image...
[2026-06-15T06:10:02.512Z] worker: [BOT] ☁️ Đã đẩy 5 file lên hệ thống ngầm.
[2026-06-15T06:10:02.513Z] worker: [BOT] ⏳ Đang chờ 30 giây để đảm bảo tất cả ảnh được tải lên thành công...
[2026-06-15T06:10:32.526Z] worker: [BOT] ☁️ Đang đính kèm lần lượt 5 ảnh vào ô chat...
[2026-06-15T06:10:34.956Z] worker: [BOT] ✅ Đã thêm ref_000.png vào câu lệnh.
[2026-06-15T06:10:38.396Z] worker: [BOT] ✅ Đã thêm ref_001.png vào câu lệnh.
[2026-06-15T06:10:41.872Z] worker: [BOT] ✅ Đã thêm ref_002.png vào câu lệnh.
[2026-06-15T06:10:45.316Z] worker: [BOT] ✅ Đã thêm ref_003.png vào câu lệnh.
[2026-06-15T06:11:18.962Z] worker: [FlowWorker] screenshot failed: Event loop is closed! Is Playwright already stopped?
[2026-06-15T06:11:18.962Z] result: {"status": "error", "message": "Locator.click: Timeout 30000ms exceeded.\nCall log:\n  - waiting for locator(\"img[alt='ref_004.png']\").first\n. Debug: D:\\workspace\\Python\\App\\make film\\ai-film-tool\\backend\\generated\\_debug\\1781503790126_scene_001"}
[2026-06-15T06:11:18.983Z] failed: Locator.click: Timeout 30000ms exceeded.
Call log:
  - waiting for locator("img[alt='ref_004.png']").first
. Debug: D:\workspace\Python\App\make film\ai-film-tool\backend\generated\_debug\1781503790126_scene_001
[2026-06-15T06:11:18.983Z] spawn: python D:\workspace\Python\App\make film\ai-film-tool\backend\python_workers\browser_automation.py --job D:\workspace\Python\App\make film\ai-film-tool\backend\tmp\jobs\-api-generate-flow-scene-1-3e832c95-ce44-4c11-a988-e426ee8f6dfd.json
[2026-06-15T06:11:19.765Z] worker: [BOT] 🌐 Đang mở trang web Google Flow...
[2026-06-15T06:11:24.958Z] worker: Progress: opened https://labs.google/fx/vi/tools/flow
[2026-06-15T06:11:25.264Z] worker: [FlowWorker] screenshot: D:\workspace\Python\App\make film\ai-film-tool\backend\generated\_debug\1781503879193_scene_001\02_opened.png
[2026-06-15T06:11:25.737Z] worker: Progress: clicked entry button: Dự án mới
[2026-06-15T06:11:28.379Z] worker: [FlowWorker] screenshot: D:\workspace\Python\App\make film\ai-film-tool\backend\generated\_debug\1781503879193_scene_001\04_after_D_n_m_i.png
[2026-06-15T06:11:33.010Z] worker: Progress: new project control not found; continuing in current Flow workspace
[2026-06-15T06:11:33.058Z] worker: [BOT] 🎬 [1/2] Bắt đầu quá trình tạo Ảnh (Image Generation)...
[2026-06-15T06:11:33.058Z] worker: [BOT] ⚙️ Đang cấu hình cài đặt cho image...
